1000
0	2.582097e-01	7.561544e-01	1.398632e+00
1	2.144768e-01	2.677728e-01	1.064485e+00
2	1.739670e-01	8.285290e-01	1.108451e+00
3	2.623404e-01	7.455796e-01	2.925745e+00
4	2.183166e-01	2.107408e-01	2.732291e+00
5	2.225869e-01	2.049605e-01	1.257938e+00
6	2.597958e-01	2.209456e-01	2.424524e+00
7	2.537252e-01	4.801141e-01	1.383000e+00
8	2.528437e-01	4.677869e-01	2.705911e+00
9	2.331587e-01	5.514561e-01	2.526136e+00
10	2.734717e-01	6.764663e-01	2.442110e+00
11	2.525092e-01	4.106316e-01	2.233024e+00
12	2.340770e-01	5.410616e-01	2.376649e+00
13	2.337090e-01	5.585542e-01	2.799707e+00
14	2.557514e-01	7.205860e-01	1.556913e+00
15	2.489058e-01	4.835478e-01	2.950171e+00
16	2.335428e-01	5.476289e-01	1.066439e+00
17	2.535364e-01	7.249705e-01	1.626282e+00
18	2.623760e-01	6.197673e-01	1.306790e+00
19	2.527487e-01	7.590421e-01	2.902296e+00
20	2.293810e-01	5.372908e-01	1.762091e+00
21	2.470816e-01	2.461682e-01	1.195408e+00
22	2.541536e-01	7.172559e-01	1.785540e+00
23	2.512086e-01	2.156977e-01	1.248168e+00
24	2.502333e-01	7.552511e-01	1.863703e+00
25	2.473702e-01	2.509527e-01	2.671715e+00
26	2.484995e-01	2.273978e-01	2.487054e+00
27	2.467600e-01	4.793974e-01	1.946751e+00
28	2.413835e-01	4.911703e-01	1.303859e+00
29	2.579140e-01	6.155201e-01	2.152907e+00
30	2.481747e-01	2.257769e-01	1.388862e+00
31	2.245489e-01	5.430036e-01	1.534441e+00
32	2.052104e-01	2.019532e-01	1.591109e+00
33	2.699364e-01	6.766141e-01	2.205667e+00
34	2.482995e-01	2.479949e-01	2.181241e+00
35	2.685254e-01	4.190105e-01	1.475818e+00
36	2.070163e-01	2.009357e-01	2.309233e+00
37	2.510831e-01	6.175319e-01	2.073766e+00
38	2.204026e-01	5.490968e-01	1.918417e+00
39	2.646744e-01	6.678010e-01	2.331705e+00
40	2.068475e-01	2.003296e-01	1.126038e+00
41	2.467001e-01	2.408928e-01	2.235955e+00
42	2.480839e-01	6.152852e-01	2.805569e+00
43	2.352952e-01	4.917647e-01	2.819248e+00
44	2.021188e-01	1.951829e-01	2.555447e+00
45	2.296999e-01	2.819065e-01	2.666830e+00
46	2.076174e-01	2.200494e-01	2.559355e+00
47	2.589803e-01	3.923408e-01	1.895945e+00
48	2.697412e-01	6.254634e-01	1.282364e+00
49	2.589160e-01	6.733175e-01	2.024915e+00
50	2.684264e-01	4.213900e-01	2.750855e+00
51	2.325583e-01	7.331502e-01	2.412799e+00
52	2.360819e-01	7.278559e-01	2.557401e+00
53	2.443285e-01	2.318657e-01	1.648754e+00
54	2.386849e-01	2.172472e-01	1.721055e+00
55	2.389807e-01	2.140897e-01	2.588666e+00
56	2.452011e-01	2.301307e-01	1.525647e+00
57	2.302793e-01	7.488186e-01	2.751832e+00
58	2.586573e-01	4.221856e-01	2.625794e+00
59	2.633515e-01	6.712715e-01	1.663410e+00
60	2.525863e-01	6.683995e-01	1.993649e+00
61	2.316434e-01	7.399526e-01	2.560332e+00
62	2.620208e-01	7.731480e-01	1.696629e+00
63	2.617421e-01	7.736684e-01	1.506106e+00
64	2.632653e-01	7.765497e-01	2.675623e+00
65	2.721974e-01	4.269210e-01	2.497802e+00
66	2.612246e-01	6.725349e-01	1.031265e+00
67	2.372857e-01	2.460601e-01	2.361993e+00
68	2.368539e-01	2.129233e-01	1.866634e+00
69	2.093776e-01	5.476867e-01	2.930630e+00
70	2.304170e-01	7.155533e-01	1.503175e+00
71	2.359246e-01	4.547570e-01	1.135809e+00
72	2.962517e-01	6.552194e-01	2.449927e+00
73	1.861794e-01	2.037832e-01	2.831949e+00
74	2.282012e-01	7.170648e-01	2.317049e+00
75	2.256682e-01	7.582751e-01	2.353200e+00
76	2.316937e-01	7.365715e-01	2.575965e+00
77	2.410124e-01	4.549058e-01	2.922814e+00
78	2.939120e-01	6.431265e-01	2.289692e+00
79	2.349696e-01	6.732817e-01	2.766488e+00
80	2.511377e-01	4.230919e-01	1.522716e+00
81	2.502286e-01	7.576421e-01	2.769419e+00
82	2.414416e-01	4.568801e-01	1.110405e+00
83	2.648061e-01	3.607918e-01	1.554958e+00
84	2.609108e-01	3.504314e-01	1.718124e+00
85	2.234468e-01	7.218261e-01	1.412311e+00
86	2.683533e-01	4.335117e-01	1.951637e+00
87	2.361637e-01	4.583166e-01	1.449438e+00
88	2.289632e-01	2.344969e-01	2.176356e+00
89	2.301584e-01	5.615155e-01	1.066439e+00
90	2.369928e-01	4.713223e-01	1.212995e+00
91	2.194254e-01	7.543716e-01	1.872496e+00
92	2.435258e-01	7.496078e-01	1.606742e+00
93	2.187073e-01	7.528867e-01	1.183683e+00
94	2.585076e-01	3.571318e-01	1.482658e+00
95	2.281246e-01	2.229343e-01	2.514411e+00
96	2.890858e-01	6.530720e-01	2.736199e+00
97	2.881500e-01	6.501503e-01	1.617489e+00
98	2.378949e-01	7.679256e-01	2.456766e+00
99	2.855371e-01	5.984310e-01	1.406448e+00
100	2.336933e-01	4.628434e-01	2.453835e+00
101	2.243313e-01	2.504849e-01	2.084514e+00
102	2.862117e-01	6.600499e-01	2.712750e+00
103	1.952295e-01	2.217545e-01	2.877870e+00
104	2.212234e-01	2.513287e-01	1.533464e+00
105	2.658956e-01	4.245950e-01	2.169516e+00
106	2.594540e-01	4.428749e-01	2.160723e+00
107	2.769139e-01	6.416969e-01	2.483146e+00
108	2.521764e-01	3.628902e-01	1.538349e+00
109	2.861261e-01	6.605342e-01	1.117245e+00
110	2.193035e-01	2.148384e-01	2.709819e+00
111	2.289959e-01	4.656400e-01	2.039570e+00
112	2.187938e-01	2.193104e-01	2.929653e+00
113	2.852852e-01	6.306318e-01	2.125550e+00
114	2.621477e-01	4.188156e-01	2.148999e+00
115	2.489867e-01	3.561114e-01	2.027846e+00
116	2.746986e-01	6.057888e-01	1.206155e+00
117	2.219523e-01	2.176669e-01	2.689301e+00
118	2.849630e-01	6.303169e-01	1.997557e+00
119	2.274088e-01	4.700047e-01	1.753298e+00
120	2.711768e-01	6.469958e-01	1.491451e+00
121	2.478176e-01	7.597898e-01	2.381534e+00
122	2.565121e-01	4.275487e-01	1.837323e+00
123	3.151464e-01	7.549524e-01	2.723498e+00
124	2.541718e-01	3.331082e-01	2.429409e+00
125	2.179429e-01	2.488802e-01	2.633610e+00
126	2.829405e-01	6.246528e-01	1.216903e+00
127	2.764713e-01	6.093648e-01	1.385931e+00
128	2.187720e-01	2.501354e-01	1.470933e+00
129	2.240421e-01	4.604018e-01	1.094773e+00
130	2.772491e-01	6.421901e-01	1.887152e+00
131	2.085376e-01	2.286643e-01	1.869565e+00
132	2.727630e-01	5.888629e-01	2.657059e+00
133	2.542796e-01	4.210655e-01	1.905716e+00
134	3.023351e-01	7.694146e-01	2.319980e+00
135	2.206445e-01	4.623090e-01	1.549096e+00
136	2.128199e-01	2.093128e-01	1.155349e+00
137	2.716961e-01	5.966906e-01	1.261847e+00
138	2.720581e-01	5.922995e-01	1.308745e+00
139	2.513453e-01	4.287409e-01	1.148510e+00
140	2.136254e-01	2.482195e-01	1.692721e+00
141	2.115407e-01	2.272645e-01	1.865657e+00
142	2.695412e-01	6.466496e-01	2.988276e+00
143	2.916565e-01	7.990514e-01	1.479726e+00
144	2.469446e-01	4.315073e-01	1.016610e+00
145	2.675796e-01	6.444049e-01	2.095261e+00
146	2.670403e-01	6.045398e-01	2.442110e+00
147	2.933413e-01	7.977560e-01	1.070347e+00
148	2.107079e-01	2.206175e-01	1.417196e+00
149	2.754274e-01	7.212333e-01	2.817294e+00
150	2.937244e-01	7.987077e-01	1.164143e+00
151	2.694779e-01	6.422973e-01	2.738153e+00
152	2.928942e-01	3.832400e-01	2.338544e+00
153	2.439350e-01	4.351746e-01	1.282364e+00
154	2.698102e-01	6.467577e-01	2.676600e+00
155	2.450983e-01	4.341174e-01	2.443087e+00
156	2.413927e-01	4.418280e-01	2.375672e+00
157	2.711697e-01	7.171634e-01	1.220811e+00
158	2.944209e-01	7.977637e-01	2.208598e+00
159	2.838768e-01	7.130123e-01	2.407914e+00
160	2.146079e-01	2.438483e-01	2.195896e+00
161	2.133776e-01	2.348737e-01	1.407426e+00
162	2.661360e-01	6.170412e-01	2.277968e+00
163	2.127042e-01	2.395731e-01	1.134831e+00
164	2.620486e-01	7.556795e-01	2.409868e+00
165	2.666037e-01	7.524889e-01	2.083537e+00
166	2.594736e-01	5.972223e-01	2.286761e+00
167	2.665305e-01	6.481828e-01	1.194431e+00
168	2.577517e-01	6.092519e-01	2.818271e+00
169	2.660084e-01	6.974308e-01	2.827064e+00
170	2.629373e-01	7.373784e-01	1.684905e+00
171	3.075893e-01	3.704010e-01	1.999511e+00
172	2.745659e-01	7.650908e-01	1.956522e+00
173	3.450925e-01	3.175287e-01	1.409380e+00
174	3.075270e-01	3.771561e-01	2.323889e+00
175	2.654056e-01	7.368800e-01	2.501710e+00
176	2.694587e-01	7.548395e-01	2.395213e+00
177	2.683316e-01	7.528716e-01	2.719590e+00
178	2.979213e-01	4.520252e-01	2.937469e+00
179	2.615122e-01	6.461113e-01	2.803615e+00
180	2.575170e-01	6.521993e-01	1.322423e+00
181	2.296647e-01	2.472778e-01	2.019052e+00
182	2.632174e-01	6.487471e-01	1.794333e+00
183	2.710428e-01	7.571621e-01	2.611138e+00
184	2.683263e-01	7.487390e-01	1.724963e+00
185	3.097025e-01	2.173182e-01	1.983879e+00
186	2.694188e-01	7.375685e-01	2.181241e+00
187	3.287883e-01	4.334164e-01	2.437225e+00
188	2.603398e-01	7.143216e-01	1.295066e+00
189	2.566687e-01	6.428063e-01	1.970200e+00
190	2.483974e-01	6.040337e-01	2.387396e+00
191	2.583253e-01	6.012771e-01	2.386419e+00
192	3.044076e-01	2.222458e-01	2.647289e+00
193	2.529100e-01	6.347861e-01	1.686859e+00
194	2.740343e-01	2.356526e-01	1.549096e+00
195	3.128308e-01	2.862878e-01	1.553981e+00
196	2.623247e-01	7.743135e-01	1.764045e+00
197	2.551546e-01	6.449541e-01	1.632145e+00
198	3.426408e-01	3.199992e-01	2.230093e+00
199	3.386081e-01	4.305440e-01	1.235467e+00
200	2.755100e-01	7.484704e-01	2.251588e+00
201	2.546897e-01	7.966795e-01	1.751343e+00
202	3.616370e-01	4.246711e-01	1.715193e+00
203	2.954717e-01	2.282471e-01	2.109917e+00
204	2.741280e-01	7.540366e-01	2.137274e+00
205	3.587574e-01	5.042044e-01	2.099170e+00
206	2.679484e-01	7.342614e-01	2.057157e+00
207	3.338055e-01	3.374322e-01	2.246702e+00
208	2.760291e-01	7.577309e-01	1.894968e+00
209	2.545816e-01	6.598808e-01	2.453835e+00
210	2.463742e-01	6.343731e-01	2.834880e+00
211	3.640706e-01	3.449780e-01	2.215437e+00
212	2.521223e-01	7.159875e-01	2.153884e+00
213	2.559453e-01	6.594276e-01	2.475330e+00
214	2.928721e-01	2.154670e-01	1.274548e+00
215	2.593674e-01	6.355814e-01	2.127504e+00
216	3.309775e-01	3.300691e-01	1.697606e+00
217	3.940491e-01	3.644927e-01	1.790425e+00
218	3.322779e-01	2.297982e-01	1.736688e+00
219	2.455542e-01	7.804673e-01	1.692721e+00
220	2.433831e-01	6.454262e-01	2.042501e+00
221	3.606099e-01	4.227024e-01	1.468979e+00
222	2.498299e-01	7.786959e-01	1.784563e+00
223	2.431004e-01	7.934967e-01	1.068393e+00
224	3.291251e-01	3.232186e-01	2.269174e+00
225	3.253932e-01	3.159207e-01	2.653151e+00
226	3.573269e-01	4.302259e-01	1.839277e+00
227	3.545447e-01	7.164715e-01	1.175867e+00
228	3.902188e-01	3.703964e-01	2.807523e+00
229	3.521481e-01	4.269646e-01	2.811431e+00
230	3.562424e-01	4.143078e-01	1.192477e+00
231	3.156368e-01	3.221072e-01	1.897899e+00
232	3.047208e-01	2.244057e-01	1.620420e+00
233	3.248973e-01	2.323325e-01	2.624817e+00
234	3.556687e-01	4.164432e-01	2.806546e+00
235	3.609553e-01	4.199399e-01	1.763068e+00
236	3.221105e-01	3.337123e-01	1.890083e+00
237	3.866445e-01	5.003715e-01	2.060088e+00
238	3.234237e-01	2.230285e-01	2.458720e+00
239	3.864706e-01	3.705995e-01	2.463605e+00
240	3.843056e-01	5.061643e-01	1.141671e+00
241	3.674110e-01	4.451617e-01	1.146556e+00
242	2.470365e-01	6.436489e-01	1.395701e+00
243	2.446620e-01	7.341274e-01	1.755252e+00
244	2.473596e-01	6.448386e-01	2.486077e+00
245	3.650545e-01	7.261785e-01	2.901319e+00
246	3.471066e-01	4.295150e-01	2.123596e+00
247	3.812221e-01	5.131756e-01	1.652662e+00
248	3.856129e-01	3.793708e-01	1.199316e+00
249	3.543477e-01	2.198408e-01	1.211041e+00
250	2.456290e-01	6.541746e-01	2.170493e+00
251	3.184328e-01	2.362288e-01	2.733268e+00
252	2.587362e-01	6.433128e-01	1.545188e+00
253	3.527986e-01	4.123646e-01	1.376160e+00
254	3.558172e-01	7.081232e-01	1.621397e+00
255	3.556275e-01	7.103047e-01	1.883244e+00
256	3.561233e-01	7.086191e-01	1.612604e+00
257	3.005944e-01	6.768605e-01	2.909135e+00
258	3.462561e-01	3.698335e-01	1.354665e+00
259	3.795376e-01	3.801931e-01	2.770396e+00
260	3.028805e-01	3.343551e-01	2.148999e+00
261	3.055235e-01	7.369516e-01	2.624817e+00
262	3.777456e-01	4.905327e-01	1.126038e+00
263	3.679886e-01	4.944850e-01	2.481192e+00
264	3.508893e-01	7.368859e-01	2.697118e+00
265	3.753663e-01	3.760382e-01	1.938935e+00
266	3.064359e-01	2.720858e-01	1.854910e+00
267	3.690699e-01	5.014431e-01	1.909624e+00
268	3.687504e-01	7.437413e-01	2.625794e+00
269	3.141945e-01	7.005500e-01	1.564729e+00
270	3.379116e-01	4.125489e-01	2.984367e+00
271	3.676339e-01	5.191169e-01	2.497802e+00
272	3.674397e-01	5.184285e-01	1.802149e+00
273	3.115654e-01	2.273695e-01	2.693210e+00
274	3.460914e-01	7.271949e-01	2.276014e+00
275	3.555172e-01	2.291436e-01	1.004885e+00
276	2.678576e-01	6.566989e-01	1.245237e+00
277	3.532068e-01	2.204161e-01	2.910112e+00
278	3.666288e-01	3.833135e-01	1.489497e+00
279	3.711971e-01	4.619381e-01	2.305325e+00
280	3.622711e-01	5.076935e-01	2.963850e+00
281	3.682275e-01	3.825209e-01	2.689301e+00
282	3.363064e-01	2.092487e-01	1.346849e+00
283	3.713694e-01	3.938398e-01	2.447973e+00
284	3.700841e-01	3.669111e-01	1.591109e+00
285	3.357551e-01	7.173368e-01	1.931119e+00
286	4.037560e-01	7.399716e-01	1.473864e+00
287	3.679366e-01	4.628990e-01	2.687347e+00
288	3.686765e-01	3.562088e-01	2.787982e+00
289	3.333956e-01	2.105492e-01	1.510015e+00
290	3.956186e-01	7.285828e-01	1.850024e+00
291	3.564758e-01	3.781392e-01	2.193942e+00
292	3.679624e-01	3.824635e-01	2.918906e+00
293	4.027868e-01	5.283630e-01	1.734734e+00
294	3.737510e-01	5.144896e-01	1.119199e+00
295	3.255833e-01	7.322447e-01	1.631168e+00
296	3.163156e-01	2.174814e-01	1.258915e+00
297	3.358426e-01	2.282131e-01	2.458720e+00
298	3.395151e-01	2.047508e-01	2.134343e+00
299	3.278386e-01	7.195821e-01	2.662921e+00
300	3.629970e-01	3.930781e-01	2.924768e+00
301	3.302337e-01	2.368299e-01	2.983390e+00
302	3.938849e-01	7.262924e-01	2.305325e+00
303	3.845603e-01	7.124022e-01	2.763556e+00
304	3.844313e-01	7.535937e-01	2.374695e+00
305	3.259337e-01	7.187076e-01	1.703468e+00
306	3.714573e-01	3.626563e-01	1.246214e+00
307	3.900671e-01	7.570381e-01	2.993161e+00
308	3.955820e-01	5.238747e-01	2.925745e+00
309	3.328947e-01	2.170116e-01	1.857841e+00
310	3.557638e-01	4.607071e-01	2.601368e+00
311	3.606632e-01	3.937621e-01	2.413776e+00
312	3.532637e-01	4.465357e-01	2.569126e+00
313	3.527140e-01	2.418932e-01	2.051295e+00
314	3.469567e-01	6.975820e-01	1.865657e+00
315	3.805412e-01	6.426616e-01	1.048852e+00
316	3.249148e-01	2.341933e-01	2.574988e+00
317	3.504085e-01	3.833304e-01	1.598925e+00
318	3.917036e-01	7.540791e-01	2.264289e+00
319	3.912913e-01	5.087673e-01	1.176844e+00
320	3.899389e-01	7.535193e-01	1.061553e+00
321	3.860539e-01	5.161139e-01	2.460674e+00
322	3.516308e-01	3.822554e-01	2.526136e+00
323	3.863003e-01	5.163924e-01	2.587689e+00
324	3.818834e-01	7.417650e-01	1.928188e+00
325	3.512460e-01	4.589847e-01	2.006351e+00
326	3.522494e-01	4.602356e-01	1.041036e+00
327	3.467043e-01	3.802102e-01	1.793356e+00
328	3.849230e-01	5.139627e-01	1.312653e+00
329	3.834048e-01	7.433562e-01	1.860772e+00
330	4.096378e-01	3.680359e-01	1.389839e+00
331	3.985366e-01	4.000165e-01	1.052760e+00
332	3.847035e-01	7.446450e-01	1.156326e+00
333	3.699037e-01	2.219786e-01	1.425012e+00
334	3.963893e-01	6.134204e-01	1.981925e+00
335	3.810804e-01	5.378572e-01	2.256473e+00
336	3.697588e-01	7.363021e-01	2.368832e+00
337	3.894558e-01	5.601201e-01	2.024915e+00
338	4.111597e-01	3.241407e-01	1.087934e+00
339	3.812480e-01	5.389835e-01	1.266732e+00
340	3.760741e-01	7.345014e-01	1.348803e+00
341	3.823077e-01	5.151771e-01	2.472399e+00
342	4.003807e-01	3.764401e-01	2.288715e+00
343	3.822866e-01	7.502904e-01	1.972154e+00
344	4.191356e-01	4.203093e-01	2.745970e+00
345	4.164972e-01	4.157100e-01	2.490962e+00
346	3.813101e-01	7.428423e-01	2.515388e+00
347	3.786301e-01	7.333250e-01	1.545188e+00
348	3.722015e-01	7.176668e-01	2.662921e+00
349	3.823521e-01	5.609061e-01	2.264289e+00
350	3.935316e-01	4.077003e-01	2.905227e+00
351	4.161742e-01	4.237151e-01	1.058622e+00
352	3.731856e-01	5.459246e-01	2.764533e+00
353	3.697079e-01	7.203317e-01	2.152907e+00
354	4.283277e-01	6.570791e-01	2.784074e+00
355	3.846526e-01	3.883587e-01	2.445042e+00
356	3.732872e-01	5.352083e-01	2.852467e+00
357	3.727828e-01	7.273687e-01	2.070835e+00
358	3.740156e-01	5.089338e-01	1.406448e+00
359	4.223485e-01	3.155696e-01	1.751343e+00
360	3.721285e-01	7.194148e-01	2.077675e+00
361	3.905638e-01	4.104101e-01	1.601856e+00
362	3.751052e-01	7.372636e-01	2.012213e+00
363	4.322475e-01	2.242627e-01	1.417196e+00
364	3.784634e-01	3.845758e-01	2.048363e+00
365	3.694162e-01	5.470380e-01	2.781143e+00
366	4.120939e-01	3.999121e-01	2.779189e+00
367	3.881688e-01	7.380022e-01	2.617978e+00
368	4.397593e-01	2.227281e-01	2.517342e+00
369	3.682841e-01	7.246296e-01	1.698583e+00
370	4.440296e-01	2.332857e-01	1.284319e+00
371	4.603047e-01	2.677692e-01	1.948705e+00
372	3.838923e-01	4.147399e-01	1.416219e+00
373	4.352672e-01	6.523181e-01	1.745481e+00
374	4.352969e-01	6.548472e-01	1.994626e+00
375	3.915051e-01	7.587239e-01	2.291646e+00
376	4.596264e-01	2.651764e-01	1.868588e+00
377	3.827194e-01	3.966044e-01	2.511480e+00
378	3.777360e-01	7.538507e-01	2.596483e+00
379	3.692369e-01	3.774248e-01	2.855398e+00
380	4.297948e-01	2.965127e-01	2.172447e+00
381	3.712751e-01	3.797811e-01	1.312653e+00
382	3.652992e-01	3.761289e-01	1.787494e+00
383	3.782780e-01	3.809281e-01	2.252565e+00
384	4.101857e-01	4.011240e-01	1.978017e+00
385	4.115197e-01	3.968304e-01	2.965804e+00
386	3.678605e-01	7.119141e-01	2.221299e+00
387	3.833227e-01	3.989963e-01	1.701514e+00
388	3.812838e-01	5.328211e-01	1.135809e+00
389	3.747195e-01	3.769194e-01	2.997069e+00
390	4.288635e-01	6.495997e-01	2.470445e+00
391	3.746401e-01	4.045506e-01	2.362970e+00
392	4.642288e-01	2.756150e-01	2.553493e+00
393	3.696302e-01	4.142018e-01	1.347826e+00
394	3.844733e-01	5.225803e-01	2.896434e+00
395	3.829238e-01	7.511799e-01	1.857841e+00
396	3.782783e-01	5.363773e-01	1.669272e+00
397	4.624086e-01	2.671654e-01	1.726917e+00
398	4.682812e-01	6.337856e-01	2.604299e+00
399	3.808442e-01	7.580895e-01	2.089399e+00
400	5.081471e-01	2.297442e-01	1.552027e+00
401	5.080116e-01	2.425326e-01	1.769907e+00
402	3.754133e-01	5.375378e-01	1.382022e+00
403	4.088001e-01	4.213437e-01	2.510503e+00
404	4.583780e-01	2.693930e-01	1.640938e+00
405	3.799082e-01	7.351717e-01	2.933561e+00
406	5.091780e-01	2.526558e-01	1.033219e+00
407	3.768178e-01	7.599670e-01	1.408403e+00
408	4.599652e-01	6.292459e-01	2.767465e+00
409	3.773199e-01	7.343659e-01	1.526624e+00
410	4.060634e-01	4.091141e-01	1.456277e+00
411	5.087681e-01	2.498913e-01	1.054714e+00
412	3.788407e-01	7.383691e-01	2.601368e+00
413	4.508277e-01	7.545572e-01	2.193942e+00
414	4.150257e-01	5.195388e-01	2.321935e+00
415	3.742231e-01	5.317689e-01	1.564729e+00
416	4.022905e-01	4.002828e-01	1.679043e+00
417	3.876895e-01	5.262507e-01	2.034685e+00
418	5.069320e-01	2.490585e-01	2.564240e+00
419	4.031314e-01	4.251443e-01	2.311187e+00
420	4.596156e-01	6.381584e-01	1.297997e+00
421	4.623821e-01	6.326966e-01	2.873962e+00
422	4.603594e-01	6.401250e-01	2.202736e+00
423	4.018175e-01	4.038117e-01	2.653151e+00
424	5.015919e-01	2.270060e-01	1.693698e+00
425	4.139407e-01	7.481802e-01	2.461651e+00
426	4.012832e-01	3.981595e-01	1.679043e+00
427	4.549496e-01	6.462713e-01	2.991207e+00
428	4.389715e-01	4.992300e-01	2.857352e+00
429	3.984700e-01	3.935506e-01	1.913532e+00
430	4.978428e-01	2.221346e-01	1.216903e+00
431	4.388506e-01	4.982618e-01	1.214949e+00
432	5.008270e-01	2.239010e-01	2.294577e+00
433	5.052225e-01	2.558383e-01	1.005862e+00
434	3.942650e-01	3.987317e-01	2.227162e+00
435	4.959035e-01	2.711808e-01	1.723009e+00
436	4.893553e-01	7.601773e-01	1.113337e+00
437	4.110539e-01	7.574996e-01	1.491451e+00
438	3.970001e-01	4.242001e-01	1.692721e+00
439	4.994112e-01	2.289806e-01	1.154372e+00
440	4.949054e-01	2.250516e-01	1.851001e+00
441	3.937693e-01	4.133623e-01	2.418661e+00
442	5.041260e-01	2.613977e-01	1.874450e+00
443	4.958438e-01	2.227910e-01	1.591109e+00
444	4.958710e-01	2.399089e-01	2.199805e+00
445	4.478473e-01	6.507652e-01	2.208598e+00
446	3.952866e-01	4.145214e-01	1.322423e+00
447	4.530966e-01	6.426459e-01	2.361016e+00
448	4.479319e-01	7.555659e-01	1.207132e+00
449	4.458213e-01	7.469818e-01	2.514411e+00
450	4.492731e-01	6.462272e-01	1.815828e+00
451	4.678161e-01	6.431580e-01	1.328285e+00
452	4.920397e-01	2.522588e-01	2.272106e+00
453	4.930231e-01	7.675869e-01	2.487054e+00
454	4.930155e-01	2.542519e-01	1.883244e+00
455	4.411743e-01	4.874930e-01	1.599902e+00
456	4.948733e-01	5.644224e-01	2.142159e+00
457	5.091344e-01	7.547817e-01	2.343429e+00
458	4.935393e-01	2.351175e-01	1.749389e+00
459	3.981889e-01	4.218291e-01	1.835369e+00
460	4.429911e-01	7.552653e-01	2.608207e+00
461	5.076254e-01	7.550993e-01	1.065462e+00
462	4.424272e-01	6.508318e-01	1.698583e+00
463	4.883290e-01	2.489710e-01	2.761602e+00
464	4.855049e-01	2.246422e-01	1.744504e+00
465	4.368708e-01	4.897034e-01	1.961407e+00
466	4.903973e-01	2.471048e-01	2.449927e+00
467	4.935124e-01	2.670644e-01	2.669761e+00
468	4.618358e-01	4.559671e-01	1.075232e+00
469	4.872731e-01	2.253184e-01	2.597460e+00
470	4.894504e-01	2.510883e-01	2.960918e+00
471	4.448307e-01	4.865900e-01	1.451392e+00
472	4.905511e-01	2.501944e-01	1.655594e+00
473	4.088408e-01	4.131546e-01	2.572057e+00
474	4.454300e-01	6.547622e-01	2.433317e+00
475	5.049803e-01	7.690694e-01	1.234489e+00
476	4.886602e-01	2.628694e-01	1.607719e+00
477	4.385802e-01	6.514057e-01	2.643381e+00
478	4.950640e-01	5.595660e-01	1.827553e+00
479	5.080995e-01	7.693850e-01	1.233512e+00
480	4.914789e-01	5.663838e-01	2.757694e+00
481	5.075447e-01	6.955659e-01	2.058134e+00
482	5.491961e-01	3.923025e-01	2.221299e+00
483	5.520571e-01	3.725767e-01	1.083048e+00
484	5.126623e-01	6.878411e-01	2.453835e+00
485	4.833201e-01	6.833655e-01	2.829018e+00
486	4.796736e-01	2.570196e-01	2.169516e+00
487	4.839630e-01	6.897459e-01	2.371764e+00
488	5.045815e-01	6.931596e-01	1.634099e+00
489	5.076281e-01	7.476389e-01	1.314607e+00
490	5.028218e-01	7.505857e-01	2.292623e+00
491	5.056074e-01	7.648590e-01	1.759160e+00
492	5.006725e-01	5.674309e-01	2.365901e+00
493	4.788112e-01	2.549867e-01	2.942355e+00
494	5.036118e-01	7.505656e-01	1.358574e+00
495	4.364333e-01	6.454453e-01	1.458232e+00
496	4.886891e-01	2.290480e-01	1.757206e+00
497	5.645266e-01	2.522956e-01	1.099658e+00
498	5.375423e-01	3.539851e-01	2.251588e+00
499	5.473063e-01	7.507276e-01	1.474841e+00
500	4.914495e-01	5.593381e-01	1.462140e+00
501	5.040787e-01	6.861674e-01	2.850513e+00
502	4.696973e-01	4.545857e-01	2.543723e+00
503	4.880546e-01	2.484295e-01	2.288715e+00
504	4.818396e-01	3.928927e-01	1.375183e+00
505	5.309843e-01	3.752379e-01	1.170005e+00
506	4.676660e-01	4.596236e-01	2.011236e+00
507	5.336363e-01	3.693216e-01	2.982413e+00
508	4.770734e-01	4.101005e-01	1.578407e+00
509	4.930126e-01	7.485333e-01	2.904250e+00
510	4.843831e-01	2.469152e-01	2.471422e+00
511	5.474494e-01	7.585712e-01	2.948217e+00
512	4.816588e-01	2.532724e-01	1.856864e+00
513	4.744672e-01	6.372764e-01	1.749389e+00
514	5.324970e-01	3.751127e-01	1.780655e+00
515	5.817001e-01	2.373210e-01	1.223742e+00
516	5.326451e-01	3.735077e-01	2.928676e+00
517	4.977195e-01	6.910381e-01	1.055691e+00
518	5.318764e-01	3.740045e-01	2.823156e+00
519	5.358153e-01	3.701818e-01	2.886663e+00
520	4.763084e-01	4.794237e-01	1.931119e+00
521	5.424525e-01	7.576153e-01	1.391793e+00
522	5.298079e-01	7.428480e-01	1.467025e+00
523	5.136750e-01	3.682901e-01	1.512946e+00
524	5.002400e-01	5.577524e-01	1.960430e+00
525	5.000544e-01	5.592639e-01	2.254519e+00
526	6.078072e-01	2.460452e-01	2.899365e+00
527	5.290986e-01	3.575922e-01	2.728383e+00
528	5.347002e-01	7.409531e-01	1.247191e+00
529	6.068627e-01	2.477697e-01	1.802149e+00
530	4.885132e-01	6.361134e-01	1.858818e+00
531	5.310332e-01	7.740602e-01	1.663410e+00
532	5.455893e-01	2.407902e-01	2.556424e+00
533	4.966883e-01	5.543946e-01	2.947240e+00
534	5.329838e-01	7.495991e-01	2.475330e+00
535	5.165747e-01	3.854242e-01	1.237421e+00
536	5.369069e-01	2.321443e-01	2.923791e+00
537	5.089630e-01	7.089901e-01	2.906204e+00
538	5.410538e-01	6.031923e-01	2.668784e+00
539	5.409044e-01	2.720018e-01	2.476307e+00
540	6.012607e-01	2.473379e-01	2.065950e+00
541	5.254388e-01	7.670504e-01	1.983879e+00
542	5.297647e-01	7.849288e-01	1.982902e+00
543	5.308484e-01	2.469549e-01	2.643381e+00
544	5.333241e-01	5.878392e-01	1.637030e+00
545	5.051310e-01	7.094829e-01	1.338056e+00
546	5.960430e-01	2.446181e-01	2.406937e+00
547	5.953211e-01	2.459028e-01	1.422081e+00
548	5.389430e-01	5.957712e-01	2.956033e+00
549	5.212055e-01	7.382762e-01	2.601368e+00
550	5.015788e-01	7.102385e-01	1.846116e+00
551	5.257680e-01	7.583917e-01	1.264778e+00
552	5.360595e-01	5.915219e-01	1.119199e+00
553	6.019993e-01	2.550848e-01	1.956522e+00
554	5.916111e-01	2.478306e-01	2.971666e+00
555	5.213819e-01	7.282188e-01	2.149976e+00
556	5.202572e-01	3.588155e-01	1.574499e+00
557	5.310566e-01	5.836612e-01	1.775769e+00
558	5.277805e-01	5.724397e-01	1.542257e+00
559	5.297555e-01	5.837795e-01	2.984367e+00
560	5.195612e-01	3.569230e-01	2.563263e+00
561	5.045875e-01	5.790118e-01	1.624328e+00
562	5.279626e-01	7.601794e-01	1.577430e+00
563	5.438939e-01	3.801526e-01	2.224231e+00
564	5.042817e-01	7.092499e-01	1.125061e+00
565	5.191272e-01	7.740643e-01	2.955056e+00
566	5.909706e-01	2.748320e-01	2.865169e+00
567	5.200511e-01	7.710487e-01	1.672203e+00
568	5.272641e-01	3.460598e-01	1.198339e+00
569	5.200213e-01	3.451576e-01	2.513434e+00
570	5.274452e-01	7.456697e-01	1.853933e+00
571	5.157095e-01	7.353449e-01	2.858329e+00
572	5.163751e-01	7.773775e-01	1.574499e+00
573	5.467890e-01	5.993760e-01	1.432829e+00
574	5.154011e-01	7.779930e-01	1.500244e+00
575	5.400702e-01	3.496469e-01	1.587201e+00
576	5.937243e-01	2.646386e-01	1.323400e+00
577	5.309653e-01	3.589955e-01	2.852467e+00
578	5.123284e-01	7.845873e-01	2.147044e+00
579	5.146600e-01	7.453760e-01	2.698095e+00
580	5.972532e-01	2.389974e-01	2.203713e+00
581	5.152182e-01	7.624732e-01	1.364436e+00
582	5.948050e-01	5.024167e-01	2.076698e+00
583	6.049083e-01	2.370568e-01	2.011236e+00
584	5.240352e-01	5.785932e-01	1.412311e+00
585	5.286658e-01	3.584100e-01	2.266243e+00
586	5.928311e-01	2.552392e-01	1.215926e+00
587	5.098335e-01	7.330418e-01	2.299463e+00
588	5.930231e-01	2.573265e-01	1.683928e+00
589	5.900445e-01	2.699390e-01	2.081583e+00
590	5.938166e-01	2.561057e-01	2.350269e+00
591	5.253838e-01	3.679710e-01	2.268197e+00
592	5.286698e-01	3.599391e-01	2.728383e+00
593	5.918315e-01	2.490223e-01	1.194431e+00
594	5.879277e-01	2.827260e-01	2.515388e+00
595	5.803003e-01	3.435528e-01	1.169028e+00
596	5.826954e-01	6.757725e-01	2.074744e+00
597	6.051271e-01	5.035852e-01	1.865657e+00
598	5.142758e-01	5.867952e-01	2.900342e+00
599	6.040954e-01	5.033110e-01	1.802149e+00
600	5.131761e-01	7.336073e-01	1.367367e+00
601	5.961941e-01	2.482144e-01	1.148510e+00
602	6.204193e-01	7.121118e-01	2.808500e+00
603	5.631579e-01	4.008624e-01	1.424035e+00
604	5.202297e-01	3.403004e-01	1.613581e+00
605	5.891415e-01	2.482614e-01	2.427455e+00
606	5.317365e-01	5.997534e-01	2.196873e+00
607	5.855422e-01	2.825763e-01	1.355642e+00
608	5.857294e-01	2.764651e-01	2.386419e+00
609	5.438455e-01	6.075736e-01	1.294089e+00
610	5.348039e-01	5.839446e-01	1.687836e+00
611	5.869974e-01	2.813537e-01	1.146556e+00
612	5.692188e-01	3.396601e-01	1.939912e+00
613	5.851919e-01	2.568325e-01	1.597948e+00
614	5.881681e-01	2.843123e-01	2.412799e+00
615	5.704150e-01	3.367747e-01	2.131412e+00
616	5.975762e-01	6.874170e-01	1.138740e+00
617	6.282791e-01	4.954122e-01	1.227650e+00
618	5.865448e-01	2.784791e-01	2.522228e+00
619	6.349984e-01	5.068541e-01	1.437714e+00
620	5.837716e-01	2.920343e-01	1.523693e+00
621	5.897686e-01	2.541740e-01	1.221788e+00
622	5.413638e-01	7.572929e-01	1.652662e+00
623	6.906053e-01	7.221007e-01	1.269663e+00
624	5.855182e-01	2.360730e-01	2.967758e+00
625	5.918178e-01	2.514989e-01	2.952125e+00
626	5.829650e-01	2.570855e-01	2.546654e+00
627	6.287504e-01	5.125978e-01	1.818759e+00
628	5.894314e-01	2.280631e-01	1.919394e+00
629	6.303164e-01	5.145247e-01	2.563263e+00
630	5.830835e-01	2.757406e-01	1.451392e+00
631	5.780593e-01	2.669321e-01	1.718124e+00
632	6.192395e-01	4.879211e-01	1.207132e+00
633	6.176313e-01	4.759705e-01	1.236444e+00
634	6.971041e-01	7.365211e-01	2.622863e+00
635	5.898223e-01	2.488701e-01	2.549585e+00
636	5.873199e-01	2.364808e-01	2.966781e+00
637	6.918404e-01	6.760964e-01	2.095261e+00
638	5.537179e-01	3.305893e-01	2.471422e+00
639	5.767414e-01	2.586194e-01	2.395213e+00
640	5.991226e-01	6.608729e-01	1.835369e+00
641	5.530033e-01	3.247990e-01	2.828041e+00
642	6.621078e-01	7.025260e-01	1.534441e+00
643	5.861363e-01	2.466304e-01	1.550073e+00
644	6.189487e-01	4.926761e-01	1.610650e+00
645	6.052516e-01	4.688304e-01	1.612604e+00
646	6.884880e-01	7.393919e-01	1.086957e+00
647	5.935042e-01	4.046437e-01	2.326820e+00
648	5.725106e-01	2.864019e-01	2.282853e+00
649	5.913906e-01	2.437525e-01	1.573522e+00
650	6.071185e-01	4.700898e-01	2.497802e+00
651	5.916073e-01	4.088181e-01	1.234489e+00
652	6.070749e-01	4.976527e-01	1.752320e+00
653	6.143263e-01	5.148245e-01	1.589155e+00
654	6.147971e-01	7.627219e-01	1.148510e+00
655	6.057272e-01	4.741575e-01	1.209086e+00
656	6.058295e-01	4.765536e-01	2.755740e+00
657	5.667770e-01	2.528536e-01	1.499267e+00
658	6.601980e-01	6.927470e-01	1.014656e+00
659	5.835136e-01	2.458004e-01	2.891549e+00
660	6.731658e-01	7.372357e-01	2.478261e+00
661	6.130502e-01	5.166673e-01	1.898876e+00
662	6.609734e-01	7.132712e-01	1.188569e+00
663	6.808145e-01	6.793749e-01	2.785051e+00
664	6.066738e-01	5.044686e-01	2.945286e+00
665	6.748516e-01	7.526697e-01	2.458720e+00
666	5.799647e-01	2.453880e-01	2.673669e+00
667	6.076035e-01	2.656010e-01	1.399609e+00
668	6.148856e-01	2.432219e-01	2.604299e+00
669	6.619794e-01	7.106297e-01	1.529555e+00
670	6.627683e-01	6.899010e-01	2.823156e+00
671	5.955569e-01	4.644296e-01	2.826087e+00
672	6.089431e-01	2.454275e-01	2.844651e+00
673	6.639848e-01	7.045937e-01	2.290669e+00
674	5.965080e-01	2.359672e-01	2.188080e+00
675	6.647653e-01	6.962687e-01	2.570103e+00
676	6.743097e-01	6.914735e-01	2.396190e+00
677	5.987743e-01	3.298340e-01	1.318515e+00
678	5.830042e-01	2.420362e-01	1.733757e+00
679	6.606931e-01	7.346748e-01	2.605276e+00
680	6.716595e-01	7.183797e-01	2.683439e+00
681	6.003029e-01	5.094618e-01	1.587201e+00
682	6.693440e-01	6.977571e-01	1.375183e+00
683	5.987647e-01	5.013307e-01	2.298486e+00
684	5.741791e-01	2.485495e-01	1.285296e+00
685	5.946875e-01	4.934044e-01	2.983390e+00
686	6.679466e-01	7.626184e-01	1.195408e+00
687	5.956243e-01	5.175833e-01	2.667807e+00
688	6.695456e-01	6.897618e-01	2.414753e+00
689	6.873777e-01	2.390695e-01	1.843185e+00
690	6.522540e-01	7.399525e-01	2.396190e+00
691	5.707677e-01	2.485530e-01	1.656571e+00
692	6.916002e-01	2.499340e-01	3.000000e+00
693	6.707888e-01	6.941544e-01	2.728383e+00
694	6.407730e-01	3.740018e-01	1.133854e+00
695	6.552540e-01	4.179720e-01	1.718124e+00
696	6.341419e-01	3.501105e-01	1.944797e+00
697	5.750553e-01	2.647154e-01	2.883732e+00
698	6.808396e-01	6.723964e-01	2.383488e+00
699	6.131781e-01	2.749771e-01	2.506595e+00
700	6.726777e-01	6.836196e-01	1.786517e+00
701	6.968020e-01	6.848578e-01	2.893503e+00
702	6.544499e-01	7.425680e-01	2.981436e+00
703	6.876757e-01	2.600729e-01	2.663898e+00
704	6.614749e-01	7.283180e-01	2.227162e+00
705	6.096097e-01	2.698419e-01	1.527601e+00
706	6.102920e-01	2.834342e-01	2.610161e+00
707	6.950717e-01	2.400814e-01	1.058622e+00
708	6.763006e-01	6.929777e-01	2.782120e+00
709	5.743070e-01	2.547590e-01	1.854910e+00
710	6.918041e-01	2.213151e-01	1.518808e+00
711	6.832526e-01	7.364423e-01	2.950171e+00
712	6.545221e-01	7.410884e-01	2.109917e+00
713	5.708904e-01	2.511516e-01	2.205667e+00
714	6.784762e-01	6.943648e-01	2.074744e+00
715	6.546577e-01	7.447939e-01	2.319003e+00
716	5.705496e-01	2.496659e-01	1.290181e+00
717	6.563242e-01	7.389056e-01	1.286273e+00
718	6.586878e-01	7.424547e-01	1.881290e+00
719	6.431728e-01	3.597772e-01	1.664387e+00
720	6.820925e-01	4.023477e-01	1.242306e+00
721	6.511621e-01	5.317363e-01	1.927211e+00
722	7.000361e-01	2.340179e-01	2.820225e+00
723	6.046873e-01	5.247574e-01	2.792868e+00
724	6.636552e-01	6.894568e-01	1.201270e+00
725	6.995660e-01	2.419422e-01	1.898876e+00
726	6.786134e-01	4.035451e-01	2.183195e+00
727	6.981345e-01	2.319051e-01	1.782609e+00
728	6.872495e-01	7.343814e-01	2.566194e+00
729	6.476501e-01	6.803631e-01	1.561798e+00
730	6.564592e-01	7.354935e-01	2.282853e+00
731	6.605401e-01	7.452800e-01	2.210552e+00
732	6.421983e-01	3.572673e-01	1.020518e+00
733	6.083734e-01	2.826241e-01	1.784563e+00
734	6.953156e-01	5.496591e-01	1.910601e+00
735	6.585582e-01	7.344309e-01	1.275525e+00
736	6.607545e-01	7.146225e-01	1.212995e+00
737	7.004907e-01	6.938298e-01	2.964827e+00
738	6.600186e-01	7.341632e-01	2.079629e+00
739	6.437014e-01	6.768686e-01	1.634099e+00
740	6.391303e-01	2.736847e-01	1.187592e+00
741	6.942366e-01	2.387218e-01	1.258915e+00
742	6.775917e-01	4.065770e-01	2.565217e+00
743	6.828230e-01	7.444509e-01	1.707377e+00
744	6.466105e-01	6.815866e-01	1.999511e+00
745	6.901156e-01	2.319224e-01	1.264778e+00
746	6.534599e-01	7.304873e-01	1.110405e+00
747	6.944964e-01	6.849843e-01	1.107474e+00
748	6.739728e-01	3.977545e-01	1.416219e+00
749	6.905217e-01	7.033964e-01	1.070347e+00
750	6.835239e-01	7.293412e-01	2.856375e+00
751	6.838613e-01	2.285766e-01	2.400098e+00
752	6.903053e-01	6.989990e-01	2.871031e+00
753	6.855779e-01	2.247847e-01	2.739130e+00
754	6.390799e-01	7.498191e-01	1.681974e+00
755	7.015865e-01	2.561635e-01	2.061065e+00
756	6.364587e-01	6.922924e-01	1.928188e+00
757	6.894606e-01	5.610277e-01	1.579384e+00
758	7.016550e-01	3.910355e-01	1.946751e+00
759	6.895947e-01	5.645242e-01	1.790425e+00
760	6.796977e-01	5.670143e-01	1.180752e+00
761	6.764270e-01	2.151406e-01	1.073278e+00
762	7.003242e-01	3.920332e-01	1.013679e+00
763	6.745029e-01	2.633539e-01	2.799707e+00
764	6.932926e-01	3.880257e-01	1.132877e+00
765	6.977010e-01	5.574581e-01	1.803127e+00
766	6.731127e-01	3.994963e-01	2.775281e+00
767	6.275537e-01	6.890253e-01	2.776258e+00
768	6.751157e-01	2.341955e-01	2.010259e+00
769	6.968656e-01	3.951760e-01	2.652174e+00
770	6.828738e-01	6.944020e-01	1.700537e+00
771	7.497139e-01	2.563156e-01	1.339033e+00
772	6.746003e-01	2.607289e-01	2.227162e+00
773	6.702516e-01	2.531273e-01	2.482169e+00
774	6.691019e-01	2.192029e-01	2.958964e+00
775	7.494467e-01	2.635900e-01	1.443576e+00
776	6.809236e-01	6.749095e-01	2.381534e+00
777	7.576004e-01	7.425208e-01	1.971177e+00
778	6.784243e-01	6.817201e-01	2.960918e+00
779	6.691415e-01	2.379432e-01	1.812897e+00
780	6.854282e-01	5.718468e-01	1.991695e+00
781	7.291814e-01	5.807797e-01	1.170982e+00
782	6.773613e-01	6.871021e-01	1.277479e+00
783	6.448696e-01	7.095309e-01	2.730337e+00
784	6.908110e-01	3.979660e-01	2.086468e+00
785	7.437558e-01	2.526723e-01	1.176844e+00
786	7.431457e-01	2.511239e-01	1.636053e+00
787	6.573437e-01	7.010308e-01	1.790425e+00
788	7.557225e-01	7.285477e-01	2.336590e+00
789	6.768965e-01	6.732473e-01	1.343918e+00
790	6.783218e-01	6.837910e-01	1.905716e+00
791	6.594837e-01	2.278285e-01	1.784563e+00
792	7.027871e-01	4.943936e-01	2.622863e+00
793	6.802762e-01	3.862077e-01	2.063996e+00
794	6.566444e-01	2.422953e-01	2.497802e+00
795	6.757256e-01	6.975150e-01	2.870054e+00
796	7.442926e-01	7.555577e-01	2.862237e+00
797	7.441111e-01	7.524944e-01	2.981436e+00
798	6.870482e-01	3.946513e-01	1.529555e+00
799	7.096447e-01	2.372182e-01	1.729849e+00
800	6.993256e-01	5.051664e-01	2.290669e+00
801	7.369431e-01	2.445027e-01	2.841720e+00
802	7.352135e-01	2.510078e-01	2.195896e+00
803	7.450458e-01	7.354757e-01	1.601856e+00
804	7.372034e-01	7.690220e-01	2.449927e+00
805	7.289750e-01	3.607892e-01	1.462140e+00
806	7.377583e-01	2.468643e-01	2.041524e+00
807	7.233857e-01	5.809342e-01	2.971666e+00
808	7.362188e-01	2.534797e-01	2.061065e+00
809	6.954296e-01	7.004885e-01	2.130435e+00
810	6.818208e-01	3.807994e-01	2.205667e+00
811	7.301591e-01	2.534561e-01	2.184172e+00
812	7.213162e-01	2.483446e-01	2.747924e+00
813	7.185906e-01	5.890300e-01	2.602345e+00
814	7.394175e-01	7.325962e-01	2.909135e+00
815	7.324757e-01	2.554716e-01	2.777235e+00
816	7.251159e-01	3.587259e-01	1.295066e+00
817	7.330241e-01	2.532078e-01	1.050806e+00
818	7.397697e-01	7.306131e-01	1.191500e+00
819	7.030276e-01	2.475957e-01	1.198339e+00
820	7.155919e-01	2.416333e-01	2.656082e+00
821	7.144622e-01	5.951375e-01	2.353200e+00
822	7.223542e-01	6.687001e-01	1.692721e+00
823	6.893412e-01	3.740622e-01	2.330728e+00
824	7.391780e-01	2.644379e-01	1.946751e+00
825	7.192002e-01	2.650749e-01	1.906693e+00
826	7.183887e-01	2.415671e-01	2.192965e+00
827	7.166683e-01	2.627649e-01	1.200293e+00
828	7.372110e-01	2.707231e-01	1.497313e+00
829	7.194335e-01	2.404822e-01	2.361016e+00
830	7.551413e-01	6.162334e-01	2.080606e+00
831	7.284401e-01	4.387056e-01	1.074255e+00
832	7.265598e-01	5.754883e-01	1.639961e+00
833	7.144407e-01	2.359693e-01	2.017098e+00
834	7.748284e-01	7.607876e-01	2.191011e+00
835	7.430434e-01	6.551418e-01	1.667318e+00
836	7.546734e-01	6.152176e-01	2.229116e+00
837	7.257368e-01	4.409725e-01	1.188569e+00
838	7.246329e-01	7.323221e-01	2.714704e+00
839	7.207508e-01	3.497712e-01	1.979971e+00
840	7.236209e-01	7.281327e-01	2.954079e+00
841	7.209432e-01	4.581968e-01	1.390816e+00
842	7.580083e-01	7.138803e-01	1.803127e+00
843	7.160000e-01	3.425829e-01	1.039082e+00
844	7.318007e-01	4.333948e-01	1.893014e+00
845	7.701822e-01	7.543958e-01	1.778701e+00
846	7.549670e-01	7.077929e-01	1.295066e+00
847	7.591834e-01	7.380422e-01	1.807035e+00
848	7.439454e-01	2.558310e-01	1.102589e+00
849	7.208773e-01	2.450944e-01	1.879336e+00
850	7.218215e-01	2.467804e-01	1.984856e+00
851	7.517087e-01	7.332124e-01	2.238886e+00
852	7.706980e-01	7.567637e-01	2.868100e+00
853	7.771529e-01	6.365024e-01	1.127992e+00
854	7.096535e-01	3.460918e-01	2.748901e+00
855	7.259414e-01	2.644553e-01	1.578407e+00
856	7.700440e-01	6.392255e-01	2.950171e+00
857	7.490373e-01	2.629837e-01	1.621397e+00
858	7.379487e-01	2.465814e-01	2.657059e+00
859	7.718191e-01	7.555992e-01	2.404983e+00
860	7.651905e-01	2.525928e-01	2.272106e+00
861	6.905176e-01	2.332076e-01	1.463117e+00
862	7.062480e-01	3.506396e-01	2.316072e+00
863	7.681712e-01	7.514977e-01	2.334636e+00
864	7.659760e-01	2.400104e-01	1.365413e+00
865	7.682898e-01	7.490175e-01	2.105032e+00
866	7.430449e-01	7.212471e-01	1.339033e+00
867	7.456654e-01	7.133670e-01	2.932584e+00
868	7.699685e-01	5.509630e-01	2.770396e+00
869	7.441413e-01	2.530659e-01	2.378603e+00
870	7.617133e-01	2.499059e-01	1.833415e+00
871	7.058334e-01	3.521096e-01	1.663410e+00
872	7.409378e-01	6.985045e-01	2.251588e+00
873	7.649080e-01	2.173348e-01	1.766976e+00
874	7.789949e-01	6.342322e-01	1.575476e+00
875	7.649943e-01	7.211391e-01	2.771373e+00
876	7.406309e-01	7.010929e-01	1.482658e+00
877	7.544449e-01	4.216836e-01	2.633610e+00
878	7.321835e-01	2.471309e-01	2.787005e+00
879	7.556727e-01	2.540336e-01	1.959453e+00
880	7.442472e-01	2.631294e-01	2.187103e+00
881	7.611772e-01	2.240701e-01	2.430386e+00
882	7.722739e-01	6.270493e-01	2.679531e+00
883	7.470852e-01	7.385386e-01	2.191988e+00
884	7.696921e-01	6.431530e-01	2.945286e+00
885	7.721184e-01	5.386072e-01	2.473376e+00
886	7.477804e-01	4.109086e-01	2.243771e+00
887	7.514099e-01	7.222744e-01	2.793845e+00
888	7.583134e-01	7.298754e-01	1.391793e+00
889	7.488829e-01	7.384219e-01	2.132389e+00
890	7.678960e-01	6.362742e-01	1.627259e+00
891	7.464530e-01	7.330968e-01	1.623351e+00
892	7.400654e-01	2.619597e-01	2.772350e+00
893	7.256408e-01	2.426961e-01	1.552027e+00
894	7.612995e-01	6.272978e-01	2.828041e+00
895	7.734961e-01	6.345556e-01	1.180752e+00
896	7.490671e-01	7.372770e-01	1.632145e+00
897	7.578819e-01	6.336854e-01	1.680997e+00
898	7.773226e-01	5.483750e-01	2.828041e+00
899	7.560230e-01	2.019606e-01	1.703468e+00
900	7.565691e-01	7.305477e-01	1.471910e+00
901	7.501233e-01	7.362420e-01	2.368832e+00
902	7.387510e-01	4.131890e-01	2.216414e+00
903	7.493606e-01	2.242782e-01	1.961407e+00
904	7.356609e-01	2.589281e-01	1.756229e+00
905	7.524842e-01	7.335307e-01	2.987298e+00
906	7.505698e-01	2.241567e-01	2.332682e+00
907	7.540923e-01	6.299233e-01	1.097704e+00
908	7.325121e-01	2.661124e-01	1.954568e+00
909	7.502629e-01	2.281800e-01	1.704446e+00
910	7.508119e-01	7.387664e-01	2.546654e+00
911	7.333383e-01	4.223505e-01	2.440156e+00
912	7.337876e-01	2.529207e-01	1.853933e+00
913	7.576117e-01	6.318788e-01	2.829995e+00
914	7.546319e-01	6.253954e-01	2.774304e+00
915	7.573841e-01	6.295759e-01	2.232047e+00
916	7.574807e-01	6.272876e-01	2.093307e+00
917	7.541811e-01	7.351175e-01	2.587689e+00
918	7.836568e-01	3.705921e-01	2.698095e+00
919	7.484228e-01	2.271224e-01	1.896922e+00
920	7.576494e-01	7.229060e-01	1.212995e+00
921	7.471986e-01	7.068986e-01	1.502198e+00
922	7.296641e-01	2.543217e-01	2.614069e+00
923	7.553088e-01	6.430388e-01	2.880801e+00
924	7.417957e-01	7.385339e-01	1.956522e+00
925	7.548993e-01	6.432701e-01	2.745970e+00
926	7.886161e-01	5.237500e-01	1.179775e+00
927	7.762056e-01	6.030007e-01	1.888129e+00
928	7.515337e-01	6.179141e-01	2.302394e+00
929	7.474584e-01	7.376166e-01	1.935027e+00
930	7.377528e-01	2.492526e-01	1.975085e+00
931	7.391593e-01	7.421344e-01	1.067416e+00
932	7.481159e-01	7.414870e-01	2.024915e+00
933	7.545293e-01	6.349372e-01	2.810454e+00
934	7.582339e-01	7.322867e-01	2.428432e+00
935	7.413697e-01	2.551620e-01	1.957499e+00
936	7.383803e-01	2.228969e-01	2.306302e+00
937	7.370615e-01	2.469025e-01	2.557401e+00
938	7.378122e-01	7.148923e-01	1.243283e+00
939	7.386231e-01	2.446456e-01	2.429409e+00
940	7.300045e-01	7.508731e-01	2.523205e+00
941	7.855011e-01	7.879100e-01	2.842697e+00
942	7.220860e-01	2.406713e-01	2.247680e+00
943	7.351162e-01	2.209807e-01	2.000489e+00
944	7.364403e-01	2.492234e-01	2.446019e+00
945	7.236497e-01	2.554622e-01	2.360039e+00
946	7.757033e-01	3.668062e-01	2.567171e+00
947	7.765353e-01	3.507015e-01	2.415730e+00
948	7.749082e-01	3.575802e-01	1.989741e+00
949	7.413199e-01	6.380702e-01	1.010747e+00
950	7.833910e-01	5.442123e-01	2.656082e+00
951	7.396636e-01	6.271350e-01	2.478261e+00
952	7.859508e-01	5.559839e-01	1.851979e+00
953	7.405321e-01	6.262392e-01	2.009282e+00
954	7.321764e-01	2.612628e-01	2.908158e+00
955	7.481558e-01	7.387283e-01	2.731314e+00
956	7.225162e-01	2.586962e-01	2.544700e+00
957	7.788077e-01	5.539441e-01	2.091353e+00
958	7.304841e-01	2.592491e-01	2.890572e+00
959	7.284137e-01	7.460186e-01	1.654617e+00
960	7.337615e-01	2.496497e-01	1.008793e+00
961	7.686478e-01	5.498720e-01	1.811920e+00
962	7.237653e-01	7.527490e-01	1.260870e+00
963	7.167718e-01	2.470637e-01	1.347826e+00
964	7.222310e-01	2.614622e-01	1.325354e+00
965	7.301265e-01	2.640716e-01	1.420127e+00
966	7.699798e-01	5.419554e-01	2.845628e+00
967	7.380959e-01	2.407122e-01	1.853933e+00
968	7.759146e-01	5.551250e-01	2.474353e+00
969	7.757628e-01	5.502988e-01	1.973131e+00
970	7.252540e-01	7.296932e-01	1.303859e+00
971	7.684111e-01	5.483573e-01	2.722521e+00
972	7.655108e-01	3.699239e-01	1.294089e+00
973	7.364672e-01	6.243856e-01	1.675134e+00
974	7.602079e-01	3.623116e-01	2.417684e+00
975	7.217760e-01	7.457630e-01	2.053249e+00
976	7.127103e-01	2.506098e-01	1.276502e+00
977	7.326812e-01	6.284277e-01	2.257450e+00
978	7.414836e-01	7.393588e-01	2.779189e+00
979	7.749018e-01	7.690286e-01	1.984856e+00
980	7.241466e-01	2.176823e-01	2.295554e+00
981	7.335879e-01	7.446986e-01	1.652662e+00
982	7.385191e-01	7.370291e-01	2.464582e+00
983	8.036316e-01	8.132619e-01	1.763068e+00
984	7.258863e-01	7.286251e-01	2.508549e+00
985	7.331696e-01	2.243264e-01	2.026869e+00
986	7.271882e-01	6.284131e-01	2.211529e+00
987	7.970377e-01	4.815491e-01	1.160234e+00
988	7.969302e-01	4.767857e-01	2.302394e+00
989	7.261447e-01	6.337010e-01	1.662433e+00
990	7.612878e-01	5.528623e-01	1.941866e+00
991	7.566281e-01	5.460487e-01	1.855887e+00
992	7.853716e-01	3.291941e-01	1.384954e+00
993	7.858532e-01	3.319352e-01	2.598437e+00
994	7.982494e-01	4.743818e-01	2.130435e+00
995	7.856741e-01	3.384257e-01	1.690767e+00
996	7.159727e-01	7.451704e-01	2.587689e+00
997	7.843286e-01	3.269470e-01	1.940889e+00
998	7.379723e-01	6.166344e-01	1.304836e+00
999	7.323818e-01	7.384557e-01	2.099170e+00
