1000
0	6.707264e-01	6.178478e-01	1.398632e+00
1	1.294620e-02	8.972458e-01	1.064485e+00
2	4.677866e-01	6.279293e-01	1.108451e+00
3	4.946942e-01	4.293730e-01	2.925745e+00
4	4.663225e-01	4.456769e-01	2.732291e+00
5	4.237760e-01	5.188993e-01	1.257938e+00
6	5.289439e-01	4.943207e-01	2.424524e+00
7	2.103680e-01	7.959053e-01	1.383000e+00
8	3.258786e-01	7.250838e-01	2.705911e+00
9	3.516355e-01	8.460618e-02	2.526136e+00
10	4.613138e-01	5.217063e-01	2.442110e+00
11	5.531211e-01	4.248141e-01	2.233024e+00
12	4.165183e-01	4.277442e-01	2.376649e+00
14	4.921044e-01	4.448504e-01	1.556913e+00
15	2.111494e-01	8.024351e-01	2.950171e+00
16	2.557665e-01	7.927764e-01	1.066439e+00
17	4.963666e-01	4.412158e-01	1.626282e+00
18	5.506814e-01	4.343851e-01	1.306790e+00
19	4.688458e-01	4.295037e-01	2.902296e+00
21	3.477214e-01	4.578125e-01	1.195408e+00
22	4.727126e-01	4.350613e-01	1.785540e+00
23	5.405448e-01	4.693096e-01	1.248168e+00
24	4.627954e-01	4.299393e-01	1.863703e+00
25	3.997677e-01	4.060946e-01	2.671715e+00
26	5.556409e-01	4.693914e-01	2.487054e+00
27	2.943290e-01	7.835488e-01	1.946751e+00
28	1.187279e-01	8.690931e-01	1.303859e+00
29	6.196481e-01	5.159749e-01	2.152907e+00
30	5.574489e-01	4.729559e-01	1.388862e+00
31	4.098420e-01	7.431408e-03	1.534441e+00
32	4.340844e-01	4.857611e-01	1.591109e+00
33	3.314522e-01	1.247566e-01	2.205667e+00
34	4.183987e-01	4.069774e-01	2.181241e+00
35	5.549620e-01	4.680169e-01	1.475818e+00
36	4.294724e-01	5.059470e-01	2.309233e+00
37	5.006222e-01	5.289112e-01	2.073766e+00
39	3.157980e-01	1.495277e-01	2.331705e+00
40	4.530335e-01	5.276364e-01	1.126038e+00
41	3.660198e-01	4.047714e-01	2.235955e+00
42	4.670547e-01	5.815993e-01	2.805569e+00
43	1.686703e-01	8.879357e-01	2.819248e+00
44	4.329761e-01	4.585884e-01	2.555447e+00
46	5.345792e-01	4.656505e-01	2.559355e+00
47	5.680742e-01	3.783047e-01	1.895945e+00
48	5.684834e-01	4.990332e-01	1.282364e+00
49	2.822357e-01	9.912790e-02	2.024915e+00
50	5.248879e-01	4.899829e-01	2.750855e+00
51	4.981114e-01	3.984086e-01	2.412799e+00
52	4.774728e-01	4.040688e-01	2.557401e+00
53	5.291712e-01	4.909538e-01	1.648754e+00
54	5.472650e-01	4.612454e-01	1.721055e+00
55	5.445072e-01	4.605079e-01	2.588666e+00
56	5.468742e-01	4.885226e-01	1.525647e+00
57	5.047760e-01	4.479563e-01	2.751832e+00
58	3.040382e-01	7.773598e-01	2.625794e+00
59	3.164667e-01	1.162678e-01	1.663410e+00
60	3.829026e-01	4.312468e-02	1.993649e+00
61	5.170138e-01	4.190969e-01	2.560332e+00
62	5.572006e-01	4.620371e-01	1.696629e+00
63	5.531864e-01	4.617327e-01	1.506106e+00
64	5.943046e-01	4.506750e-01	2.675623e+00
65	4.223875e-01	4.004878e-01	2.497802e+00
66	2.987337e-01	1.279061e-01	1.031265e+00
67	4.160605e-01	4.098221e-01	2.361993e+00
68	5.461426e-01	4.573367e-01	1.866634e+00
69	2.333622e-01	8.597129e-02	2.930630e+00
70	5.065920e-01	6.856026e-01	1.503175e+00
71	2.940091e-01	7.276956e-01	1.135809e+00
72	5.316128e-01	4.985101e-01	2.449927e+00
73	5.121366e-01	5.284336e-01	2.831949e+00
74	4.800567e-01	4.496597e-01	2.317049e+00
75	4.775815e-01	3.658606e-01	2.353200e+00
76	5.195659e-01	4.215712e-01	2.575965e+00
77	2.915159e-01	7.640714e-01	2.922814e+00
78	5.857809e-01	4.661965e-01	2.289692e+00
79	4.581587e-01	5.436632e-01	2.766488e+00
80	1.406243e-01	8.887263e-01	1.522716e+00
81	5.619595e-01	4.913283e-01	2.769419e+00
82	2.811528e-01	7.706604e-01	1.110405e+00
83	5.441274e-01	9.566985e-02	1.554958e+00
84	5.660706e-01	1.186554e-01	1.718124e+00
85	4.896216e-01	4.162802e-01	1.412311e+00
86	1.802987e-01	8.136060e-01	1.951637e+00
87	2.708925e-01	7.706460e-01	1.449438e+00
88	3.665759e-01	4.749669e-01	2.176356e+00
89	8.832271e-02	2.114171e-01	1.066439e+00
90	3.490748e-01	7.549504e-01	1.212995e+00
91	4.412786e-01	3.727103e-01	1.872496e+00
92	5.468791e-01	4.899566e-01	1.606742e+00
93	4.082011e-01	4.151850e-01	1.183683e+00
94	5.372931e-01	1.071833e-01	1.482658e+00
95	6.896699e-01	6.509127e-01	2.514411e+00
96	5.471447e-01	5.008515e-01	2.736199e+00
97	5.288229e-01	4.916270e-01	1.617489e+00
98	5.948984e-01	4.408836e-01	2.456766e+00
99	5.587443e-01	4.553346e-01	1.406448e+00
100	2.905715e-01	7.653981e-01	2.453835e+00
101	9.382294e-01	9.547543e-01	2.084514e+00
102	5.584280e-01	4.940312e-01	2.712750e+00
103	5.607734e-01	3.876365e-01	2.877870e+00
104	5.183133e-01	3.287537e-01	1.533464e+00
105	2.598383e-01	7.830156e-01	2.169516e+00
106	2.864754e-01	8.268903e-01	2.160723e+00
107	5.725855e-01	4.783972e-01	2.483146e+00
108	5.257849e-01	1.550952e-01	1.538349e+00
109	5.633642e-01	4.993205e-01	1.117245e+00
110	6.881512e-01	6.252923e-01	2.709819e+00
111	2.978733e-01	7.937224e-01	2.039570e+00
112	6.714316e-01	5.831441e-01	2.929653e+00
113	4.933072e-01	4.286883e-01	2.125550e+00
114	2.573742e-01	7.783479e-01	2.148999e+00
115	4.577933e-01	1.226767e-01	2.027846e+00
116	5.235693e-01	4.437426e-01	1.206155e+00
117	6.988540e-01	6.168734e-01	2.689301e+00
118	4.915772e-01	4.218436e-01	1.997557e+00
119	3.387811e-01	8.480270e-01	1.753298e+00
120	4.509998e-01	4.398199e-01	1.491451e+00
121	5.648759e-01	4.843626e-01	2.381534e+00
122	2.545542e-01	7.865445e-01	1.837323e+00
123	4.811120e-01	5.114034e-01	2.723498e+00
124	4.374802e-01	6.403488e-02	2.429409e+00
126	5.507521e-01	5.166940e-01	1.216903e+00
127	4.633297e-01	3.813003e-01	1.385931e+00
129	2.866361e-01	7.681291e-01	1.094773e+00
130	4.703513e-01	4.045051e-01	1.887152e+00
131	5.483552e-01	3.518049e-01	1.869565e+00
132	3.386174e-01	1.570918e-01	2.657059e+00
133	2.533245e-01	7.865667e-01	1.905716e+00
134	5.531405e-01	5.383649e-01	2.319980e+00
135	2.852809e-01	7.708866e-01	1.549096e+00
136	4.475672e-01	3.712427e-01	1.155349e+00
137	5.212160e-01	4.397571e-01	1.261847e+00
138	3.233993e-01	1.651734e-01	1.308745e+00
139	2.513119e-01	7.812862e-01	1.148510e+00
141	4.861626e-01	3.995745e-01	1.865657e+00
142	5.257564e-01	4.095029e-01	2.988276e+00
143	2.451051e-01	8.352483e-01	1.479726e+00
144	2.531945e-01	7.769121e-01	1.016610e+00
145	5.022792e-01	4.124572e-01	2.095261e+00
146	4.792416e-01	4.198460e-01	2.442110e+00
147	2.523008e-01	8.252036e-01	1.070347e+00
148	4.468378e-01	3.501041e-01	1.417196e+00
149	4.218901e-01	7.719486e-01	2.817294e+00
150	2.480301e-01	8.363311e-01	1.164143e+00
151	5.047323e-01	4.229711e-01	2.738153e+00
152	5.473610e-01	4.427744e-01	2.338544e+00
153	2.425413e-01	7.830445e-01	1.282364e+00
154	5.267019e-01	4.105317e-01	2.676600e+00
155	2.449479e-01	7.839779e-01	2.443087e+00
156	2.069694e-01	8.058810e-01	2.375672e+00
157	3.627462e-01	7.965163e-01	1.220811e+00
158	3.083858e-01	7.699931e-01	2.208598e+00
159	3.553527e-01	4.566346e-01	2.407914e+00
162	5.313616e-01	4.458552e-01	2.277968e+00
164	5.821688e-01	4.737169e-01	2.409868e+00
165	5.851864e-01	4.640885e-01	2.083537e+00
166	4.685287e-01	3.917798e-01	2.286761e+00
167	5.358842e-01	4.339307e-01	1.194431e+00
168	4.717287e-01	3.955251e-01	2.818271e+00
169	5.350842e-01	5.155602e-01	2.827064e+00
170	4.270167e-01	4.595315e-01	1.684905e+00
171	7.999454e-01	2.767141e-01	1.999511e+00
172	5.115039e-01	4.976559e-01	1.956522e+00
173	3.816018e-01	3.887680e-02	1.409380e+00
174	4.714679e-01	5.925689e-01	2.323889e+00
175	4.375984e-01	4.498866e-01	2.501710e+00
176	5.843369e-01	4.614276e-01	2.395213e+00
177	5.816447e-01	4.569333e-01	2.719590e+00
178	5.040222e-01	5.319557e-01	2.937469e+00
179	5.426705e-01	4.585133e-01	2.803615e+00
180	3.019083e-01	1.341759e-01	1.322423e+00
182	5.361461e-01	4.512921e-01	1.794333e+00
183	5.819028e-01	4.674936e-01	2.611138e+00
184	5.795385e-01	4.692852e-01	1.724963e+00
185	5.708283e-01	4.640655e-01	1.983879e+00
186	5.003061e-01	4.619472e-01	2.181241e+00
187	1.324259e-01	8.960660e-01	2.437225e+00
188	5.150242e-01	3.574993e-01	1.295066e+00
189	5.974770e-01	4.827695e-01	1.970200e+00
190	5.058843e-01	3.856397e-01	2.387396e+00
191	4.760058e-01	3.678332e-01	2.386419e+00
192	4.509457e-01	4.819278e-01	2.647289e+00
193	5.765144e-01	4.912878e-01	1.686859e+00
194	8.993698e-01	9.988844e-01	1.549096e+00
195	5.054839e-01	4.665545e-01	1.553981e+00
196	5.725224e-01	4.835371e-01	1.764045e+00
197	5.566040e-01	4.482204e-01	1.632145e+00
198	3.847771e-01	1.115209e-02	2.230093e+00
199	5.342830e-01	5.297875e-01	1.235467e+00
200	5.292712e-01	5.133536e-01	2.251588e+00
201	2.633845e-01	5.665136e-01	1.751343e+00
202	4.728376e-01	4.384359e-01	1.715193e+00
203	4.802750e-01	4.931482e-01	2.109917e+00
204	5.233731e-01	5.053044e-01	2.137274e+00
205	4.916498e-01	4.358872e-01	2.099170e+00
206	5.277644e-01	4.918896e-01	2.057157e+00
207	4.813558e-01	2.136113e-01	2.246702e+00
208	5.233084e-01	4.996569e-01	1.894968e+00
209	4.864060e-01	3.740001e-01	2.453835e+00
210	5.801616e-01	4.405162e-01	2.834880e+00
211	5.686947e-01	4.939831e-01	2.215437e+00
212	5.353962e-01	4.852678e-01	2.153884e+00
213	5.022606e-01	3.864486e-01	2.475330e+00
214	4.762085e-01	4.904692e-01	1.274548e+00
215	5.038523e-01	4.557356e-01	2.127504e+00
216	3.693149e-01	2.266219e-02	1.697606e+00
217	4.731389e-01	5.710639e-01	1.790425e+00
218	9.140409e-01	2.905134e-01	1.736688e+00
219	4.589747e-01	4.581894e-01	1.692721e+00
220	5.431772e-01	4.375453e-01	2.042501e+00
221	4.507653e-01	4.425736e-01	1.468979e+00
222	5.869811e-01	4.374362e-01	1.784563e+00
223	2.697102e-01	8.090520e-01	1.068393e+00
225	4.289785e-01	2.038488e-01	2.653151e+00
226	4.033566e-01	3.854144e-01	1.839277e+00
227	5.084344e-01	3.569710e-01	1.175867e+00
228	5.443091e-01	4.360584e-01	2.807523e+00
229	4.072130e-01	5.151827e-01	2.811431e+00
230	4.911505e-01	4.636627e-01	1.192477e+00
231	7.215992e-01	4.781475e-02	1.897899e+00
232	4.406312e-01	4.776648e-01	1.620420e+00
233	7.995045e-01	3.400506e-01	2.624817e+00
234	4.928308e-01	4.639781e-01	2.806546e+00
235	4.165011e-01	4.421829e-01	1.763068e+00
236	3.683863e-01	1.895317e-02	1.890083e+00
237	8.872676e-01	8.921018e-01	2.060088e+00
238	7.951179e-01	3.253537e-01	2.458720e+00
239	5.419445e-01	4.518903e-01	2.463605e+00
240	8.711588e-01	8.831227e-01	1.141671e+00
241	5.593301e-01	4.784562e-01	1.146556e+00
242	4.601822e-01	4.681412e-01	1.395701e+00
243	5.788649e-01	4.677220e-01	1.755252e+00
244	1.065808e-01	2.161806e-01	2.486077e+00
245	5.108456e-01	4.592347e-01	2.901319e+00
246	4.200187e-01	4.500292e-01	2.123596e+00
247	8.732439e-01	8.611534e-01	1.652662e+00
248	5.087806e-01	4.380953e-01	1.199316e+00
250	5.761442e-01	5.208293e-01	2.170493e+00
251	4.536631e-01	4.727762e-01	2.733268e+00
252	5.912139e-01	5.070133e-01	1.545188e+00
253	5.146091e-01	4.658288e-01	1.376160e+00
254	4.935934e-01	4.610523e-01	1.621397e+00
255	4.941150e-01	4.612505e-01	1.883244e+00
256	4.942042e-01	4.638528e-01	1.612604e+00
257	5.873873e-01	4.923011e-01	2.909135e+00
258	4.745217e-01	4.168847e-01	1.354665e+00
259	4.702494e-01	4.277746e-01	2.770396e+00
260	5.435826e-01	1.498451e-01	2.148999e+00
261	4.568985e-01	4.803919e-01	2.624817e+00
262	8.798224e-01	9.055124e-01	1.126038e+00
263	8.758427e-01	9.394134e-01	2.481192e+00
264	5.222394e-01	4.794453e-01	2.697118e+00
265	5.382329e-01	4.508389e-01	1.938935e+00
266	6.653869e-01	6.828133e-01	1.854910e+00
267	8.422621e-01	9.313809e-01	1.909624e+00
268	5.042791e-01	3.529850e-01	2.625794e+00
269	4.468000e-01	7.569958e-01	1.564729e+00
270	4.649289e-01	4.702474e-01	2.984367e+00
271	8.579247e-01	9.126173e-01	2.497802e+00
272	8.579912e-01	9.126772e-01	1.802149e+00
273	5.586875e-01	4.386997e-01	2.693210e+00
274	5.542801e-01	4.462309e-01	2.276014e+00
276	5.475053e-01	5.138169e-01	1.245237e+00
277	9.922599e-01	5.814215e-01	2.910112e+00
278	4.817270e-01	4.235121e-01	1.489497e+00
279	4.991529e-01	4.819387e-01	2.305325e+00
280	8.612702e-01	9.436883e-01	2.963850e+00
281	4.804630e-01	4.243389e-01	2.689301e+00
282	5.193696e-01	4.212084e-01	1.346849e+00
283	5.019500e-01	4.361437e-01	2.447973e+00
284	5.066910e-01	4.233538e-01	1.591109e+00
285	5.748590e-01	4.036585e-01	1.931119e+00
287	4.881319e-01	4.782060e-01	2.687347e+00
288	5.297264e-01	4.603554e-01	2.787982e+00
289	4.517501e-01	4.269631e-01	1.510015e+00
291	5.041378e-01	4.129044e-01	2.193942e+00
292	4.792293e-01	4.217383e-01	2.918906e+00
293	4.267028e-01	3.890305e-01	1.734734e+00
294	8.840433e-01	8.815688e-01	1.119199e+00
295	3.829007e-01	6.547096e-01	1.631168e+00
296	4.470819e-01	4.862702e-01	1.258915e+00
297	5.263016e-01	4.364367e-01	2.458720e+00
298	5.301397e-01	4.223506e-01	2.134343e+00
299	4.861448e-01	4.357524e-01	2.662921e+00
300	5.019019e-01	4.117472e-01	2.924768e+00
301	5.443179e-01	4.515482e-01	2.983390e+00
302	9.476309e-01	4.628988e-01	2.305325e+00
303	9.480440e-01	6.063463e-01	2.763556e+00
304	9.536516e-01	4.692998e-01	2.374695e+00
305	4.738262e-01	4.403512e-01	1.703468e+00
306	4.154097e-01	4.574937e-01	1.246214e+00
308	7.115395e-01	5.536404e-01	2.925745e+00
309	4.792470e-01	4.081093e-01	1.857841e+00
310	4.874468e-01	4.667363e-01	2.601368e+00
311	4.936414e-01	4.158293e-01	2.413776e+00
312	4.505846e-01	4.958110e-01	2.569126e+00
314	2.686684e-01	7.000352e-01	1.865657e+00
315	9.348946e-01	2.232617e-01	1.048852e+00
316	5.172608e-01	4.463972e-01	2.574988e+00
317	4.912507e-01	4.081074e-01	1.598925e+00
318	8.055689e-01	3.203636e-01	2.264289e+00
319	5.489609e-01	4.603136e-01	1.176844e+00
320	8.174805e-01	3.302121e-01	1.061553e+00
321	8.785365e-01	8.573311e-01	2.460674e+00
322	5.104064e-01	4.221325e-01	2.526136e+00
323	8.794864e-01	8.586733e-01	2.587689e+00
324	4.064830e-01	5.651598e-01	1.928188e+00
325	4.667360e-01	4.200201e-01	2.006351e+00
326	4.683189e-01	4.176000e-01	1.041036e+00
327	5.182487e-01	4.340274e-01	1.793356e+00
328	8.778517e-01	8.678222e-01	1.312653e+00
329	4.203076e-01	5.409861e-01	1.860772e+00
330	5.448486e-01	4.725757e-01	1.389839e+00
331	4.886191e-01	4.071016e-01	1.052760e+00
332	4.196255e-01	5.422167e-01	1.156326e+00
334	4.015202e-01	5.705910e-01	1.981925e+00
335	5.692183e-01	5.218998e-01	2.256473e+00
336	4.939341e-01	4.615773e-01	2.368832e+00
337	4.248818e-01	3.809995e-01	2.024915e+00
338	6.984375e-01	5.398204e-02	1.087934e+00
339	5.671646e-01	5.184942e-01	1.266732e+00
340	3.990142e-01	5.922668e-01	1.348803e+00
341	8.978222e-01	8.278675e-01	2.472399e+00
342	5.654836e-01	4.229164e-01	2.288715e+00
344	5.196121e-01	4.466005e-01	2.745970e+00
345	5.178338e-01	4.477131e-01	2.490962e+00
346	9.567795e-01	4.591555e-01	2.515388e+00
347	4.497333e-01	5.226764e-01	1.545188e+00
348	4.600583e-01	4.363341e-01	2.662921e+00
349	4.327302e-01	3.673728e-01	2.264289e+00
350	4.402026e-01	4.700692e-01	2.905227e+00
351	4.644784e-01	4.580977e-01	1.058622e+00
352	9.514122e-01	9.177634e-01	2.764533e+00
353	5.096756e-01	5.464100e-01	2.152907e+00
354	8.771404e-01	5.180442e-01	2.784074e+00
355	4.866817e-01	4.190316e-01	2.445042e+00
356	7.065092e-01	6.687570e-01	2.852467e+00
357	4.726362e-01	5.077059e-01	2.070835e+00
358	4.152387e-01	4.619957e-01	1.406448e+00
359	7.817415e-01	1.550081e-01	1.751343e+00
360	5.358959e-01	5.131697e-01	2.077675e+00
361	4.473581e-01	4.671719e-01	1.601856e+00
362	9.373983e-01	4.560169e-01	2.012213e+00
364	5.771281e-01	4.938424e-01	2.048363e+00
365	8.546159e-01	8.583777e-01	2.781143e+00
366	5.914233e-01	4.518968e-01	2.779189e+00
367	5.663413e-01	4.612677e-01	2.617978e+00
369	4.051567e-01	4.427926e-01	1.698583e+00
371	3.796938e-01	6.400068e-01	1.948705e+00
372	4.630401e-01	4.734862e-01	1.416219e+00
373	9.334459e-01	3.350257e-01	1.745481e+00
374	9.611952e-01	3.363574e-01	1.994626e+00
375	5.267761e-01	4.851755e-01	2.291646e+00
376	4.085766e-01	6.152959e-01	1.868588e+00
377	5.262202e-01	4.622953e-01	2.511480e+00
378	4.499899e-01	6.005241e-01	2.596483e+00
379	5.269005e-01	4.446113e-01	2.855398e+00
380	3.824802e-02	8.189563e-01	2.172447e+00
381	5.237366e-01	4.398074e-01	1.312653e+00
382	5.397455e-01	4.472423e-01	1.787494e+00
383	5.428379e-01	4.705287e-01	2.252565e+00
384	4.217825e-01	4.605846e-01	1.978017e+00
385	5.208028e-01	4.225038e-01	2.965804e+00
386	4.471996e-01	4.238543e-01	2.221299e+00
387	5.557605e-01	4.819772e-01	1.701514e+00
388	5.778736e-01	4.199092e-01	1.135809e+00
389	5.302861e-01	4.423239e-01	2.997069e+00
390	9.117826e-01	5.187738e-01	2.470445e+00
391	5.313121e-01	4.086858e-01	2.362970e+00
392	3.614376e-01	8.069922e-01	2.553493e+00
393	5.191566e-01	4.410388e-01	1.347826e+00
394	3.288563e-01	8.172071e-01	2.896434e+00
395	4.690322e-01	3.977472e-01	1.857841e+00
396	5.820420e-01	4.287819e-01	1.669272e+00
397	3.487732e-01	7.986190e-01	1.726917e+00
398	4.030544e-01	5.719457e-01	2.604299e+00
399	4.465243e-01	4.060792e-01	2.089399e+00
400	3.582304e-01	6.951607e-01	1.552027e+00
401	2.822873e-01	7.302957e-01	1.769907e+00
402	5.533481e-01	4.566844e-01	1.382022e+00
403	4.596783e-01	4.561535e-01	2.510503e+00
404	3.978936e-01	8.090500e-01	1.640938e+00
405	4.437381e-01	4.019483e-01	2.933561e+00
406	3.836885e-01	7.678729e-01	1.033219e+00
407	4.862536e-01	3.972218e-01	1.408403e+00
408	4.438422e-01	4.207290e-01	2.767465e+00
409	4.486571e-01	4.011443e-01	1.526624e+00
410	4.412932e-01	4.509162e-01	1.456277e+00
411	3.612581e-01	7.379202e-01	1.054714e+00
412	5.611823e-01	4.435372e-01	2.601368e+00
413	5.744734e-01	4.620539e-01	2.193942e+00
414	1.222155e-01	6.693190e-01	2.321935e+00
415	5.781050e-01	4.232754e-01	1.564729e+00
416	4.932039e-01	3.934755e-01	1.679043e+00
417	3.105514e-01	8.119703e-01	2.034685e+00
418	3.627093e-01	7.401928e-01	2.564240e+00
419	4.495846e-01	4.596779e-01	2.311187e+00
420	4.570142e-01	3.713161e-01	1.297997e+00
421	4.978524e-01	3.613679e-01	2.873962e+00
422	4.276163e-01	4.024365e-01	2.202736e+00
423	5.103243e-01	4.080447e-01	2.653151e+00
424	5.497133e-02	9.827897e-01	1.693698e+00
425	6.526203e-01	7.309226e-01	2.461651e+00
426	4.998301e-01	3.958914e-01	1.679043e+00
427	3.743193e-01	5.598898e-01	2.991207e+00
428	2.755715e-01	8.307150e-01	2.857352e+00
429	4.514876e-01	4.374545e-01	1.913532e+00
430	2.776086e-01	7.303964e-01	1.216903e+00
431	2.820166e-01	8.423576e-01	1.214949e+00
432	5.056922e-02	9.438451e-01	2.294577e+00
433	3.528837e-01	7.372049e-01	1.005862e+00
434	5.265513e-01	4.067935e-01	2.227162e+00
435	3.830875e-01	8.047316e-01	1.723009e+00
436	3.873220e-01	9.363927e-01	1.113337e+00
437	5.507762e-01	6.321194e-01	1.491451e+00
438	5.752128e-01	4.475201e-01	1.692721e+00
439	1.539383e-01	7.835294e-01	1.154372e+00
440	2.899450e-01	7.429028e-01	1.851001e+00
441	4.724443e-01	4.656602e-01	2.418661e+00
442	3.904994e-01	7.900124e-01	1.874450e+00
443	2.939283e-01	7.781725e-01	1.591109e+00
444	3.688559e-01	7.415823e-01	2.199805e+00
445	4.729589e-01	7.564191e-01	2.208598e+00
446	4.762056e-01	4.622771e-01	1.322423e+00
447	4.105796e-01	4.500398e-01	2.361016e+00
448	9.529617e-01	7.686782e-01	1.207132e+00
450	3.562543e-01	5.353231e-01	1.815828e+00
451	4.444039e-01	5.790052e-01	1.328285e+00
452	3.307664e-01	6.996881e-01	2.272106e+00
454	3.321841e-01	7.012732e-01	1.883244e+00
455	2.898615e-01	8.225272e-01	1.599902e+00
457	9.095436e-01	6.035677e-01	2.343429e+00
458	3.663029e-01	7.480815e-01	1.749389e+00
459	5.492960e-01	4.527780e-01	1.835369e+00
460	9.280063e-01	7.434122e-01	2.608207e+00
461	7.386044e-01	6.088694e-01	1.065462e+00
462	4.338935e-01	7.262099e-01	1.698583e+00
463	3.701337e-01	7.605603e-01	2.761602e+00
464	2.655275e-01	7.325465e-01	1.744504e+00
465	2.832690e-01	8.215242e-01	1.961407e+00
466	3.714518e-01	7.581803e-01	2.449927e+00
467	4.473130e-01	4.552295e-01	2.669761e+00
469	2.367057e-01	7.872229e-01	2.597460e+00
470	3.542785e-01	7.383361e-01	2.960918e+00
471	1.799293e-01	7.864407e-01	1.451392e+00
472	3.506639e-01	7.407148e-01	1.655594e+00
473	4.488980e-01	4.551031e-01	2.572057e+00
475	6.927528e-01	6.001855e-01	1.234489e+00
476	3.858195e-01	8.024206e-01	1.607719e+00
477	5.028263e-01	4.541279e-01	2.643381e+00
479	7.403568e-01	6.587739e-01	1.233512e+00
481	5.184458e-01	6.707818e-01	2.058134e+00
482	4.052768e-01	7.653503e-01	2.221299e+00
483	2.017558e-01	7.961143e-01	1.083048e+00
484	5.268439e-01	6.799275e-01	2.453835e+00
485	6.760912e-01	8.098217e-01	2.829018e+00
486	3.671703e-01	7.390362e-01	2.169516e+00
487	6.808706e-01	7.877915e-01	2.371764e+00
488	5.193112e-01	6.598772e-01	1.634099e+00
489	7.084453e-01	6.742628e-01	1.314607e+00
490	9.097850e-01	6.014884e-01	2.292623e+00
491	7.193415e-01	5.314643e-01	1.759160e+00
493	3.216840e-01	7.123567e-01	2.942355e+00
494	9.097555e-01	5.995881e-01	1.358574e+00
496	4.415683e-02	9.758922e-01	1.757206e+00
498	3.690280e-01	7.287463e-01	2.251588e+00
499	4.563187e-01	5.019805e-01	1.474841e+00
501	5.375271e-01	6.671742e-01	2.850513e+00
502	5.103641e-01	4.355309e-01	2.543723e+00
504	4.277074e-02	7.270516e-01	1.375183e+00
505	3.683214e-01	7.398070e-01	1.170005e+00
506	5.144253e-01	4.353571e-01	2.011236e+00
507	4.148278e-01	8.050988e-01	2.982413e+00
508	4.191709e-01	4.841755e-01	1.578407e+00
509	7.108349e-01	6.558759e-01	2.904250e+00
511	5.314266e-01	3.829949e-01	2.948217e+00
512	2.272105e-01	5.807215e-01	1.856864e+00
514	3.733570e-01	7.781548e-01	1.780655e+00
515	3.631385e-01	7.102993e-01	1.223742e+00
516	3.725700e-01	7.755867e-01	2.928676e+00
517	5.264550e-01	6.712460e-01	1.055691e+00
518	3.723520e-01	7.800661e-01	2.823156e+00
519	4.312041e-01	7.833902e-01	2.886663e+00
520	8.349917e-01	8.744652e-01	1.931119e+00
521	4.977621e-01	4.211955e-01	1.391793e+00
522	5.490415e-01	6.182120e-01	1.467025e+00
523	5.071333e-01	4.941860e-01	1.512946e+00
524	9.079661e-01	3.338408e-01	1.960430e+00
525	9.081257e-01	3.299630e-01	2.254519e+00
526	5.658695e-01	4.082243e-01	2.899365e+00
527	4.141674e-01	7.573513e-01	2.728383e+00
528	5.404296e-01	3.942595e-01	1.247191e+00
529	5.697932e-01	3.908754e-01	1.802149e+00
531	5.484481e-01	3.841824e-01	1.663410e+00
532	5.737298e-01	3.604913e-01	2.556424e+00
533	9.037636e-01	3.318203e-01	2.947240e+00
534	5.466467e-01	3.986922e-01	2.475330e+00
535	4.262044e-01	7.415745e-01	1.237421e+00
536	2.434135e-01	7.855625e-01	2.923791e+00
537	6.558188e-01	7.449686e-01	2.906204e+00
538	8.940015e-01	1.834265e-01	2.668784e+00
539	4.868315e-01	4.097280e-01	2.476307e+00
540	4.671779e-01	3.145675e-01	2.065950e+00
541	5.448407e-01	3.909575e-01	1.983879e+00
542	5.375248e-01	5.414586e-01	1.982902e+00
543	2.067264e-01	7.658606e-01	2.643381e+00
544	7.633002e-01	2.899339e-01	1.637030e+00
545	6.650355e-01	7.476622e-01	1.338056e+00
546	4.597933e-01	2.902071e-01	2.406937e+00
547	6.530075e-01	5.788375e-01	1.422081e+00
548	7.843138e-01	2.904497e-01	2.956033e+00
549	5.241160e-01	4.416485e-01	2.601368e+00
550	6.686685e-01	7.343577e-01	1.846116e+00
551	5.402266e-01	4.041559e-01	1.264778e+00
552	7.829221e-01	2.928606e-01	1.119199e+00
553	5.823873e-01	3.745263e-01	1.956522e+00
554	6.155900e-01	6.110249e-01	2.971666e+00
555	5.287197e-01	4.330486e-01	2.149976e+00
556	5.238763e-01	5.834301e-01	1.574499e+00
557	7.752591e-01	2.854498e-01	1.775769e+00
558	8.179922e-01	3.381709e-01	1.542257e+00
559	7.729749e-01	2.825973e-01	2.984367e+00
560	3.806713e-01	7.825805e-01	2.563263e+00
562	5.652779e-01	6.088784e-01	1.577430e+00
564	6.872633e-01	7.762608e-01	1.125061e+00
565	4.732384e-01	3.850358e-01	2.955056e+00
566	4.143228e-01	4.065180e-01	2.865169e+00
567	5.491385e-01	4.080710e-01	1.672203e+00
568	3.830882e-01	7.178508e-01	1.198339e+00
569	3.435822e-01	7.487449e-01	2.513434e+00
570	5.642484e-01	6.302737e-01	1.853933e+00
571	5.348478e-01	4.321294e-01	2.858329e+00
572	5.501010e-01	4.082951e-01	1.574499e+00
573	7.865591e-01	3.108215e-01	1.432829e+00
574	5.506485e-01	4.102642e-01	1.500244e+00
576	3.866931e-01	7.611694e-01	1.323400e+00
578	6.847265e-01	7.314332e-01	2.147044e+00
579	5.401889e-01	4.333000e-01	2.698095e+00
580	4.157771e-01	7.522292e-01	2.203713e+00
581	5.385550e-01	3.923985e-01	1.364436e+00
582	5.544615e-01	4.604513e-01	2.076698e+00
583	1.823573e-01	7.994957e-01	2.011236e+00
584	9.629759e-01	4.379346e-02	1.412311e+00
586	3.839964e-01	7.407849e-01	1.215926e+00
587	5.375268e-01	4.251402e-01	2.299463e+00
588	3.844635e-01	7.547743e-01	1.683928e+00
589	3.627094e-01	7.445631e-01	2.081583e+00
590	3.843360e-01	7.487647e-01	2.350269e+00
591	7.881145e-02	8.376181e-01	2.268197e+00
592	7.135868e-02	8.485146e-01	2.728383e+00
593	3.796878e-01	7.419335e-01	1.194431e+00
594	3.567663e-01	7.457173e-01	2.515388e+00
597	5.895347e-01	5.862454e-01	1.865657e+00
599	5.738646e-01	5.756531e-01	1.802149e+00
600	5.166398e-01	4.205257e-01	1.367367e+00
601	3.156164e-01	7.668635e-01	1.148510e+00
603	3.022456e-02	6.892136e-01	1.424035e+00
604	3.933977e-01	7.150918e-01	1.613581e+00
605	3.808616e-01	7.404260e-01	2.427455e+00
606	7.715804e-01	3.015084e-01	2.196873e+00
607	4.715241e-01	5.210975e-01	1.355642e+00
608	3.981219e-01	7.898476e-01	2.386419e+00
609	4.542542e-01	4.955892e-01	1.294089e+00
610	4.296691e-01	4.979793e-01	1.687836e+00
611	2.980432e-01	7.567693e-01	1.146556e+00
613	5.658308e-01	3.704649e-01	1.597948e+00
614	3.082938e-01	7.667434e-01	2.412799e+00
617	6.484358e-01	6.156100e-01	1.227650e+00
618	3.085874e-01	7.480574e-01	2.522228e+00
619	5.205887e-01	3.461039e-01	1.437714e+00
620	4.068297e-01	5.719587e-01	1.523693e+00
621	3.313874e-01	7.996844e-01	1.221788e+00
622	4.179797e-01	5.814327e-01	1.652662e+00
623	4.902080e-01	5.177676e-01	1.269663e+00
624	3.114261e-01	7.685053e-01	2.967758e+00
625	3.091717e-01	7.562784e-01	2.952125e+00
626	5.778840e-01	3.907770e-01	2.546654e+00
627	5.509108e-01	6.163662e-01	1.818759e+00
628	1.557986e-01	7.934424e-01	1.919394e+00
629	5.596159e-01	6.170149e-01	2.563263e+00
630	5.501887e-01	3.680285e-01	1.451392e+00
631	5.419294e-01	3.801158e-01	1.718124e+00
632	4.831458e-01	4.457711e-01	1.207132e+00
633	5.876946e-01	4.861597e-01	1.236444e+00
634	4.600663e-01	5.350855e-01	2.622863e+00
635	2.953330e-01	7.431423e-01	2.549585e+00
636	3.121902e-01	7.695578e-01	2.966781e+00
638	1.278252e-01	9.053375e-01	2.471422e+00
639	4.732874e-01	3.129625e-01	2.395213e+00
641	1.171870e-01	9.003440e-01	2.828041e+00
642	5.163162e-01	4.821017e-01	1.534441e+00
643	2.356286e-01	7.906864e-01	1.550073e+00
644	4.295629e-01	4.681375e-01	1.610650e+00
645	5.983159e-01	5.310506e-01	1.612604e+00
646	5.424782e-01	4.894565e-01	1.086957e+00
647	4.948633e-02	9.227043e-01	2.326820e+00
648	4.016008e-01	7.932704e-01	2.282853e+00
649	3.466883e-01	4.962886e-01	1.573522e+00
650	5.907379e-01	5.246012e-01	2.497802e+00
651	9.273667e-03	8.834044e-01	1.234489e+00
652	4.915959e-01	4.823531e-01	1.752320e+00
653	5.714677e-01	6.104692e-01	1.589155e+00
655	5.825134e-01	4.820759e-01	1.209086e+00
656	5.335263e-01	5.310245e-01	2.755740e+00
657	4.344880e-01	4.064437e-01	1.499267e+00
658	5.425585e-01	5.121062e-01	1.014656e+00
659	2.339677e-01	7.933991e-01	2.891549e+00
660	5.545913e-01	4.753696e-01	2.478261e+00
661	5.659860e-01	6.113755e-01	1.898876e+00
662	4.891389e-01	4.946364e-01	1.188569e+00
663	5.365414e-01	4.731232e-01	2.785051e+00
664	4.106995e-01	4.173674e-01	2.945286e+00
665	5.394535e-01	4.889801e-01	2.458720e+00
666	3.958688e-01	7.689509e-01	2.673669e+00
667	4.831210e-01	4.519908e-01	1.399609e+00
668	5.009071e-01	5.106555e-01	2.604299e+00
669	5.385498e-01	5.064350e-01	1.529555e+00
670	5.790104e-01	5.247658e-01	2.823156e+00
671	4.286587e-01	2.264909e-01	2.826087e+00
672	3.434147e-01	7.702563e-01	2.844651e+00
673	5.240933e-01	4.956969e-01	2.290669e+00
674	3.301343e-01	7.671874e-01	2.188080e+00
675	5.374802e-01	5.076193e-01	2.570103e+00
676	5.392525e-01	4.745025e-01	2.396190e+00
677	2.983494e-01	5.436997e-01	1.318515e+00
678	2.443504e-01	8.944746e-01	1.733757e+00
679	5.680766e-01	4.683105e-01	2.605276e+00
680	4.511941e-01	4.544482e-02	2.683439e+00
681	4.859070e-01	4.511749e-01	1.587201e+00
682	5.188817e-01	5.225990e-01	1.375183e+00
683	4.163289e-01	4.850110e-01	2.298486e+00
684	2.695797e-01	7.506481e-01	1.285296e+00
685	5.883116e-01	4.902805e-01	2.983390e+00
686	4.493921e-01	8.190424e-01	1.195408e+00
687	5.624772e-01	9.727634e-01	2.667807e+00
688	5.380970e-01	4.914759e-01	2.414753e+00
689	6.903875e-01	6.013277e-01	1.843185e+00
690	5.524227e-01	4.673429e-01	2.396190e+00
691	2.817657e-01	7.530012e-01	1.656571e+00
692	4.942586e-01	3.462808e-01	3.000000e+00
693	5.385465e-01	4.880534e-01	2.728383e+00
694	6.620050e-01	9.460235e-01	1.133854e+00
696	4.452108e-01	4.414053e-01	1.944797e+00
697	4.450423e-01	4.343473e-01	2.883732e+00
698	5.224233e-01	4.187705e-01	2.383488e+00
699	4.942617e-01	4.855140e-01	2.506595e+00
700	5.434069e-01	4.737972e-01	1.786517e+00
701	3.345314e-01	8.194712e-01	2.893503e+00
702	5.275060e-01	5.010893e-01	2.981436e+00
703	5.877471e-01	3.706071e-01	2.663898e+00
704	5.415593e-01	4.958631e-01	2.227162e+00
705	4.533404e-01	4.312984e-01	1.527601e+00
706	5.309915e-01	4.438945e-01	2.610161e+00
707	3.955031e-01	4.225416e-01	1.058622e+00
708	5.423978e-01	5.159307e-01	2.782120e+00
709	5.855247e-02	6.942029e-01	1.854910e+00
710	6.795113e-01	8.319782e-01	1.518808e+00
712	5.364371e-01	4.929069e-01	2.109917e+00
714	5.455520e-01	5.227645e-01	2.074744e+00
715	5.407138e-01	4.923963e-01	2.319003e+00
716	2.090386e-01	8.031722e-01	1.290181e+00
717	5.359264e-01	4.902509e-01	1.286273e+00
718	5.263035e-01	4.953402e-01	1.881290e+00
719	4.926768e-01	4.550745e-01	1.664387e+00
720	7.614986e-01	8.024987e-01	1.242306e+00
721	5.266529e-01	6.183787e-01	1.927211e+00
722	4.501731e-01	4.410946e-01	2.820225e+00
723	2.196845e-01	7.679224e-01	2.792868e+00
724	5.364348e-01	4.673706e-01	1.201270e+00
725	4.023611e-01	4.214244e-01	1.898876e+00
726	7.580939e-01	8.380571e-01	2.183195e+00
727	4.354624e-01	4.436271e-01	1.782609e+00
729	5.461974e-01	5.073409e-01	1.561798e+00
730	5.382648e-01	5.029603e-01	2.282853e+00
731	5.296630e-01	4.866757e-01	2.210552e+00
732	5.480621e-01	3.663976e-01	1.020518e+00
733	5.085990e-01	4.839067e-01	1.784563e+00
734	4.679998e-01	1.696252e-01	1.910601e+00
735	5.349082e-01	5.043319e-01	1.275525e+00
736	5.570586e-01	4.883102e-01	1.212995e+00
737	5.417370e-01	6.243264e-01	2.964827e+00
738	5.363250e-01	5.042190e-01	2.079629e+00
740	4.232026e-01	6.257531e-01	1.187592e+00
741	4.391596e-01	4.464499e-01	1.258915e+00
742	6.942636e-01	9.991073e-01	2.565217e+00
744	5.478028e-01	5.114073e-01	1.999511e+00
745	4.721727e-01	4.680774e-01	1.264778e+00
746	5.743175e-01	4.654437e-01	1.110405e+00
747	6.400813e-01	4.346902e-01	1.107474e+00
749	6.407823e-01	4.247116e-01	1.070347e+00
751	4.556219e-01	4.647663e-01	2.400098e+00
752	5.644667e-01	4.784751e-01	2.871031e+00
753	4.685302e-01	4.579345e-01	2.739130e+00
754	4.187317e-01	8.254139e-01	1.681974e+00
755	5.323725e-01	3.354917e-01	2.061065e+00
760	3.783666e-01	1.210056e-02	1.180752e+00
761	6.304940e-01	5.762688e-01	1.073278e+00
763	7.321468e-01	4.530957e-01	2.799707e+00
765	2.850493e-01	8.653069e-02	1.803127e+00
766	7.119842e-01	8.310015e-01	2.775281e+00
768	4.299584e-01	4.555624e-01	2.010259e+00
770	5.712143e-01	4.886332e-01	1.700537e+00
771	4.521034e-01	4.271995e-01	1.339033e+00
772	6.736165e-01	4.210249e-01	2.227162e+00
773	5.934708e-01	3.692872e-01	2.482169e+00
774	6.234441e-01	5.715545e-01	2.958964e+00
775	4.487570e-01	4.448526e-01	1.443576e+00
776	5.907565e-01	3.895621e-01	2.381534e+00
777	4.290672e-01	5.906567e-01	1.971177e+00
778	6.102461e-01	5.408604e-01	2.960918e+00
779	3.961883e-01	3.852787e-01	1.812897e+00
780	3.438603e-01	4.935798e-03	1.991695e+00
781	6.442680e-01	4.330259e-01	1.170982e+00
782	5.400733e-01	5.083717e-01	1.277479e+00
785	5.651729e-01	5.973738e-01	1.176844e+00
786	5.584710e-01	7.595207e-01	1.636053e+00
787	1.103776e-01	3.622374e-01	1.790425e+00
788	4.361485e-01	4.528958e-01	2.336590e+00
789	5.102470e-01	4.689028e-01	1.343918e+00
790	5.239727e-01	4.898716e-01	1.905716e+00
791	4.577287e-01	3.730832e-01	1.784563e+00
792	4.791161e-01	1.225216e-01	2.622863e+00
793	5.468204e-01	4.237717e-01	2.063996e+00
794	4.373080e-01	4.500401e-01	2.497802e+00
795	6.685660e-01	4.425107e-01	2.870054e+00
796	8.507017e-01	3.505905e-01	2.862237e+00
797	8.638605e-01	3.646963e-01	2.981436e+00
798	4.810891e-01	9.568367e-01	1.529555e+00
799	5.098540e-01	4.417265e-01	1.729849e+00
800	4.877751e-01	1.650229e-01	2.290669e+00
801	5.090694e-01	4.422623e-01	2.841720e+00
802	5.062950e-01	4.346975e-01	2.195896e+00
803	4.365241e-01	4.493420e-01	1.601856e+00
804	7.514100e-01	6.943494e-01	2.449927e+00
805	4.860119e-01	4.523232e-01	1.462140e+00
806	5.035301e-01	4.353185e-01	2.041524e+00
808	5.094589e-01	4.346353e-01	2.061065e+00
809	5.348707e-01	4.617141e-01	2.130435e+00
810	7.044322e-01	7.630246e-01	2.205667e+00
811	5.094043e-01	4.418321e-01	2.184172e+00
812	5.130001e-01	4.671852e-01	2.747924e+00
813	4.792775e-01	1.792156e-02	2.602345e+00
814	4.224816e-01	4.600257e-01	2.909135e+00
815	5.133565e-01	4.416466e-01	2.777235e+00
816	5.342483e-01	4.444740e-01	1.295066e+00
817	4.941940e-01	4.569726e-01	1.050806e+00
818	4.204534e-01	4.559750e-01	1.191500e+00
819	4.987637e-01	4.423751e-01	1.198339e+00
820	4.876864e-01	4.693770e-01	2.656082e+00
821	4.874558e-01	1.746951e-02	2.353200e+00
822	5.862045e-01	3.976179e-01	1.692721e+00
823	7.109930e-01	7.924626e-01	2.330728e+00
825	5.285242e-01	4.183354e-01	1.906693e+00
826	4.990912e-01	4.477811e-01	2.192965e+00
827	4.902211e-01	5.022633e-01	1.200293e+00
829	4.986374e-01	4.493059e-01	2.361016e+00
830	6.968092e-01	4.842611e-01	2.080606e+00
831	5.066404e-01	8.885116e-01	1.074255e+00
833	4.896516e-01	4.471433e-01	2.017098e+00
834	7.699598e-01	6.239719e-01	2.191011e+00
835	8.169931e-01	3.237861e-01	1.667318e+00
836	6.969974e-01	4.867805e-01	2.229116e+00
837	5.044846e-01	9.016681e-01	1.188569e+00
838	4.255424e-01	4.418609e-01	2.714704e+00
839	4.728200e-01	4.759343e-01	1.979971e+00
840	3.979378e-01	4.815419e-01	2.954079e+00
841	2.278145e-01	9.145450e-01	1.390816e+00
842	3.042808e-01	7.746661e-01	1.803127e+00
843	4.400382e-01	4.401048e-01	1.039082e+00
844	5.070123e-01	9.040005e-01	1.893014e+00
845	4.876242e-01	5.107795e-01	1.778701e+00
846	3.405073e-01	7.963354e-01	1.295066e+00
847	6.707260e-01	7.755106e-01	1.807035e+00
848	4.157820e-01	4.229045e-01	1.102589e+00
849	5.192853e-01	4.293210e-01	1.879336e+00
850	5.192480e-01	4.289215e-01	1.984856e+00
851	5.049794e-01	4.955816e-01	2.238886e+00
852	4.759718e-01	4.367080e-01	2.868100e+00
854	4.631129e-01	4.340893e-01	2.748901e+00
855	6.617912e-01	4.176958e-01	1.578407e+00
857	4.648407e-01	4.364720e-01	1.621397e+00
858	5.038988e-01	4.211553e-01	2.657059e+00
859	4.362679e-01	4.172495e-01	2.404983e+00
860	5.102381e-01	5.250941e-01	2.272106e+00
861	4.536297e-01	4.203390e-01	1.463117e+00
862	4.528899e-01	4.531229e-01	2.316072e+00
863	5.919325e-01	4.705653e-01	2.334636e+00
864	4.469745e-01	5.085461e-01	1.365413e+00
865	5.433296e-01	4.826384e-01	2.105032e+00
866	6.782764e-01	6.765843e-01	1.339033e+00
867	3.631653e-01	7.956155e-01	2.932584e+00
868	6.895167e-01	3.355427e-01	2.770396e+00
869	4.481772e-01	3.964273e-01	2.378603e+00
870	4.500672e-01	4.369113e-01	1.833415e+00
871	4.658877e-01	3.340669e-01	1.663410e+00
872	2.841781e-01	7.777068e-01	2.251588e+00
873	7.832523e-01	5.382255e-01	1.766976e+00
874	4.952906e-01	1.003017e-01	1.575476e+00
875	2.185009e-01	4.912372e-01	2.771373e+00
876	2.957772e-01	7.892667e-01	1.482658e+00
877	6.285393e-01	9.764832e-01	2.633610e+00
878	5.126436e-01	4.390787e-01	2.787005e+00
879	4.455060e-01	4.548498e-01	1.959453e+00
880	4.506933e-01	4.165205e-01	2.187103e+00
881	4.539444e-01	4.799030e-01	2.430386e+00
882	4.959695e-01	7.091693e-02	2.679531e+00
883	5.243482e-01	4.774970e-01	2.191988e+00
884	4.994389e-01	8.150707e-02	2.945286e+00
887	5.268819e-01	5.000799e-01	2.793845e+00
889	5.225889e-01	4.774860e-01	2.132389e+00
890	4.896511e-01	6.002345e-02	1.627259e+00
891	5.381677e-01	4.764674e-01	1.623351e+00
892	4.311455e-01	4.242544e-01	2.772350e+00
893	5.041197e-01	4.392233e-01	1.552027e+00
895	5.174536e-01	5.412900e-01	1.180752e+00
896	5.381201e-01	4.750028e-01	1.632145e+00
897	6.041463e-01	1.805112e-01	1.680997e+00
898	5.773989e-01	2.106860e-01	2.828041e+00
899	7.174980e-01	4.611748e-01	1.703468e+00
900	5.185090e-01	4.841394e-01	1.471910e+00
901	5.365048e-01	4.742144e-01	2.368832e+00
903	4.813245e-01	4.561883e-01	1.961407e+00
904	5.070022e-01	4.359468e-01	1.756229e+00
905	5.444876e-01	4.769070e-01	2.987298e+00
906	4.929018e-01	4.633945e-01	2.332682e+00
907	5.538662e-01	1.523937e-01	1.097704e+00
908	4.512962e-01	4.459726e-01	1.954568e+00
909	4.640379e-01	4.358193e-01	1.704446e+00
912	5.148058e-01	4.202407e-01	1.853933e+00
913	4.982733e-01	8.990610e-02	2.829995e+00
915	4.875736e-01	2.235318e-02	2.232047e+00
916	5.020839e-01	1.173320e-01	2.093307e+00
917	5.479230e-01	4.839442e-01	2.587689e+00
918	7.799205e-01	5.921067e-01	2.698095e+00
919	4.781996e-01	4.530269e-01	1.896922e+00
920	3.799963e-01	8.390291e-01	1.212995e+00
921	3.880264e-01	8.293120e-01	1.502198e+00
922	5.082985e-01	4.394270e-01	2.614069e+00
923	5.027121e-01	1.064323e-01	2.880801e+00
924	5.029438e-01	5.041889e-01	1.956522e+00
925	5.018055e-01	8.205663e-02	2.745970e+00
926	4.944202e-01	1.176431e-01	1.179775e+00
929	5.005610e-01	5.033674e-01	1.935027e+00
930	5.313789e-01	3.846265e-01	1.975085e+00
931	5.611255e-01	4.864559e-01	1.067416e+00
932	5.133689e-01	5.193724e-01	2.024915e+00
933	5.014285e-01	8.346374e-02	2.810454e+00
934	3.170477e-01	3.265342e-01	2.428432e+00
935	4.619723e-01	4.031423e-01	1.957499e+00
936	5.892324e-01	3.902895e-01	2.306302e+00
937	4.826834e-01	3.865937e-01	2.557401e+00
938	5.082495e-01	5.159118e-01	1.243283e+00
939	4.809514e-01	3.989883e-01	2.429409e+00
940	5.784535e-01	5.332188e-01	2.523205e+00
941	6.812790e-01	5.907977e-01	2.842697e+00
942	5.091199e-01	4.321562e-01	2.247680e+00
943	5.504805e-01	4.232318e-01	2.000489e+00
944	4.850997e-01	4.469097e-01	2.446019e+00
945	5.116380e-01	4.442224e-01	2.360039e+00
946	4.773156e-01	4.810708e-01	2.567171e+00
947	4.629315e-01	4.601359e-01	2.415730e+00
948	4.625107e-01	4.888638e-01	1.989741e+00
954	4.891280e-01	4.337176e-01	2.908158e+00
955	5.253217e-01	5.092693e-01	2.731314e+00
956	5.151690e-01	4.413074e-01	2.544700e+00
958	4.963111e-01	4.340653e-01	2.890572e+00
959	5.606167e-01	4.826093e-01	1.654617e+00
960	4.583738e-01	4.605022e-01	1.008793e+00
961	6.597094e-01	1.610414e-01	1.811920e+00
962	5.759233e-01	5.468181e-01	1.260870e+00
963	5.157002e-01	4.463804e-01	1.347826e+00
964	5.087366e-01	4.359683e-01	1.325354e+00
965	5.269995e-01	4.503107e-01	1.420127e+00
966	6.601689e-01	2.377133e-01	2.845628e+00
967	3.309113e-01	7.388466e-01	1.853933e+00
970	5.413637e-01	4.917697e-01	1.303859e+00
971	6.682010e-01	1.756187e-01	2.722521e+00
972	6.095885e-01	4.302775e-01	1.294089e+00
973	4.649316e-01	1.286759e-01	1.675134e+00
974	4.686468e-01	4.782111e-01	2.417684e+00
975	5.336263e-01	5.125867e-01	2.053249e+00
976	5.094161e-01	4.385077e-01	1.276502e+00
978	4.069715e-01	5.553987e-01	2.779189e+00
979	5.065195e-01	5.270607e-01	1.984856e+00
980	6.473313e-01	8.517692e-01	2.295554e+00
981	5.422910e-01	4.768039e-01	1.652662e+00
982	5.523704e-01	4.916183e-01	2.464582e+00
983	4.933946e-01	4.963087e-01	1.763068e+00
984	1.501991e-01	2.496712e-01	2.508549e+00
985	4.857405e-01	4.469415e-01	2.026869e+00
987	6.085481e-01	4.170924e-01	1.160234e+00
988	6.656368e-01	3.619908e-01	2.302394e+00
991	6.454718e-01	1.736485e-01	1.855887e+00
992	4.433958e-01	4.074789e-01	1.384954e+00
993	5.072044e-01	4.773220e-01	2.598437e+00
994	6.038916e-01	2.859966e-01	2.130435e+00
995	5.032574e-01	4.758622e-01	1.690767e+00
996	4.533745e-01	3.545525e-01	2.587689e+00
997	4.500356e-01	4.157667e-01	1.940889e+00
999	5.494890e-01	4.857602e-01	2.099170e+00
999	5.494890e-01	4.857602e-01	2.099170e+00
999	5.494890e-01	4.857602e-01	2.099170e+00
999	5.494890e-01	4.857602e-01	2.099170e+00
999	5.494890e-01	4.857602e-01	2.099170e+00
999	5.494890e-01	4.857602e-01	2.099170e+00
999	5.494890e-01	4.857602e-01	2.099170e+00
999	5.494890e-01	4.857602e-01	2.099170e+00
999	5.494890e-01	4.857602e-01	2.099170e+00
999	5.494890e-01	4.857602e-01	2.099170e+00
999	5.494890e-01	4.857602e-01	2.099170e+00
999	5.494890e-01	4.857602e-01	2.099170e+00
999	5.494890e-01	4.857602e-01	2.099170e+00
999	5.494890e-01	4.857602e-01	2.099170e+00
999	5.494890e-01	4.857602e-01	2.099170e+00
999	5.494890e-01	4.857602e-01	2.099170e+00
999	5.494890e-01	4.857602e-01	2.099170e+00
999	5.494890e-01	4.857602e-01	2.099170e+00
999	5.494890e-01	4.857602e-01	2.099170e+00
999	5.494890e-01	4.857602e-01	2.099170e+00
999	5.494890e-01	4.857602e-01	2.099170e+00
999	5.494890e-01	4.857602e-01	2.099170e+00
999	5.494890e-01	4.857602e-01	2.099170e+00
999	5.494890e-01	4.857602e-01	2.099170e+00
999	5.494890e-01	4.857602e-01	2.099170e+00
999	5.494890e-01	4.857602e-01	2.099170e+00
999	5.494890e-01	4.857602e-01	2.099170e+00
999	5.494890e-01	4.857602e-01	2.099170e+00
999	5.494890e-01	4.857602e-01	2.099170e+00
999	5.494890e-01	4.857602e-01	2.099170e+00
999	5.494890e-01	4.857602e-01	2.099170e+00
999	5.494890e-01	4.857602e-01	2.099170e+00
999	5.494890e-01	4.857602e-01	2.099170e+00
999	5.494890e-01	4.857602e-01	2.099170e+00
999	5.494890e-01	4.857602e-01	2.099170e+00
999	5.494890e-01	4.857602e-01	2.099170e+00
999	5.494890e-01	4.857602e-01	2.099170e+00
999	5.494890e-01	4.857602e-01	2.099170e+00
999	5.494890e-01	4.857602e-01	2.099170e+00
999	5.494890e-01	4.857602e-01	2.099170e+00
999	5.494890e-01	4.857602e-01	2.099170e+00
999	5.494890e-01	4.857602e-01	2.099170e+00
999	5.494890e-01	4.857602e-01	2.099170e+00
999	5.494890e-01	4.857602e-01	2.099170e+00
999	5.494890e-01	4.857602e-01	2.099170e+00
999	5.494890e-01	4.857602e-01	2.099170e+00
999	5.494890e-01	4.857602e-01	2.099170e+00
999	5.494890e-01	4.857602e-01	2.099170e+00
999	5.494890e-01	4.857602e-01	2.099170e+00
999	5.494890e-01	4.857602e-01	2.099170e+00
999	5.494890e-01	4.857602e-01	2.099170e+00
999	5.494890e-01	4.857602e-01	2.099170e+00
999	5.494890e-01	4.857602e-01	2.099170e+00
999	5.494890e-01	4.857602e-01	2.099170e+00
999	5.494890e-01	4.857602e-01	2.099170e+00
999	5.494890e-01	4.857602e-01	2.099170e+00
999	5.494890e-01	4.857602e-01	2.099170e+00
999	5.494890e-01	4.857602e-01	2.099170e+00
999	5.494890e-01	4.857602e-01	2.099170e+00
999	5.494890e-01	4.857602e-01	2.099170e+00
999	5.494890e-01	4.857602e-01	2.099170e+00
999	5.494890e-01	4.857602e-01	2.099170e+00
999	5.494890e-01	4.857602e-01	2.099170e+00
999	5.494890e-01	4.857602e-01	2.099170e+00
999	5.494890e-01	4.857602e-01	2.099170e+00
999	5.494890e-01	4.857602e-01	2.099170e+00
999	5.494890e-01	4.857602e-01	2.099170e+00
999	5.494890e-01	4.857602e-01	2.099170e+00
999	5.494890e-01	4.857602e-01	2.099170e+00
999	5.494890e-01	4.857602e-01	2.099170e+00
999	5.494890e-01	4.857602e-01	2.099170e+00
999	5.494890e-01	4.857602e-01	2.099170e+00
999	5.494890e-01	4.857602e-01	2.099170e+00
999	5.494890e-01	4.857602e-01	2.099170e+00
999	5.494890e-01	4.857602e-01	2.099170e+00
999	5.494890e-01	4.857602e-01	2.099170e+00
999	5.494890e-01	4.857602e-01	2.099170e+00
999	5.494890e-01	4.857602e-01	2.099170e+00
999	5.494890e-01	4.857602e-01	2.099170e+00
999	5.494890e-01	4.857602e-01	2.099170e+00
999	5.494890e-01	4.857602e-01	2.099170e+00
999	5.494890e-01	4.857602e-01	2.099170e+00
999	5.494890e-01	4.857602e-01	2.099170e+00
999	5.494890e-01	4.857602e-01	2.099170e+00
999	5.494890e-01	4.857602e-01	2.099170e+00
999	5.494890e-01	4.857602e-01	2.099170e+00
999	5.494890e-01	4.857602e-01	2.099170e+00
999	5.494890e-01	4.857602e-01	2.099170e+00
999	5.494890e-01	4.857602e-01	2.099170e+00
999	5.494890e-01	4.857602e-01	2.099170e+00
999	5.494890e-01	4.857602e-01	2.099170e+00
999	5.494890e-01	4.857602e-01	2.099170e+00
999	5.494890e-01	4.857602e-01	2.099170e+00
999	5.494890e-01	4.857602e-01	2.099170e+00
999	5.494890e-01	4.857602e-01	2.099170e+00
999	5.494890e-01	4.857602e-01	2.099170e+00
999	5.494890e-01	4.857602e-01	2.099170e+00
999	5.494890e-01	4.857602e-01	2.099170e+00
999	5.494890e-01	4.857602e-01	2.099170e+00
999	5.494890e-01	4.857602e-01	2.099170e+00
999	5.494890e-01	4.857602e-01	2.099170e+00
