1000
0	3.875046e-01	3.837022e-01	1.398632e+00
2	4.425328e-01	5.182312e-01	1.108451e+00
3	5.484395e-01	4.961647e-01	2.925745e+00
4	6.008027e-01	5.309112e-01	2.732291e+00
5	6.652105e-01	4.730870e-01	1.257938e+00
6	4.791956e-01	4.909845e-01	2.424524e+00
7	3.468779e-01	7.303583e-01	1.383000e+00
8	3.795114e-01	7.703705e-01	2.705911e+00
9	3.236201e-01	9.661500e-02	2.526136e+00
10	5.284180e-01	4.275827e-01	2.442110e+00
11	5.206810e-01	4.526158e-01	2.233024e+00
12	6.026907e-01	4.412684e-01	2.376649e+00
14	4.799016e-01	4.676064e-01	1.556913e+00
15	3.446885e-01	7.171261e-01	2.950171e+00
16	2.923626e-01	7.239910e-01	1.066439e+00
17	5.086683e-01	4.729607e-01	1.626282e+00
18	2.991302e-01	4.564932e-01	1.306790e+00
19	4.749181e-01	4.647714e-01	2.902296e+00
21	5.824114e-01	4.459081e-01	1.195408e+00
22	5.000555e-01	4.566073e-01	1.785540e+00
23	4.758048e-01	4.795059e-01	1.248168e+00
24	4.643278e-01	4.689177e-01	1.863703e+00
25	6.904911e-01	5.391042e-01	2.671715e+00
26	4.309261e-01	4.315323e-01	2.487054e+00
27	4.348680e-01	7.651362e-01	1.946751e+00
28	3.408846e-02	9.030424e-01	1.303859e+00
29	2.790479e-01	4.524535e-01	2.152907e+00
30	4.318130e-01	4.338188e-01	1.388862e+00
32	6.435208e-01	4.694010e-01	1.591109e+00
33	3.093170e-01	1.887502e-01	2.205667e+00
34	6.409800e-01	5.280711e-01	2.181241e+00
35	3.270554e-01	4.632199e-01	1.475818e+00
36	6.142193e-01	4.283533e-01	2.309233e+00
37	4.547764e-01	2.680845e-01	2.073766e+00
39	3.328944e-01	2.088922e-01	2.331705e+00
40	6.132017e-01	3.588916e-01	1.126038e+00
41	7.279150e-01	4.971401e-01	2.235955e+00
42	5.600319e-01	3.508462e-01	2.805569e+00
43	1.269097e-01	8.844718e-01	2.819248e+00
44	6.491739e-01	5.518782e-01	2.555447e+00
46	5.340639e-01	5.010138e-01	2.559355e+00
47	5.543114e-01	4.961916e-01	1.895945e+00
48	5.590020e-01	5.574850e-01	1.282364e+00
49	2.191532e-01	1.751704e-01	2.024915e+00
50	4.219637e-01	4.309828e-01	2.750855e+00
51	4.968004e-01	4.340665e-01	2.412799e+00
52	4.842623e-01	4.467390e-01	2.557401e+00
53	5.261431e-01	4.795584e-01	1.648754e+00
54	4.321252e-01	4.338250e-01	1.721055e+00
55	4.302560e-01	4.323474e-01	2.588666e+00
56	4.210193e-01	4.537035e-01	1.525647e+00
57	4.896486e-01	4.927884e-01	2.751832e+00
58	4.024061e-01	7.312957e-01	2.625794e+00
59	3.209451e-01	1.868593e-01	1.663410e+00
60	2.853145e-01	8.232729e-02	1.993649e+00
61	5.147936e-01	4.803194e-01	2.560332e+00
62	5.417224e-01	4.990798e-01	1.696629e+00
63	5.331978e-01	4.982822e-01	1.506106e+00
64	4.953465e-01	4.539313e-01	2.675623e+00
65	4.834018e-01	5.594189e-01	2.497802e+00
66	3.350899e-01	1.789034e-01	1.031265e+00
67	6.373676e-01	5.300486e-01	2.361993e+00
68	4.380545e-01	4.307654e-01	1.866634e+00
69	1.832015e-01	2.411973e-02	2.930630e+00
70	4.832785e-01	3.097783e-01	1.503175e+00
71	2.412400e-01	8.358970e-01	1.135809e+00
72	4.943177e-01	4.941137e-01	2.449927e+00
73	4.900705e-01	4.258421e-01	2.831949e+00
74	4.702831e-01	4.868171e-01	2.317049e+00
75	4.430080e-01	5.413436e-01	2.353200e+00
76	5.173932e-01	4.846772e-01	2.575965e+00
77	4.262652e-01	7.822053e-01	2.922814e+00
78	4.813128e-01	3.681719e-01	2.289692e+00
79	6.456730e-01	4.332640e-01	2.766488e+00
80	8.959663e-02	9.591010e-01	1.522716e+00
81	4.699439e-01	4.518946e-01	2.769419e+00
82	3.891043e-01	7.772275e-01	1.110405e+00
83	4.310247e-01	1.062838e-01	1.554958e+00
84	4.157575e-01	8.659025e-02	1.718124e+00
85	4.777711e-01	4.233433e-01	1.412311e+00
86	2.274370e-01	7.039565e-01	1.951637e+00
87	3.255240e-01	7.518623e-01	1.449438e+00
88	6.608284e-01	3.970853e-01	2.176356e+00
90	4.363033e-01	8.533705e-01	1.212995e+00
91	5.068492e-01	5.543043e-01	1.872496e+00
92	4.499900e-01	4.287250e-01	1.606742e+00
93	5.694716e-01	5.671599e-01	1.183683e+00
94	4.490211e-01	9.024656e-02	1.482658e+00
95	3.922218e-01	3.942935e-01	2.514411e+00
96	4.940510e-01	4.827087e-01	2.736199e+00
97	4.957643e-01	4.942556e-01	1.617489e+00
98	4.460791e-01	4.015877e-01	2.456766e+00
99	5.195168e-01	5.570992e-01	1.406448e+00
100	4.187041e-01	7.846545e-01	2.453835e+00
102	4.755555e-01	4.694013e-01	2.712750e+00
103	4.716904e-01	6.691822e-01	2.877870e+00
104	4.363191e-01	6.397349e-01	1.533464e+00
105	3.954279e-01	7.581263e-01	2.169516e+00
106	3.192833e-01	7.161166e-01	2.160723e+00
107	2.504777e-01	4.012381e-01	2.483146e+00
108	4.539210e-01	1.859364e-01	1.538349e+00
109	4.680756e-01	4.229370e-01	1.117245e+00
110	3.601135e-01	3.964946e-01	2.709819e+00
111	1.989847e-01	7.138985e-01	2.039570e+00
112	3.597998e-01	4.224895e-01	2.929653e+00
113	5.747971e-01	5.192368e-01	2.125550e+00
114	3.635264e-01	7.563608e-01	2.148999e+00
115	4.755165e-01	8.134399e-02	2.027846e+00
116	4.666288e-01	4.352292e-01	1.206155e+00
117	3.622941e-01	3.895905e-01	2.689301e+00
118	5.671865e-01	5.009199e-01	1.997557e+00
119	2.666505e-01	7.100778e-01	1.753298e+00
120	5.088346e-01	4.801360e-01	1.491451e+00
121	4.741551e-01	4.307909e-01	2.381534e+00
122	3.006615e-01	7.206566e-01	1.837323e+00
123	4.769132e-01	2.916425e-01	2.723498e+00
126	3.386991e-01	2.878497e-01	1.216903e+00
127	5.851030e-01	5.257181e-01	1.385931e+00
129	2.308597e-01	7.516810e-01	1.094773e+00
130	5.445241e-01	4.809072e-01	1.887152e+00
131	5.094307e-01	6.589912e-01	1.869565e+00
132	3.134038e-01	2.214340e-01	2.657059e+00
133	2.825559e-01	7.376860e-01	1.905716e+00
134	4.549063e-01	4.620416e-01	2.319980e+00
135	2.344812e-01	7.447894e-01	1.549096e+00
136	4.222625e-01	4.022929e-01	1.155349e+00
137	4.672416e-01	4.371127e-01	1.261847e+00
138	3.224610e-01	1.772428e-01	1.308745e+00
139	2.805844e-01	7.289790e-01	1.148510e+00
141	4.621058e-01	4.630770e-01	1.865657e+00
142	5.166128e-01	6.048156e-01	2.988276e+00
143	2.832341e-01	8.607261e-01	1.479726e+00
144	2.800148e-01	7.299079e-01	1.016610e+00
145	5.711453e-01	5.848828e-01	2.095261e+00
146	4.606485e-01	4.663130e-01	2.442110e+00
147	2.805729e-01	8.619364e-01	1.070347e+00
148	5.694530e-01	5.424322e-01	1.417196e+00
149	3.574257e-01	7.409432e-01	2.817294e+00
150	2.829629e-01	8.563916e-01	1.164143e+00
151	5.585078e-01	5.667970e-01	2.738153e+00
152	2.564058e-01	5.264498e-01	2.338544e+00
153	2.871403e-01	7.295222e-01	1.282364e+00
154	5.052436e-01	5.542029e-01	2.676600e+00
155	2.875036e-01	7.300329e-01	2.443087e+00
156	1.724817e-01	7.157373e-01	2.375672e+00
157	2.665215e-01	7.192373e-01	1.220811e+00
158	2.891246e-01	8.555447e-01	2.208598e+00
159	7.384930e-01	4.384673e-01	2.407914e+00
162	4.642143e-01	4.348451e-01	2.277968e+00
164	4.748475e-01	3.923441e-01	2.409868e+00
165	4.733745e-01	3.740851e-01	2.083537e+00
166	5.136213e-01	4.569953e-01	2.286761e+00
167	5.446800e-01	5.830313e-01	1.194431e+00
168	4.880316e-01	4.586206e-01	2.818271e+00
169	4.067872e-01	3.025900e-01	2.827064e+00
170	6.898486e-01	5.332725e-01	1.684905e+00
171	6.981440e-01	4.290498e-01	1.999511e+00
172	4.607896e-01	4.995266e-01	1.956522e+00
174	5.595053e-01	3.380754e-01	2.323889e+00
175	6.660075e-01	5.235022e-01	2.501710e+00
176	4.782844e-01	3.788235e-01	2.395213e+00
177	4.839363e-01	3.789965e-01	2.719590e+00
178	4.632141e-01	2.521993e-01	2.937469e+00
179	5.768741e-01	6.221820e-01	2.803615e+00
180	3.154408e-01	1.323530e-01	1.322423e+00
182	5.826605e-01	6.141443e-01	1.794333e+00
183	4.865996e-01	3.945491e-01	2.611138e+00
184	4.911428e-01	4.084046e-01	1.724963e+00
185	4.753515e-01	4.055455e-01	1.983879e+00
186	5.071726e-01	4.716417e-01	2.181241e+00
188	5.742189e-01	4.976568e-01	1.295066e+00
189	4.620596e-01	4.145525e-01	1.970200e+00
190	5.497070e-01	4.356692e-01	2.387396e+00
191	5.978078e-01	4.738248e-01	2.386419e+00
192	6.357142e-01	5.337233e-01	2.647289e+00
193	4.910384e-01	4.667379e-01	1.686859e+00
195	5.140358e-01	4.677695e-01	1.553981e+00
196	4.493025e-01	3.717620e-01	1.764045e+00
197	5.271195e-01	5.894152e-01	1.632145e+00
199	4.023425e-01	3.204689e-01	1.235467e+00
200	4.277249e-01	4.674679e-01	2.251588e+00
201	3.910611e-01	6.000978e-01	1.751343e+00
202	6.134726e-01	4.895771e-01	1.715193e+00
203	5.855164e-01	4.953497e-01	2.109917e+00
204	4.112031e-01	4.583099e-01	2.137274e+00
205	4.485067e-01	4.926447e-01	2.099170e+00
206	4.952612e-01	4.901713e-01	2.057157e+00
207	4.314672e-01	4.561689e-01	2.246702e+00
208	5.178106e-01	3.754989e-01	1.894968e+00
209	5.088654e-01	4.810735e-01	2.453835e+00
210	2.737379e-01	4.594562e-01	2.834880e+00
211	3.648166e-01	4.306161e-01	2.215437e+00
212	4.194078e-01	4.477902e-01	2.153884e+00
213	5.107402e-01	4.355080e-01	2.475330e+00
214	5.940575e-01	5.320756e-01	1.274548e+00
215	5.067796e-01	4.755316e-01	2.127504e+00
217	5.209465e-01	2.639982e-01	1.790425e+00
218	8.790788e-01	1.981492e-01	1.736688e+00
219	6.422358e-01	5.049780e-01	1.692721e+00
220	4.098039e-01	5.098534e-01	2.042501e+00
221	6.333664e-01	5.151916e-01	1.468979e+00
222	4.231265e-01	4.486073e-01	1.784563e+00
223	2.107271e-01	8.809193e-01	1.068393e+00
225	2.730896e-01	2.163385e-01	2.653151e+00
226	6.899549e-01	5.036703e-01	1.839277e+00
227	5.188349e-01	5.148150e-01	1.175867e+00
228	4.252059e-01	4.315482e-01	2.807523e+00
229	6.815764e-01	7.092742e-01	2.811431e+00
230	5.941062e-01	4.619395e-01	1.192477e+00
232	7.256912e-01	4.225769e-01	1.620420e+00
233	6.798344e-01	2.670943e-01	2.624817e+00
234	5.961743e-01	4.638968e-01	2.806546e+00
235	7.041116e-01	5.587122e-01	1.763068e+00
237	9.040776e-01	9.397972e-01	2.060088e+00
238	6.822525e-01	2.722581e-01	2.458720e+00
239	4.258052e-01	3.140321e-01	2.463605e+00
240	9.210617e-01	9.277517e-01	1.141671e+00
241	4.214454e-01	4.111985e-01	1.146556e+00
242	6.835312e-01	5.236216e-01	1.395701e+00
243	5.144627e-01	3.912901e-01	1.755252e+00
245	5.294187e-01	5.231526e-01	2.901319e+00
246	6.302428e-01	5.524202e-01	2.123596e+00
247	9.175922e-01	9.233567e-01	1.652662e+00
248	5.625980e-01	5.130032e-01	1.199316e+00
250	4.515082e-01	4.090075e-01	2.170493e+00
251	4.005453e-01	5.296896e-01	2.733268e+00
252	5.499207e-01	5.790723e-01	1.545188e+00
253	5.443057e-01	4.581983e-01	1.376160e+00
254	5.053491e-01	5.210952e-01	1.621397e+00
255	5.041289e-01	5.182772e-01	1.883244e+00
256	5.041410e-01	5.286554e-01	1.612604e+00
257	4.797272e-01	4.090728e-01	2.909135e+00
258	5.504102e-01	4.489924e-01	1.354665e+00
259	5.045245e-01	4.715094e-01	2.770396e+00
260	4.294657e-01	1.943996e-01	2.148999e+00
261	7.052495e-01	4.404165e-01	2.624817e+00
262	9.690357e-01	9.032416e-01	1.126038e+00
264	4.930427e-01	4.692244e-01	2.697118e+00
265	4.587731e-01	3.979412e-01	1.938935e+00
266	4.757278e-01	4.222140e-01	1.854910e+00
268	4.600176e-01	5.748006e-01	2.625794e+00
269	2.740513e-01	7.889814e-01	1.564729e+00
270	4.578513e-01	5.208902e-01	2.984367e+00
272	9.700233e-01	9.985085e-01	1.802149e+00
273	4.154775e-01	4.888667e-01	2.693210e+00
274	4.795257e-01	4.281947e-01	2.276014e+00
276	4.152428e-01	4.833977e-01	1.245237e+00
278	4.877076e-01	4.728860e-01	1.489497e+00
279	5.374668e-01	4.856151e-01	2.305325e+00
281	4.855522e-01	4.729671e-01	2.689301e+00
282	4.277611e-01	4.982677e-01	1.346849e+00
283	5.696128e-01	5.269992e-01	2.447973e+00
284	5.501149e-01	4.735205e-01	1.591109e+00
285	3.785519e-01	5.514454e-01	1.931119e+00
287	5.678591e-01	4.945852e-01	2.687347e+00
288	5.675713e-01	4.982422e-01	2.787982e+00
289	4.940360e-01	5.247715e-01	1.510015e+00
291	4.955317e-01	4.653851e-01	2.193942e+00
292	4.875895e-01	4.688971e-01	2.918906e+00
293	6.591241e-01	4.912209e-01	1.734734e+00
294	9.328597e-01	9.479326e-01	1.119199e+00
295	4.314912e-01	6.182191e-01	1.631168e+00
296	6.995853e-01	4.314746e-01	1.258915e+00
297	5.551964e-01	5.013415e-01	2.458720e+00
298	4.485599e-01	4.471410e-01	2.134343e+00
299	4.969136e-01	4.558060e-01	2.662921e+00
300	5.667987e-01	4.808212e-01	2.924768e+00
301	4.496885e-01	3.898266e-01	2.983390e+00
302	9.511579e-01	5.512404e-01	2.305325e+00
303	9.292566e-01	6.962671e-01	2.763556e+00
304	9.457459e-01	5.484110e-01	2.374695e+00
305	4.777218e-01	4.589551e-01	1.703468e+00
306	7.637069e-01	4.353926e-01	1.246214e+00
308	3.378798e-01	4.323834e-01	2.925745e+00
309	5.567477e-01	4.667997e-01	1.857841e+00
310	5.870658e-01	4.715236e-01	2.601368e+00
311	5.307324e-01	4.847583e-01	2.413776e+00
312	4.898409e-01	4.893283e-01	2.569126e+00
314	2.828006e-01	8.885309e-01	1.865657e+00
315	9.801624e-01	2.208124e-01	1.048852e+00
316	5.470369e-01	5.033914e-01	2.574988e+00
317	4.946314e-01	4.541962e-01	1.598925e+00
318	6.806849e-01	3.662492e-01	2.264289e+00
319	4.101582e-01	4.274455e-01	1.176844e+00
320	6.701648e-01	3.626741e-01	1.061553e+00
321	9.406607e-01	9.916711e-01	2.460674e+00
322	5.770912e-01	4.988923e-01	2.526136e+00
323	9.385467e-01	9.948990e-01	2.587689e+00
324	6.346090e-01	3.860144e-01	1.928188e+00
325	5.506201e-01	4.931371e-01	2.006351e+00
326	5.434324e-01	4.989185e-01	1.041036e+00
327	5.593980e-01	4.863953e-01	1.793356e+00
328	9.293330e-01	9.730035e-01	1.312653e+00
329	6.157662e-01	3.690234e-01	1.860772e+00
330	4.053117e-01	4.456129e-01	1.389839e+00
331	5.715919e-01	4.825811e-01	1.052760e+00
332	6.153791e-01	3.691675e-01	1.156326e+00
334	5.796460e-01	4.241208e-01	1.981925e+00
335	2.697765e-01	2.430315e-01	2.256473e+00
336	5.156596e-01	5.150966e-01	2.368832e+00
337	5.920143e-01	5.435623e-01	2.024915e+00
339	2.785946e-01	2.521861e-01	1.266732e+00
340	6.141234e-01	3.960241e-01	1.348803e+00
341	9.404336e-01	9.220254e-01	2.472399e+00
342	4.024757e-01	4.681977e-01	2.288715e+00
344	5.669256e-01	5.335657e-01	2.745970e+00
345	5.826536e-01	5.373802e-01	2.490962e+00
346	9.747159e-01	4.768950e-01	2.515388e+00
347	5.750889e-01	2.475129e-01	1.545188e+00
348	5.159840e-01	4.938882e-01	2.662921e+00
349	5.713121e-01	5.554077e-01	2.264289e+00
350	6.705083e-01	5.173277e-01	2.905227e+00
351	6.048915e-01	5.589363e-01	1.058622e+00
353	4.895764e-01	2.974419e-01	2.152907e+00
354	8.990651e-01	5.986505e-01	2.784074e+00
355	5.211740e-01	4.658160e-01	2.445042e+00
356	4.260404e-01	4.005815e-01	2.852467e+00
357	5.001123e-01	3.109385e-01	2.070835e+00
358	7.737827e-01	4.491925e-01	1.406448e+00
359	7.860769e-01	1.419094e-01	1.751343e+00
360	3.951978e-01	3.449815e-01	2.077675e+00
361	6.377913e-01	5.173884e-01	1.601856e+00
362	9.093548e-01	5.064350e-01	2.012213e+00
364	3.166708e-01	3.962486e-01	2.048363e+00
365	9.253821e-01	9.267258e-01	2.781143e+00
366	4.895363e-01	4.250865e-01	2.779189e+00
367	3.910228e-01	3.782894e-01	2.617978e+00
369	5.517846e-01	3.191571e-01	1.698583e+00
371	5.257142e-01	4.104143e-01	1.948705e+00
372	6.335417e-01	5.234847e-01	1.416219e+00
373	9.666200e-01	4.061206e-01	1.745481e+00
375	4.816632e-01	4.525695e-01	2.291646e+00
376	6.235995e-01	3.473293e-01	1.868588e+00
377	4.499888e-01	4.547772e-01	2.511480e+00
378	5.480868e-01	3.166910e-01	2.596483e+00
379	4.724270e-01	4.558352e-01	2.855398e+00
381	5.087368e-01	4.720039e-01	1.312653e+00
382	4.334961e-01	4.353336e-01	1.787494e+00
383	4.631401e-01	4.410923e-01	2.252565e+00
384	6.953752e-01	5.340427e-01	1.978017e+00
385	5.280568e-01	5.409746e-01	2.965804e+00
386	5.152118e-01	4.820977e-01	2.221299e+00
387	3.972595e-01	4.079754e-01	1.701514e+00
388	4.051391e-01	4.786411e-01	1.135809e+00
389	4.681109e-01	4.496060e-01	2.997069e+00
390	9.255703e-01	6.241326e-01	2.470445e+00
391	5.438929e-01	4.769350e-01	2.362970e+00
392	3.937765e-01	7.374726e-01	2.553493e+00
393	4.323723e-01	4.774517e-01	1.347826e+00
394	3.790913e-01	7.093697e-01	2.896434e+00
395	4.962675e-01	4.544642e-01	1.857841e+00
396	3.854836e-01	4.675511e-01	1.669272e+00
397	3.881453e-01	7.728756e-01	1.726917e+00
398	4.923270e-01	3.019893e-01	2.604299e+00
399	5.859067e-01	5.082375e-01	2.089399e+00
400	3.705789e-01	8.250395e-01	1.552027e+00
401	4.570189e-01	7.909845e-01	1.769907e+00
402	5.550721e-01	4.853356e-01	1.382022e+00
403	6.195595e-01	5.182006e-01	2.510503e+00
404	3.714153e-01	7.183174e-01	1.640938e+00
405	5.804129e-01	5.029674e-01	2.933561e+00
406	3.590262e-01	7.626418e-01	1.033219e+00
407	5.861093e-01	4.768200e-01	1.408403e+00
408	4.743811e-01	5.421038e-01	2.767465e+00
409	5.652393e-01	4.799230e-01	1.526624e+00
410	6.727497e-01	4.941491e-01	1.456277e+00
411	3.388964e-01	7.849393e-01	1.054714e+00
412	3.114346e-01	4.644409e-01	2.601368e+00
413	2.747502e-01	3.687488e-01	2.193942e+00
414	7.949200e-02	6.686281e-01	2.321935e+00
415	3.969294e-01	4.726597e-01	1.564729e+00
416	5.617219e-01	4.531654e-01	1.679043e+00
417	4.129981e-01	7.318562e-01	2.034685e+00
418	3.372632e-01	7.914501e-01	2.564240e+00
419	6.237105e-01	5.466089e-01	2.311187e+00
420	4.950063e-01	5.549923e-01	1.297997e+00
421	4.359016e-01	5.523433e-01	2.873962e+00
422	5.018353e-01	5.525779e-01	2.202736e+00
423	5.758970e-01	4.831808e-01	2.653151e+00
425	4.276391e-01	6.913142e-01	2.461651e+00
426	5.722954e-01	4.494422e-01	1.679043e+00
427	4.840308e-01	3.223014e-01	2.991207e+00
428	2.210298e-01	6.338042e-01	2.857352e+00
429	4.708426e-01	5.398158e-01	1.913532e+00
430	4.273711e-01	8.268916e-01	1.216903e+00
431	1.875028e-01	6.139454e-01	1.214949e+00
433	3.940377e-01	7.653587e-01	1.005862e+00
434	5.602642e-01	4.722169e-01	2.227162e+00
435	3.376670e-01	7.734442e-01	1.723009e+00
436	3.553774e-01	9.421462e-01	1.113337e+00
437	5.037307e-01	2.834528e-01	1.491451e+00
438	4.420343e-01	4.063204e-01	1.692721e+00
439	2.964365e-01	7.400145e-01	1.154372e+00
440	4.238490e-01	7.783463e-01	1.851001e+00
441	6.214676e-01	4.822941e-01	2.418661e+00
442	3.723832e-01	7.887128e-01	1.874450e+00
443	4.064609e-01	7.542565e-01	1.591109e+00
444	3.444808e-01	7.795941e-01	2.199805e+00
445	1.961239e-01	7.762582e-01	2.208598e+00
446	6.237518e-01	4.775135e-01	1.322423e+00
447	6.173313e-01	4.777373e-01	2.361016e+00
448	9.993631e-01	8.893808e-01	1.207132e+00
450	5.033329e-01	3.575863e-01	1.815828e+00
451	6.045400e-01	3.661240e-01	1.328285e+00
452	3.808138e-01	8.415299e-01	2.272106e+00
454	3.755325e-01	8.320479e-01	1.883244e+00
455	2.055978e-01	6.483292e-01	1.599902e+00
457	9.371494e-01	6.762786e-01	2.343429e+00
458	3.624138e-01	7.920189e-01	1.749389e+00
459	4.564446e-01	4.092905e-01	1.835369e+00
460	9.596270e-01	8.787590e-01	2.608207e+00
461	4.707774e-01	5.607486e-01	1.065462e+00
462	1.841323e-01	8.346205e-01	1.698583e+00
463	3.569271e-01	7.554918e-01	2.761602e+00
464	4.216540e-01	8.193960e-01	1.744504e+00
465	2.133654e-01	6.502321e-01	1.961407e+00
466	3.570525e-01	7.530672e-01	2.449927e+00
467	7.370845e-01	4.848851e-01	2.669761e+00
469	4.391323e-01	7.631764e-01	2.597460e+00
470	3.898137e-01	7.988294e-01	2.960918e+00
471	1.307142e-01	6.685510e-01	1.451392e+00
472	3.912449e-01	7.911222e-01	1.655594e+00
473	6.166168e-01	5.242141e-01	2.572057e+00
475	4.217219e-01	3.611435e-01	1.234489e+00
476	3.605903e-01	7.849389e-01	1.607719e+00
477	4.910131e-01	4.958719e-01	2.643381e+00
479	4.740264e-01	5.292958e-01	1.233512e+00
481	4.888843e-01	3.528165e-01	2.058134e+00
482	4.525131e-01	8.997538e-01	2.221299e+00
483	4.399048e-01	7.589577e-01	1.083048e+00
484	4.801816e-01	3.521864e-01	2.453835e+00
485	5.481746e-01	8.827678e-01	2.829018e+00
486	3.770387e-01	8.189824e-01	2.169516e+00
487	5.567734e-01	8.503458e-01	2.371764e+00
488	4.983804e-01	3.624233e-01	1.634099e+00
489	4.880102e-01	6.697463e-01	1.314607e+00
490	9.213138e-01	6.643462e-01	2.292623e+00
491	3.587941e-01	3.952502e-01	1.759160e+00
493	3.779054e-01	8.193239e-01	2.942355e+00
494	9.281733e-01	6.693119e-01	1.358574e+00
498	3.574719e-01	7.545356e-01	2.251588e+00
499	5.652802e-01	2.888852e-01	1.474841e+00
501	4.802928e-01	3.595003e-01	2.850513e+00
502	3.390504e-01	3.598798e-01	2.543723e+00
505	3.673921e-01	7.913594e-01	1.170005e+00
506	3.231532e-01	3.568904e-01	2.011236e+00
507	3.239233e-01	7.226464e-01	2.982413e+00
508	7.505411e-01	4.621746e-01	1.578407e+00
509	4.703125e-01	6.153273e-01	2.904250e+00
511	5.421850e-01	4.529926e-01	2.948217e+00
512	4.251646e-01	5.871539e-01	1.856864e+00
514	3.675131e-01	7.855380e-01	1.780655e+00
515	3.607405e-01	8.322092e-01	1.223742e+00
516	3.653109e-01	7.843566e-01	2.928676e+00
517	5.059034e-01	3.575050e-01	1.055691e+00
518	3.687517e-01	7.841755e-01	2.823156e+00
519	4.042491e-01	8.353896e-01	2.886663e+00
520	9.820545e-01	9.126041e-01	1.931119e+00
521	4.905043e-01	4.815537e-01	1.391793e+00
522	4.548842e-01	2.686155e-01	1.467025e+00
523	4.536639e-01	2.771213e-01	1.512946e+00
524	9.402431e-01	3.783435e-01	1.960430e+00
525	9.557346e-01	3.908399e-01	2.254519e+00
526	4.109477e-01	5.313068e-01	2.899365e+00
527	4.386271e-01	9.062114e-01	2.728383e+00
528	4.308134e-01	4.885136e-01	1.247191e+00
529	4.785957e-01	5.315509e-01	1.802149e+00
531	4.263063e-01	5.129232e-01	1.663410e+00
532	4.640981e-01	5.674789e-01	2.556424e+00
533	9.476491e-01	3.813077e-01	2.947240e+00
534	4.547401e-01	4.498371e-01	2.475330e+00
535	3.591469e-01	8.741667e-01	1.237421e+00
536	4.344128e-01	7.971885e-01	2.923791e+00
537	5.272947e-01	7.535399e-01	2.906204e+00
538	9.323235e-01	1.570354e-01	2.668784e+00
539	4.923819e-01	5.335342e-01	2.476307e+00
540	5.201289e-01	5.445777e-01	2.065950e+00
541	4.610998e-01	4.807178e-01	1.983879e+00
542	3.632041e-01	1.698204e-01	1.982902e+00
543	4.283300e-01	7.773440e-01	2.643381e+00
544	7.384382e-01	4.219395e-01	1.637030e+00
545	5.199582e-01	7.521439e-01	1.338056e+00
546	2.813306e-01	3.480627e-01	2.406937e+00
547	4.017367e-01	4.202161e-01	1.422081e+00
548	7.180524e-01	4.188533e-01	2.956033e+00
549	5.204916e-01	5.005563e-01	2.601368e+00
550	5.178530e-01	7.598789e-01	1.846116e+00
551	4.985119e-01	4.149376e-01	1.264778e+00
552	7.144587e-01	4.169451e-01	1.119199e+00
553	4.318684e-01	5.477538e-01	1.956522e+00
554	3.905020e-01	3.893380e-01	2.971666e+00
555	5.264106e-01	4.926556e-01	2.149976e+00
556	4.954481e-01	3.266709e-01	1.574499e+00
557	7.297572e-01	4.164509e-01	1.775769e+00
558	7.151039e-01	4.028780e-01	1.542257e+00
559	7.304972e-01	4.181244e-01	2.984367e+00
560	3.689993e-01	7.157440e-01	2.563263e+00
562	4.403805e-01	2.766947e-01	1.577430e+00
564	4.789838e-01	8.211031e-01	1.125061e+00
565	5.497405e-01	5.103887e-01	2.955056e+00
566	6.036353e-01	4.534996e-01	2.865169e+00
567	4.690913e-01	4.831588e-01	1.672203e+00
568	3.813748e-01	7.948459e-01	1.198339e+00
569	4.058699e-01	7.463466e-01	2.513434e+00
570	4.570549e-01	2.483327e-01	1.853933e+00
571	5.277304e-01	4.613268e-01	2.858329e+00
572	4.578696e-01	4.794165e-01	1.574499e+00
573	7.169918e-01	3.980002e-01	1.432829e+00
574	4.535099e-01	4.661618e-01	1.500244e+00
576	3.341319e-01	7.293917e-01	1.323400e+00
578	5.217337e-01	6.231665e-01	2.147044e+00
579	5.093057e-01	4.208211e-01	2.698095e+00
580	3.328949e-01	7.413022e-01	2.203713e+00
581	5.126525e-01	4.413415e-01	1.364436e+00
582	5.592595e-01	4.929289e-01	2.076698e+00
583	3.662468e-01	7.216681e-01	2.011236e+00
586	3.666823e-01	7.531501e-01	1.215926e+00
587	5.446498e-01	4.400182e-01	2.299463e+00
588	3.556016e-01	7.432207e-01	1.683928e+00
589	3.851503e-01	7.454683e-01	2.081583e+00
590	3.601411e-01	7.414979e-01	2.350269e+00
591	6.023475e-02	9.325546e-01	2.268197e+00
592	7.443188e-02	9.221155e-01	2.728383e+00
593	3.541890e-01	7.328902e-01	1.194431e+00
594	3.416971e-01	7.376531e-01	2.515388e+00
597	4.758014e-01	2.658516e-01	1.865657e+00
599	4.618436e-01	3.042423e-01	1.802149e+00
600	4.495907e-01	4.815681e-01	1.367367e+00
601	3.764620e-01	7.094922e-01	1.148510e+00
604	3.497697e-01	8.111414e-01	1.613581e+00
605	3.632059e-01	7.517475e-01	2.427455e+00
606	7.400779e-01	4.063127e-01	2.196873e+00
607	5.572591e-01	2.370738e-01	1.355642e+00
608	3.467522e-01	7.570832e-01	2.386419e+00
609	5.131839e-01	4.501573e-01	1.294089e+00
610	5.433879e-01	3.802530e-01	1.687836e+00
611	4.029917e-01	7.576427e-01	1.146556e+00
613	4.645044e-01	5.686364e-01	1.597948e+00
614	3.585976e-01	7.980536e-01	2.412799e+00
617	4.401495e-01	3.606180e-01	1.227650e+00
618	4.219083e-01	7.620146e-01	2.522228e+00
619	5.228371e-01	5.744988e-01	1.437714e+00
620	6.202920e-01	3.393517e-01	1.523693e+00
621	4.170594e-01	6.780450e-01	1.221788e+00
622	5.718952e-01	3.847534e-01	1.652662e+00
623	5.255556e-01	2.756471e-01	1.269663e+00
624	3.907720e-01	7.950894e-01	2.967758e+00
625	3.903001e-01	7.536235e-01	2.952125e+00
626	4.538161e-01	5.576264e-01	2.546654e+00
627	3.955673e-01	2.866959e-01	1.818759e+00
628	2.946467e-01	7.320344e-01	1.919394e+00
629	3.862044e-01	2.928397e-01	2.563263e+00
630	4.948861e-01	5.640638e-01	1.451392e+00
631	5.080494e-01	5.334631e-01	1.718124e+00
632	5.064586e-01	4.721793e-01	1.207132e+00
633	5.086068e-01	4.655956e-01	1.236444e+00
634	5.414844e-01	2.875923e-01	2.622863e+00
635	4.293348e-01	8.098512e-01	2.549585e+00
636	3.942609e-01	7.974080e-01	2.966781e+00
638	1.287814e-01	9.904070e-01	2.471422e+00
639	4.870940e-01	5.481793e-01	2.395213e+00
641	1.447854e-01	9.989538e-01	2.828041e+00
642	4.610543e-01	5.077310e-01	1.534441e+00
643	4.528353e-01	7.678644e-01	1.550073e+00
644	6.145982e-01	4.153949e-01	1.610650e+00
645	3.901434e-01	4.291923e-01	1.612604e+00
646	4.507676e-01	4.466477e-01	1.086957e+00
648	3.397103e-01	7.530972e-01	2.282853e+00
649	7.267735e-01	4.484920e-01	1.573522e+00
650	4.364356e-01	4.260112e-01	2.497802e+00
652	4.670147e-01	4.843424e-01	1.752320e+00
653	3.986598e-01	2.988540e-01	1.589155e+00
655	5.141977e-01	4.683109e-01	1.209086e+00
656	4.293456e-01	4.533019e-01	2.755740e+00
657	5.812686e-01	4.177971e-01	1.499267e+00
658	4.539061e-01	4.779563e-01	1.014656e+00
659	4.480696e-01	7.758962e-01	2.891549e+00
660	4.557998e-01	4.262149e-01	2.478261e+00
661	3.956817e-01	3.052862e-01	1.898876e+00
662	4.716679e-01	5.226632e-01	1.188569e+00
663	5.483572e-01	4.854019e-01	2.785051e+00
664	6.229499e-01	4.639828e-01	2.945286e+00
665	4.315311e-01	4.568084e-01	2.458720e+00
666	3.406686e-01	7.351591e-01	2.673669e+00
667	5.102178e-01	5.461249e-01	1.399609e+00
668	5.022953e-01	2.835193e-01	2.604299e+00
669	4.659249e-01	4.756369e-01	1.529555e+00
670	4.344497e-01	4.219276e-01	2.823156e+00
671	5.340032e-01	5.032236e-01	2.826087e+00
672	3.556715e-01	7.857724e-01	2.844651e+00
673	4.824145e-01	4.348089e-01	2.290669e+00
674	3.958362e-01	7.975639e-01	2.188080e+00
675	4.826676e-01	4.715471e-01	2.570103e+00
676	5.207825e-01	4.653037e-01	2.396190e+00
677	6.345672e-01	4.142556e-01	1.318515e+00
678	3.397578e-01	9.095639e-01	1.733757e+00
679	4.497356e-01	5.105802e-01	2.605276e+00
680	5.749607e-01	5.512628e-02	2.683439e+00
681	4.599703e-01	4.023408e-01	1.587201e+00
682	4.318122e-01	4.409576e-01	1.375183e+00
683	5.934818e-01	3.778947e-01	2.298486e+00
684	4.656413e-01	8.038127e-01	1.285296e+00
685	4.784526e-01	4.503592e-01	2.983390e+00
686	2.992639e-01	7.189024e-01	1.195408e+00
688	4.942361e-01	4.628483e-01	2.414753e+00
689	5.888470e-01	3.833293e-01	1.843185e+00
690	4.461617e-01	4.086793e-01	2.396190e+00
691	4.247644e-01	8.133784e-01	1.656571e+00
692	4.866657e-01	5.338812e-01	3.000000e+00
693	4.972138e-01	4.618205e-01	2.728383e+00
694	7.458195e-01	9.634923e-01	1.133854e+00
696	4.782261e-01	4.758335e-01	1.944797e+00
697	6.652529e-01	5.848477e-01	2.883732e+00
698	4.940270e-01	6.072946e-01	2.383488e+00
699	4.703575e-01	4.613035e-01	2.506595e+00
700	4.454131e-01	4.253495e-01	1.786517e+00
701	4.024876e-01	7.548660e-01	2.893503e+00
702	4.180282e-01	4.598761e-01	2.981436e+00
703	4.287860e-01	5.866379e-01	2.663898e+00
704	4.350047e-01	4.338098e-01	2.227162e+00
705	5.153297e-01	5.206559e-01	1.527601e+00
706	4.578050e-01	3.982501e-01	2.610161e+00
707	4.142423e-01	6.032327e-01	1.058622e+00
708	4.845210e-01	4.849504e-01	2.782120e+00
710	8.036987e-01	7.760559e-01	1.518808e+00
712	4.409045e-01	4.504176e-01	2.109917e+00
714	4.603389e-01	4.723617e-01	2.074744e+00
715	4.492120e-01	4.505214e-01	2.319003e+00
716	4.185059e-01	8.242638e-01	1.290181e+00
717	4.372578e-01	4.480155e-01	1.286273e+00
718	4.128528e-01	4.557639e-01	1.881290e+00
719	5.281969e-01	4.492113e-01	1.664387e+00
720	8.621013e-01	7.426106e-01	1.242306e+00
721	4.464407e-01	2.756688e-01	1.927211e+00
722	4.962788e-01	4.810920e-01	2.820225e+00
723	3.029148e-01	7.323072e-01	2.792868e+00
724	4.450299e-01	4.160344e-01	1.201270e+00
725	6.304981e-01	4.557648e-01	1.898876e+00
726	9.106661e-01	7.762253e-01	2.183195e+00
727	5.790562e-01	5.018612e-01	1.782609e+00
729	5.013101e-01	4.866605e-01	1.561798e+00
730	4.404028e-01	4.637149e-01	2.282853e+00
731	4.174544e-01	4.439387e-01	2.210552e+00
732	4.784022e-01	5.716600e-01	1.020518e+00
733	5.184911e-01	4.468180e-01	1.784563e+00
734	6.772145e-01	2.979774e-02	1.910601e+00
735	4.271370e-01	4.669145e-01	1.275525e+00
736	5.339725e-01	4.904022e-01	1.212995e+00
737	5.736918e-01	3.269953e-01	2.964827e+00
738	4.321383e-01	4.654007e-01	2.079629e+00
740	5.896278e-01	3.968043e-01	1.187592e+00
741	6.295079e-01	4.556545e-01	1.258915e+00
744	4.645011e-01	4.703603e-01	1.999511e+00
745	4.496333e-01	4.975453e-01	1.264778e+00
746	5.161218e-01	4.610301e-01	1.110405e+00
747	4.656096e-01	2.762103e-01	1.107474e+00
749	4.432864e-01	4.405512e-01	1.070347e+00
751	4.741349e-01	4.954258e-01	2.400098e+00
752	5.403208e-01	4.759437e-01	2.871031e+00
753	4.543684e-01	4.792419e-01	2.739130e+00
754	3.102098e-01	7.457190e-01	1.681974e+00
755	4.997066e-01	5.924118e-01	2.061065e+00
761	3.601996e-01	4.476790e-01	1.073278e+00
763	5.442562e-01	3.108197e-01	2.799707e+00
766	7.746433e-01	7.074187e-01	2.775281e+00
768	5.944671e-01	4.208242e-01	2.010259e+00
770	5.148670e-01	4.697258e-01	1.700537e+00
771	5.877270e-01	4.710772e-01	1.339033e+00
772	3.578063e-01	4.052432e-01	2.227162e+00
773	3.005901e-01	5.578413e-01	2.482169e+00
774	3.520860e-01	4.351772e-01	2.958964e+00
775	5.137356e-01	4.655405e-01	1.443576e+00
776	3.612487e-01	5.941415e-01	2.381534e+00
777	4.232436e-01	4.188477e-01	1.971177e+00
778	4.205925e-01	3.385938e-01	2.960918e+00
779	3.917753e-01	6.256844e-01	1.812897e+00
781	4.010148e-01	5.025582e-01	1.170982e+00
782	4.051511e-01	4.658894e-01	1.277479e+00
785	3.809374e-01	3.158585e-01	1.176844e+00
786	5.595473e-01	4.819837e-01	1.636053e+00
787	1.435325e-01	3.604209e-01	1.790425e+00
788	5.323383e-01	5.319301e-01	2.336590e+00
789	5.974822e-01	4.908214e-01	1.343918e+00
790	5.080349e-01	4.016615e-01	1.905716e+00
791	6.158439e-01	4.598022e-01	1.784563e+00
792	5.445588e-01	9.016074e-02	2.622863e+00
793	2.855916e-01	4.804157e-01	2.063996e+00
794	5.439318e-01	4.056726e-01	2.497802e+00
795	4.549548e-01	4.263983e-01	2.870054e+00
796	8.855193e-01	3.976499e-01	2.862237e+00
797	8.819778e-01	3.918361e-01	2.981436e+00
799	5.440388e-01	4.826561e-01	1.729849e+00
800	4.789202e-01	1.935438e-01	2.290669e+00
801	5.269490e-01	4.760306e-01	2.841720e+00
802	5.265725e-01	4.753753e-01	2.195896e+00
803	5.587843e-01	5.187183e-01	1.601856e+00
804	6.086274e-01	7.254826e-01	2.449927e+00
805	4.756581e-01	4.430351e-01	1.462140e+00
806	5.198696e-01	4.733569e-01	2.041524e+00
808	5.223409e-01	4.782863e-01	2.061065e+00
809	6.961632e-01	7.134553e-01	2.130435e+00
810	7.216631e-01	6.672528e-01	2.205667e+00
811	5.501058e-01	4.680271e-01	2.184172e+00
812	4.741783e-01	4.911401e-01	2.747924e+00
814	6.119657e-01	4.820092e-01	2.909135e+00
815	5.478290e-01	4.700878e-01	2.777235e+00
816	5.443219e-01	4.739094e-01	1.295066e+00
817	5.205802e-01	4.670668e-01	1.050806e+00
818	6.099619e-01	4.867440e-01	1.191500e+00
819	4.942118e-01	4.467991e-01	1.198339e+00
820	5.172252e-01	5.382866e-01	2.656082e+00
822	3.720949e-01	6.608425e-01	1.692721e+00
823	7.285388e-01	6.764309e-01	2.330728e+00
825	5.490136e-01	4.569268e-01	1.906693e+00
826	5.394715e-01	5.207414e-01	2.192965e+00
827	4.429902e-01	3.777374e-01	1.200293e+00
829	5.366393e-01	5.282390e-01	2.361016e+00
830	3.990508e-01	4.970433e-01	2.080606e+00
831	5.962701e-01	9.470426e-01	1.074255e+00
833	5.285798e-01	5.205584e-01	2.017098e+00
834	7.383373e-01	5.028313e-01	2.191011e+00
835	8.904649e-01	4.210082e-01	1.667318e+00
836	3.963074e-01	4.953716e-01	2.229116e+00
837	6.604922e-01	9.673367e-01	1.188569e+00
838	5.385698e-01	5.360479e-01	2.714704e+00
839	4.725480e-01	5.181438e-01	1.979971e+00
840	6.003820e-01	3.811450e-01	2.954079e+00
842	3.746743e-01	7.051881e-01	1.803127e+00
843	4.760093e-01	5.314458e-01	1.039082e+00
844	6.351981e-01	9.621097e-01	1.893014e+00
845	6.090644e-01	3.901245e-01	1.778701e+00
846	3.926146e-01	7.417685e-01	1.295066e+00
847	7.883981e-01	7.159786e-01	1.807035e+00
848	6.099592e-01	5.012579e-01	1.102589e+00
849	5.591640e-01	5.032266e-01	1.879336e+00
850	5.622454e-01	4.894787e-01	1.984856e+00
851	4.871663e-01	5.080556e-01	2.238886e+00
852	5.068289e-01	4.894438e-01	2.868100e+00
854	4.998002e-01	4.761868e-01	2.748901e+00
855	3.673202e-01	4.963830e-01	1.578407e+00
857	4.970179e-01	5.591093e-01	1.621397e+00
858	5.046737e-01	4.767270e-01	2.657059e+00
859	5.654426e-01	5.445805e-01	2.404983e+00
860	4.269897e-01	3.169692e-01	2.272106e+00
861	5.509782e-01	4.170062e-01	1.463117e+00
862	5.151587e-01	5.383303e-01	2.316072e+00
863	5.029026e-01	4.090966e-01	2.334636e+00
864	5.994510e-01	4.624884e-01	1.365413e+00
865	5.005333e-01	4.146421e-01	2.105032e+00
866	6.584270e-01	4.888001e-01	1.339033e+00
867	3.454996e-01	7.010133e-01	2.932584e+00
868	9.408063e-01	4.759025e-01	2.770396e+00
869	5.510464e-01	4.357570e-01	2.378603e+00
870	4.695711e-01	4.784917e-01	1.833415e+00
871	5.048197e-01	5.287242e-01	1.663410e+00
872	2.793497e-01	7.414551e-01	2.251588e+00
873	5.288465e-01	4.612029e-01	1.766976e+00
874	5.377914e-01	1.120751e-01	1.575476e+00
875	4.466547e-01	5.100765e-01	2.771373e+00
876	2.895147e-01	7.050591e-01	1.482658e+00
878	5.294962e-01	4.825436e-01	2.787005e+00
879	5.068288e-01	4.884062e-01	1.959453e+00
880	5.113359e-01	5.453613e-01	2.187103e+00
881	4.877823e-01	4.973460e-01	2.430386e+00
882	5.270694e-01	1.408702e-01	2.679531e+00
883	4.442629e-01	4.538329e-01	2.191988e+00
884	5.173227e-01	1.314976e-01	2.945286e+00
887	4.292245e-01	4.446306e-01	2.793845e+00
889	4.432328e-01	4.541896e-01	2.132389e+00
890	5.181193e-01	1.124449e-01	1.627259e+00
891	4.211874e-01	4.443576e-01	1.623351e+00
892	5.451407e-01	5.098948e-01	2.772350e+00
893	4.808659e-01	4.454410e-01	1.552027e+00
895	4.627706e-01	4.213269e-01	1.180752e+00
896	4.237898e-01	4.415157e-01	1.632145e+00
897	7.297088e-01	2.211704e-01	1.680997e+00
898	6.921722e-01	2.449319e-01	2.828041e+00
899	3.403587e-01	5.158543e-01	1.703468e+00
900	5.223350e-01	5.050587e-01	1.471910e+00
901	4.208283e-01	4.428281e-01	2.368832e+00
903	5.267181e-01	5.306217e-01	1.961407e+00
904	5.159434e-01	4.763591e-01	1.756229e+00
905	4.332060e-01	4.236906e-01	2.987298e+00
906	5.147122e-01	4.787264e-01	2.332682e+00
907	6.456245e-01	1.248158e-01	1.097704e+00
908	5.458040e-01	4.918040e-01	1.954568e+00
909	5.501136e-01	4.100813e-01	1.704446e+00
912	5.463552e-01	4.761586e-01	1.853933e+00
913	5.426538e-01	1.745636e-01	2.829995e+00
915	5.276883e-01	1.267647e-01	2.232047e+00
916	5.343577e-01	1.363280e-01	2.093307e+00
917	4.354474e-01	4.305845e-01	2.587689e+00
918	8.219286e-01	3.909424e-01	2.698095e+00
919	5.803409e-01	5.209733e-01	1.896922e+00
920	4.825703e-01	8.357890e-01	1.212995e+00
921	3.181922e-01	7.363801e-01	1.502198e+00
922	5.326502e-01	4.743806e-01	2.614069e+00
923	5.181453e-01	1.057782e-01	2.880801e+00
924	4.794628e-01	5.045198e-01	1.956522e+00
925	5.289720e-01	1.345091e-01	2.745970e+00
926	5.587285e-01	2.116949e-02	1.179775e+00
929	4.581818e-01	4.746034e-01	1.935027e+00
930	5.079390e-01	5.304424e-01	1.975085e+00
931	5.088633e-01	4.801632e-01	1.067416e+00
932	4.307419e-01	3.938501e-01	2.024915e+00
933	5.307772e-01	1.232005e-01	2.810454e+00
934	5.831326e-01	5.688565e-01	2.428432e+00
935	5.362153e-01	4.360046e-01	1.957499e+00
936	4.098234e-01	5.476396e-01	2.306302e+00
937	5.567533e-01	4.289678e-01	2.557401e+00
938	4.807412e-01	4.601595e-01	1.243283e+00
939	5.369133e-01	4.346654e-01	2.429409e+00
940	4.536506e-01	3.957085e-01	2.523205e+00
941	4.254597e-01	3.720287e-01	2.842697e+00
942	5.303658e-01	4.673047e-01	2.247680e+00
943	5.208946e-01	4.170172e-01	2.000489e+00
944	5.681226e-01	4.212090e-01	2.446019e+00
945	5.402413e-01	4.707018e-01	2.360039e+00
946	4.950587e-01	5.229066e-01	2.567171e+00
947	4.852844e-01	5.479420e-01	2.415730e+00
948	5.560968e-01	4.309885e-01	1.989741e+00
954	4.735058e-01	4.298743e-01	2.908158e+00
955	4.372092e-01	3.681404e-01	2.731314e+00
956	5.377486e-01	4.772322e-01	2.544700e+00
958	5.171568e-01	4.687262e-01	2.890572e+00
959	4.868139e-01	4.661445e-01	1.654617e+00
960	4.818189e-01	5.112652e-01	1.008793e+00
961	9.629707e-01	8.350542e-02	1.811920e+00
962	4.432632e-01	4.098465e-01	1.260870e+00
963	5.114026e-01	5.093091e-01	1.347826e+00
964	5.281550e-01	4.682914e-01	1.325354e+00
965	5.045895e-01	4.697739e-01	1.420127e+00
966	8.613416e-01	2.969992e-01	2.845628e+00
967	3.866626e-01	7.738002e-01	1.853933e+00
970	4.395970e-01	4.570053e-01	1.303859e+00
971	9.164692e-01	1.130044e-01	2.722521e+00
972	4.068186e-01	4.624003e-01	1.294089e+00
973	5.961603e-01	1.012619e-01	1.675134e+00
974	5.011322e-01	5.153113e-01	2.417684e+00
975	4.707722e-01	4.769227e-01	2.053249e+00
976	5.574217e-01	5.216650e-01	1.276502e+00
978	6.804328e-01	3.332767e-01	2.779189e+00
979	4.908485e-01	2.433300e-01	1.984856e+00
980	6.982285e-01	7.779181e-01	2.295554e+00
981	5.119976e-01	4.761485e-01	1.652662e+00
982	4.602366e-01	4.462756e-01	2.464582e+00
983	4.824889e-01	4.795201e-01	1.763068e+00
984	1.886894e-01	2.345016e-01	2.508549e+00
985	6.322753e-01	4.270435e-01	2.026869e+00
987	3.330995e-01	5.356320e-01	1.160234e+00
988	3.816066e-01	5.227616e-01	2.302394e+00
991	8.686464e-01	1.197844e-01	1.855887e+00
992	5.101652e-01	4.901430e-01	1.384954e+00
993	5.238136e-01	4.134177e-01	2.598437e+00
994	3.992085e-01	5.868972e-01	2.130435e+00
995	5.233465e-01	4.264988e-01	1.690767e+00
996	6.425315e-01	7.474734e-01	2.587689e+00
997	5.043698e-01	4.869474e-01	1.940889e+00
999	4.520663e-01	4.290358e-01	2.099170e+00
999	4.520663e-01	4.290358e-01	2.099170e+00
999	4.520663e-01	4.290358e-01	2.099170e+00
999	4.520663e-01	4.290358e-01	2.099170e+00
999	4.520663e-01	4.290358e-01	2.099170e+00
999	4.520663e-01	4.290358e-01	2.099170e+00
999	4.520663e-01	4.290358e-01	2.099170e+00
999	4.520663e-01	4.290358e-01	2.099170e+00
999	4.520663e-01	4.290358e-01	2.099170e+00
999	4.520663e-01	4.290358e-01	2.099170e+00
999	4.520663e-01	4.290358e-01	2.099170e+00
999	4.520663e-01	4.290358e-01	2.099170e+00
999	4.520663e-01	4.290358e-01	2.099170e+00
999	4.520663e-01	4.290358e-01	2.099170e+00
999	4.520663e-01	4.290358e-01	2.099170e+00
999	4.520663e-01	4.290358e-01	2.099170e+00
999	4.520663e-01	4.290358e-01	2.099170e+00
999	4.520663e-01	4.290358e-01	2.099170e+00
999	4.520663e-01	4.290358e-01	2.099170e+00
999	4.520663e-01	4.290358e-01	2.099170e+00
999	4.520663e-01	4.290358e-01	2.099170e+00
999	4.520663e-01	4.290358e-01	2.099170e+00
999	4.520663e-01	4.290358e-01	2.099170e+00
999	4.520663e-01	4.290358e-01	2.099170e+00
999	4.520663e-01	4.290358e-01	2.099170e+00
999	4.520663e-01	4.290358e-01	2.099170e+00
999	4.520663e-01	4.290358e-01	2.099170e+00
999	4.520663e-01	4.290358e-01	2.099170e+00
999	4.520663e-01	4.290358e-01	2.099170e+00
999	4.520663e-01	4.290358e-01	2.099170e+00
999	4.520663e-01	4.290358e-01	2.099170e+00
999	4.520663e-01	4.290358e-01	2.099170e+00
999	4.520663e-01	4.290358e-01	2.099170e+00
999	4.520663e-01	4.290358e-01	2.099170e+00
999	4.520663e-01	4.290358e-01	2.099170e+00
999	4.520663e-01	4.290358e-01	2.099170e+00
999	4.520663e-01	4.290358e-01	2.099170e+00
999	4.520663e-01	4.290358e-01	2.099170e+00
999	4.520663e-01	4.290358e-01	2.099170e+00
999	4.520663e-01	4.290358e-01	2.099170e+00
999	4.520663e-01	4.290358e-01	2.099170e+00
999	4.520663e-01	4.290358e-01	2.099170e+00
999	4.520663e-01	4.290358e-01	2.099170e+00
999	4.520663e-01	4.290358e-01	2.099170e+00
999	4.520663e-01	4.290358e-01	2.099170e+00
999	4.520663e-01	4.290358e-01	2.099170e+00
999	4.520663e-01	4.290358e-01	2.099170e+00
999	4.520663e-01	4.290358e-01	2.099170e+00
999	4.520663e-01	4.290358e-01	2.099170e+00
999	4.520663e-01	4.290358e-01	2.099170e+00
999	4.520663e-01	4.290358e-01	2.099170e+00
999	4.520663e-01	4.290358e-01	2.099170e+00
999	4.520663e-01	4.290358e-01	2.099170e+00
999	4.520663e-01	4.290358e-01	2.099170e+00
999	4.520663e-01	4.290358e-01	2.099170e+00
999	4.520663e-01	4.290358e-01	2.099170e+00
999	4.520663e-01	4.290358e-01	2.099170e+00
999	4.520663e-01	4.290358e-01	2.099170e+00
999	4.520663e-01	4.290358e-01	2.099170e+00
999	4.520663e-01	4.290358e-01	2.099170e+00
999	4.520663e-01	4.290358e-01	2.099170e+00
999	4.520663e-01	4.290358e-01	2.099170e+00
999	4.520663e-01	4.290358e-01	2.099170e+00
999	4.520663e-01	4.290358e-01	2.099170e+00
999	4.520663e-01	4.290358e-01	2.099170e+00
999	4.520663e-01	4.290358e-01	2.099170e+00
999	4.520663e-01	4.290358e-01	2.099170e+00
999	4.520663e-01	4.290358e-01	2.099170e+00
999	4.520663e-01	4.290358e-01	2.099170e+00
999	4.520663e-01	4.290358e-01	2.099170e+00
999	4.520663e-01	4.290358e-01	2.099170e+00
999	4.520663e-01	4.290358e-01	2.099170e+00
999	4.520663e-01	4.290358e-01	2.099170e+00
999	4.520663e-01	4.290358e-01	2.099170e+00
999	4.520663e-01	4.290358e-01	2.099170e+00
999	4.520663e-01	4.290358e-01	2.099170e+00
999	4.520663e-01	4.290358e-01	2.099170e+00
999	4.520663e-01	4.290358e-01	2.099170e+00
999	4.520663e-01	4.290358e-01	2.099170e+00
999	4.520663e-01	4.290358e-01	2.099170e+00
999	4.520663e-01	4.290358e-01	2.099170e+00
999	4.520663e-01	4.290358e-01	2.099170e+00
999	4.520663e-01	4.290358e-01	2.099170e+00
999	4.520663e-01	4.290358e-01	2.099170e+00
999	4.520663e-01	4.290358e-01	2.099170e+00
999	4.520663e-01	4.290358e-01	2.099170e+00
999	4.520663e-01	4.290358e-01	2.099170e+00
999	4.520663e-01	4.290358e-01	2.099170e+00
999	4.520663e-01	4.290358e-01	2.099170e+00
999	4.520663e-01	4.290358e-01	2.099170e+00
999	4.520663e-01	4.290358e-01	2.099170e+00
999	4.520663e-01	4.290358e-01	2.099170e+00
999	4.520663e-01	4.290358e-01	2.099170e+00
999	4.520663e-01	4.290358e-01	2.099170e+00
999	4.520663e-01	4.290358e-01	2.099170e+00
999	4.520663e-01	4.290358e-01	2.099170e+00
999	4.520663e-01	4.290358e-01	2.099170e+00
999	4.520663e-01	4.290358e-01	2.099170e+00
999	4.520663e-01	4.290358e-01	2.099170e+00
999	4.520663e-01	4.290358e-01	2.099170e+00
999	4.520663e-01	4.290358e-01	2.099170e+00
999	4.520663e-01	4.290358e-01	2.099170e+00
999	4.520663e-01	4.290358e-01	2.099170e+00
999	4.520663e-01	4.290358e-01	2.099170e+00
999	4.520663e-01	4.290358e-01	2.099170e+00
999	4.520663e-01	4.290358e-01	2.099170e+00
999	4.520663e-01	4.290358e-01	2.099170e+00
999	4.520663e-01	4.290358e-01	2.099170e+00
999	4.520663e-01	4.290358e-01	2.099170e+00
999	4.520663e-01	4.290358e-01	2.099170e+00
999	4.520663e-01	4.290358e-01	2.099170e+00
999	4.520663e-01	4.290358e-01	2.099170e+00
999	4.520663e-01	4.290358e-01	2.099170e+00
999	4.520663e-01	4.290358e-01	2.099170e+00
999	4.520663e-01	4.290358e-01	2.099170e+00
999	4.520663e-01	4.290358e-01	2.099170e+00
999	4.520663e-01	4.290358e-01	2.099170e+00
999	4.520663e-01	4.290358e-01	2.099170e+00
999	4.520663e-01	4.290358e-01	2.099170e+00
999	4.520663e-01	4.290358e-01	2.099170e+00
999	4.520663e-01	4.290358e-01	2.099170e+00
999	4.520663e-01	4.290358e-01	2.099170e+00
999	4.520663e-01	4.290358e-01	2.099170e+00
999	4.520663e-01	4.290358e-01	2.099170e+00
999	4.520663e-01	4.290358e-01	2.099170e+00
999	4.520663e-01	4.290358e-01	2.099170e+00
999	4.520663e-01	4.290358e-01	2.099170e+00
999	4.520663e-01	4.290358e-01	2.099170e+00
999	4.520663e-01	4.290358e-01	2.099170e+00
999	4.520663e-01	4.290358e-01	2.099170e+00
999	4.520663e-01	4.290358e-01	2.099170e+00
999	4.520663e-01	4.290358e-01	2.099170e+00
999	4.520663e-01	4.290358e-01	2.099170e+00
999	4.520663e-01	4.290358e-01	2.099170e+00
999	4.520663e-01	4.290358e-01	2.099170e+00
999	4.520663e-01	4.290358e-01	2.099170e+00
999	4.520663e-01	4.290358e-01	2.099170e+00
999	4.520663e-01	4.290358e-01	2.099170e+00
999	4.520663e-01	4.290358e-01	2.099170e+00
999	4.520663e-01	4.290358e-01	2.099170e+00
999	4.520663e-01	4.290358e-01	2.099170e+00
999	4.520663e-01	4.290358e-01	2.099170e+00
