1000
0	6.831139e-01	6.179609e-01	1.398632e+00
1	3.303433e-01	8.199090e-01	1.064485e+00
2	6.218970e-01	3.666977e-01	1.108451e+00
3	5.538003e-01	4.891042e-01	2.925745e+00
4	5.256109e-01	3.500428e-01	2.732291e+00
5	5.353690e-01	3.477601e-01	1.257938e+00
6	4.814273e-01	3.813829e-01	2.424524e+00
7	3.500687e-01	7.434602e-01	1.383000e+00
8	3.887317e-01	7.031000e-01	2.705911e+00
9	4.313936e-01	1.878600e-01	2.526136e+00
10	6.490772e-01	3.524741e-01	2.442110e+00
11	5.038410e-01	5.896636e-01	2.233024e+00
12	5.497453e-01	5.727099e-01	2.376649e+00
13	4.405760e-01	1.345888e-01	2.799707e+00
14	5.486556e-01	5.292618e-01	1.556913e+00
15	3.498324e-01	7.359646e-01	2.950171e+00
16	4.100599e-01	6.407926e-01	1.066439e+00
17	5.556314e-01	5.142462e-01	1.626282e+00
18	5.131866e-01	5.323158e-01	1.306790e+00
19	6.375379e-01	5.041043e-01	2.902296e+00
20	5.359029e-01	1.057100e-01	1.762091e+00
21	6.058981e-01	4.356370e-01	1.195408e+00
22	5.317565e-01	5.111733e-01	1.785540e+00
23	4.985863e-01	3.670228e-01	1.248168e+00
24	6.358825e-01	5.023157e-01	1.863703e+00
25	5.950595e-01	4.445025e-01	2.671715e+00
26	4.874757e-01	3.631540e-01	2.487054e+00
27	3.508358e-01	7.096245e-01	1.946751e+00
28	2.926558e-01	7.613302e-01	1.303859e+00
29	5.129281e-01	5.288769e-01	2.152907e+00
30	4.823836e-01	3.627716e-01	1.388862e+00
31	5.185710e-01	1.486756e-01	1.534441e+00
32	5.288043e-01	3.449399e-01	1.591109e+00
33	4.092522e-01	1.936365e-01	2.205667e+00
34	5.950444e-01	4.513669e-01	2.181241e+00
35	5.709201e-01	4.479401e-01	1.475818e+00
36	5.322556e-01	3.416814e-01	2.309233e+00
37	5.770481e-01	4.307714e-01	2.073766e+00
38	5.452395e-01	1.285522e-01	1.918417e+00
39	4.189238e-01	1.731382e-01	2.331705e+00
40	5.287419e-01	3.362629e-01	1.126038e+00
41	5.416708e-01	4.212215e-01	2.235955e+00
42	5.974434e-01	4.188244e-01	2.805569e+00
43	2.727271e-01	7.545979e-01	2.819248e+00
44	5.338573e-01	3.545721e-01	2.555447e+00
45	5.021663e-01	9.187349e-01	2.666830e+00
46	5.033822e-01	3.581003e-01	2.559355e+00
47	4.822682e-01	6.266323e-01	1.895945e+00
48	3.707341e-01	4.082850e-01	1.282364e+00
49	4.564374e-01	1.509997e-01	2.024915e+00
50	6.065209e-01	4.558362e-01	2.750855e+00
51	6.245429e-01	5.035944e-01	2.412799e+00
52	6.391433e-01	4.967778e-01	2.557401e+00
53	4.677312e-01	3.811146e-01	1.648754e+00
54	4.956192e-01	3.587415e-01	1.721055e+00
55	4.925932e-01	3.568429e-01	2.588666e+00
56	4.776490e-01	3.819963e-01	1.525647e+00
57	5.806991e-01	5.423949e-01	2.751832e+00
58	3.526383e-01	6.622039e-01	2.625794e+00
59	4.157542e-01	1.993992e-01	1.663410e+00
60	5.255061e-01	1.409702e-01	1.993649e+00
61	5.846344e-01	5.049218e-01	2.560332e+00
62	3.861553e-01	3.596417e-01	1.696629e+00
63	3.874921e-01	3.610797e-01	1.506106e+00
64	3.778382e-01	3.365790e-01	2.675623e+00
65	6.525287e-01	4.717002e-01	2.497802e+00
66	4.201155e-01	1.912148e-01	1.031265e+00
67	5.907599e-01	4.387844e-01	2.361993e+00
68	4.966413e-01	3.566561e-01	1.866634e+00
69	3.758256e-01	2.337124e-01	2.930630e+00
70	5.344146e-01	6.830322e-01	1.503175e+00
71	4.539618e-01	6.919257e-01	1.135809e+00
72	3.745320e-01	3.882240e-01	2.449927e+00
73	4.989590e-01	3.383026e-01	2.831949e+00
74	5.449505e-01	5.388203e-01	2.317049e+00
75	6.349597e-01	5.366009e-01	2.353200e+00
76	5.863623e-01	5.043697e-01	2.575965e+00
77	3.696226e-01	6.863664e-01	2.922814e+00
78	3.734713e-01	4.022509e-01	2.289692e+00
79	5.199908e-01	2.704237e-01	2.766488e+00
80	2.792310e-01	7.373799e-01	1.522716e+00
81	3.887255e-01	3.873291e-01	2.769419e+00
82	3.740755e-01	6.610729e-01	1.110405e+00
83	5.988531e-01	2.550117e-01	1.554958e+00
84	6.129367e-01	2.573011e-01	1.718124e+00
85	6.402690e-01	5.138174e-01	1.412311e+00
86	3.688553e-01	7.325434e-01	1.951637e+00
87	3.921295e-01	6.667120e-01	1.449438e+00
88	5.497002e-01	3.967997e-01	2.176356e+00
89	3.531913e-01	2.757933e-01	1.066439e+00
90	3.719300e-01	5.442774e-01	1.212995e+00
91	6.531834e-01	5.130160e-01	1.872496e+00
92	3.776536e-01	3.805943e-01	1.606742e+00
93	6.499421e-01	4.857061e-01	1.183683e+00
94	5.749750e-01	2.653358e-01	1.482658e+00
95	7.101706e-01	7.149845e-01	2.514411e+00
96	3.790521e-01	3.895168e-01	2.736199e+00
97	3.824257e-01	3.795502e-01	1.617489e+00
98	3.934381e-01	3.742580e-01	2.456766e+00
99	3.808631e-01	4.007012e-01	1.406448e+00
100	3.713023e-01	6.856549e-01	2.453835e+00
101	7.859924e-01	8.053162e-01	2.084514e+00
102	3.887333e-01	3.948480e-01	2.712750e+00
103	3.990691e-01	4.917479e-01	2.877870e+00
104	4.529536e-01	4.956078e-01	1.533464e+00
105	4.063280e-01	6.697489e-01	2.169516e+00
106	3.893910e-01	5.998866e-01	2.160723e+00
107	5.319786e-01	6.103037e-01	2.483146e+00
108	5.614274e-01	2.448951e-01	1.538349e+00
109	3.817515e-01	3.982584e-01	1.117245e+00
110	7.139852e-01	6.996618e-01	2.709819e+00
111	4.261656e-01	6.406513e-01	2.039570e+00
112	6.891549e-01	6.752794e-01	2.929653e+00
113	4.989149e-01	4.523484e-01	2.125550e+00
114	3.993424e-01	6.578963e-01	2.148999e+00
115	5.264717e-01	2.733926e-01	2.027846e+00
116	5.063351e-01	5.121997e-01	1.206155e+00
117	6.993856e-01	6.883792e-01	2.689301e+00
118	5.027500e-01	4.492001e-01	1.997557e+00
119	4.198105e-01	6.250404e-01	1.753298e+00
120	5.463828e-01	5.633089e-01	1.491451e+00
121	3.883862e-01	3.823373e-01	2.381534e+00
122	4.150114e-01	6.531389e-01	1.837323e+00
123	5.318108e-01	5.390727e-01	2.723498e+00
124	4.938093e-01	2.741007e-01	2.429409e+00
125	7.617744e-01	9.165832e-01	2.633610e+00
126	4.861786e-01	4.370611e-01	1.216903e+00
127	5.541873e-01	5.191643e-01	1.385931e+00
128	7.590193e-01	9.168779e-01	1.470933e+00
129	4.365900e-01	6.398567e-01	1.094773e+00
130	5.122903e-01	4.617838e-01	1.887152e+00
131	4.123911e-01	5.066789e-01	1.869565e+00
132	4.125022e-01	1.654486e-01	2.657059e+00
133	4.110422e-01	6.404127e-01	1.905716e+00
134	3.771427e-01	3.667526e-01	2.319980e+00
135	4.397318e-01	6.377235e-01	1.549096e+00
136	6.673924e-01	6.322263e-01	1.155349e+00
137	5.291621e-01	5.269648e-01	1.261847e+00
138	4.243950e-01	1.959620e-01	1.308745e+00
139	4.132253e-01	6.491140e-01	1.148510e+00
140	7.788078e-01	8.483004e-01	1.692721e+00
141	6.743205e-01	6.486026e-01	1.865657e+00
142	4.538123e-01	4.037479e-01	2.988276e+00
143	4.437996e-01	6.204141e-01	1.479726e+00
144	4.069401e-01	6.495548e-01	1.016610e+00
145	4.610338e-01	4.152140e-01	2.095261e+00
146	5.706289e-01	5.575712e-01	2.442110e+00
147	4.369427e-01	6.305136e-01	1.070347e+00
148	6.568940e-01	6.191743e-01	1.417196e+00
149	4.222084e-01	5.729872e-01	2.817294e+00
150	4.421495e-01	6.148665e-01	1.164143e+00
151	4.578529e-01	4.126819e-01	2.738153e+00
152	6.861794e-01	3.760636e-01	2.338544e+00
153	4.189338e-01	6.442697e-01	1.282364e+00
154	4.610498e-01	4.113353e-01	2.676600e+00
155	4.203099e-01	6.451562e-01	2.443087e+00
156	4.378779e-01	6.329045e-01	2.375672e+00
157	4.698216e-01	6.452927e-01	1.220811e+00
158	4.452580e-01	6.113632e-01	2.208598e+00
159	3.461648e-01	3.148916e-01	2.407914e+00
160	7.368074e-01	9.447743e-01	2.195896e+00
161	7.141862e-01	9.252390e-01	1.407426e+00
162	4.832439e-01	4.554200e-01	2.277968e+00
163	7.300416e-01	9.401995e-01	1.134831e+00
164	4.062237e-01	3.673442e-01	2.409868e+00
165	4.013182e-01	3.622931e-01	2.083537e+00
166	5.546353e-01	5.782267e-01	2.286761e+00
167	4.417913e-01	4.055087e-01	1.194431e+00
168	5.634964e-01	5.401041e-01	2.818271e+00
169	4.803751e-01	4.539882e-01	2.827064e+00
170	5.025857e-01	3.802248e-01	1.684905e+00
171	6.907793e-01	3.019658e-01	1.999511e+00
172	3.848187e-01	3.875968e-01	1.956522e+00
173	5.723142e-01	2.242266e-01	1.409380e+00
174	6.207555e-01	4.185171e-01	2.323889e+00
175	5.194952e-01	3.930191e-01	2.501710e+00
176	4.033996e-01	3.647277e-01	2.395213e+00
177	4.053236e-01	3.644376e-01	2.719590e+00
178	5.771158e-01	4.152519e-01	2.937469e+00
179	4.099652e-01	3.996063e-01	2.803615e+00
180	4.303640e-01	2.132562e-01	1.322423e+00
181	7.878363e-01	6.928655e-01	2.019052e+00
182	4.291183e-01	4.086686e-01	1.794333e+00
183	4.031891e-01	3.664530e-01	2.611138e+00
184	4.061991e-01	3.717052e-01	1.724963e+00
185	4.626411e-01	3.583136e-01	1.983879e+00
186	4.773160e-01	3.631046e-01	2.181241e+00
187	2.484813e-01	7.079306e-01	2.437225e+00
188	5.136489e-01	6.020559e-01	1.295066e+00
189	3.837560e-01	3.890290e-01	1.970200e+00
190	5.291586e-01	5.737988e-01	2.387396e+00
191	5.512193e-01	5.666097e-01	2.386419e+00
192	5.137268e-01	4.007134e-01	2.647289e+00
193	3.993281e-01	3.953098e-01	1.686859e+00
194	7.700752e-01	8.199578e-01	1.549096e+00
195	4.993402e-01	3.728978e-01	1.553981e+00
196	4.078854e-01	3.769899e-01	1.764045e+00
197	3.823260e-01	3.972749e-01	1.632145e+00
198	5.273945e-01	2.448534e-01	2.230093e+00
199	5.784988e-01	4.285066e-01	1.235467e+00
200	3.960537e-01	3.860613e-01	2.251588e+00
201	3.574666e-01	4.987234e-01	1.751343e+00
202	5.251528e-01	3.539452e-01	1.715193e+00
203	4.942921e-01	4.046265e-01	2.109917e+00
204	3.886165e-01	3.854015e-01	2.137274e+00
205	6.556415e-01	5.085912e-01	2.099170e+00
206	3.871474e-01	3.492343e-01	2.057157e+00
207	5.853692e-01	2.480211e-01	2.246702e+00
208	3.712552e-01	3.994969e-01	1.894968e+00
209	6.030926e-01	5.245016e-01	2.453835e+00
210	4.794613e-01	4.623730e-01	2.834880e+00
211	5.270623e-01	4.219669e-01	2.215437e+00
212	5.189429e-01	4.155855e-01	2.153884e+00
213	6.010152e-01	5.104030e-01	2.475330e+00
214	5.135120e-01	3.800957e-01	1.274548e+00
215	5.653087e-01	5.443031e-01	2.127504e+00
216	5.425270e-01	2.400223e-01	1.697606e+00
217	4.290523e-01	6.088671e-01	1.790425e+00
218	8.291375e-01	4.331525e-01	1.736688e+00
219	4.895233e-01	3.656457e-01	1.692721e+00
220	4.900340e-01	3.891984e-01	2.042501e+00
221	5.381831e-01	3.572342e-01	1.468979e+00
222	4.054354e-01	3.388307e-01	1.784563e+00
223	4.643614e-01	5.855363e-01	1.068393e+00
224	5.499589e-01	2.762734e-01	2.269174e+00
225	6.173892e-01	3.782765e-01	2.653151e+00
226	5.811676e-01	2.975420e-01	1.839277e+00
227	5.780293e-01	6.099893e-01	1.175867e+00
228	4.593883e-01	5.797325e-01	2.807523e+00
229	5.600440e-01	3.078973e-01	2.811431e+00
230	5.178926e-01	3.847433e-01	1.192477e+00
231	6.553427e-01	2.337125e-01	1.897899e+00
232	5.026175e-01	4.207112e-01	1.620420e+00
233	7.864462e-01	4.397772e-01	2.624817e+00
234	5.184661e-01	3.842539e-01	2.806546e+00
235	5.433847e-01	3.489431e-01	1.763068e+00
236	5.466246e-01	2.408192e-01	1.890083e+00
237	7.474867e-01	7.512361e-01	2.060088e+00
238	7.923177e-01	4.602648e-01	2.458720e+00
239	4.453627e-01	5.897065e-01	2.463605e+00
240	7.502577e-01	7.513086e-01	1.141671e+00
241	4.797578e-01	3.770760e-01	1.146556e+00
242	3.360153e-01	3.083123e-01	1.395701e+00
243	3.310838e-01	4.034393e-01	1.755252e+00
244	3.145011e-01	2.478556e-01	2.486077e+00
245	5.993719e-01	5.463302e-01	2.901319e+00
246	6.038112e-01	3.716075e-01	2.123596e+00
247	7.490075e-01	7.611830e-01	1.652662e+00
248	5.261926e-01	4.831980e-01	1.199316e+00
249	8.830313e-01	5.322874e-01	1.211041e+00
250	3.426977e-01	3.853661e-01	2.170493e+00
251	7.178887e-01	4.431285e-01	2.733268e+00
252	3.494159e-01	4.109310e-01	1.545188e+00
253	5.060247e-01	3.733941e-01	1.376160e+00
254	5.842314e-01	5.572786e-01	1.621397e+00
255	5.853563e-01	5.602820e-01	1.883244e+00
256	5.859148e-01	5.652119e-01	1.612604e+00
257	3.348195e-01	3.932833e-01	2.909135e+00
258	6.065348e-01	5.877446e-01	1.354665e+00
259	5.236008e-01	4.935085e-01	2.770396e+00
260	5.946850e-01	2.276970e-01	2.148999e+00
261	3.221829e-01	4.040891e-01	2.624817e+00
262	7.123085e-01	7.946624e-01	1.126038e+00
263	7.321974e-01	7.153369e-01	2.481192e+00
264	5.006880e-01	4.908332e-01	2.697118e+00
265	5.466052e-01	4.335491e-01	1.938935e+00
266	7.217142e-01	6.886094e-01	1.854910e+00
267	7.654193e-01	7.316882e-01	1.909624e+00
268	5.989023e-01	5.390074e-01	2.625794e+00
269	4.981894e-01	6.283095e-01	1.564729e+00
270	5.975662e-01	3.926481e-01	2.984367e+00
271	7.395065e-01	7.465437e-01	2.497802e+00
272	7.388785e-01	7.466731e-01	1.802149e+00
273	5.733844e-01	4.693153e-01	2.693210e+00
274	5.107947e-01	5.042543e-01	2.276014e+00
275	9.022522e-01	5.844956e-01	1.004885e+00
276	4.738522e-01	3.008317e-01	1.245237e+00
277	8.547740e-01	5.887613e-01	2.910112e+00
278	5.477609e-01	4.875459e-01	1.489497e+00
279	4.972715e-01	3.924326e-01	2.305325e+00
280	7.376656e-01	7.174951e-01	2.963850e+00
281	5.505326e-01	4.853455e-01	2.689301e+00
282	6.332137e-01	5.036713e-01	1.346849e+00
283	5.319191e-01	4.734833e-01	2.447973e+00
284	5.416629e-01	4.778647e-01	1.591109e+00
285	4.854602e-01	5.081573e-01	1.931119e+00
286	8.538586e-01	3.694563e-01	1.473864e+00
287	5.021694e-01	3.958903e-01	2.687347e+00
288	5.287762e-01	4.557089e-01	2.787982e+00
289	6.748645e-01	5.033848e-01	1.510015e+00
290	8.757291e-01	4.321473e-01	1.850024e+00
291	5.480547e-01	4.831068e-01	2.193942e+00
292	5.389687e-01	4.894328e-01	2.918906e+00
293	6.186469e-01	6.019803e-01	1.734734e+00
294	7.394004e-01	7.450977e-01	1.119199e+00
295	4.607225e-01	5.932486e-01	1.631168e+00
296	5.008329e-01	4.194673e-01	1.258915e+00
297	5.972778e-01	5.307901e-01	2.458720e+00
298	6.312299e-01	5.116782e-01	2.134343e+00
299	5.311544e-01	5.082810e-01	2.662921e+00
300	5.609163e-01	4.727053e-01	2.924768e+00
301	5.636737e-01	4.777324e-01	2.983390e+00
302	8.345948e-01	4.127454e-01	2.305325e+00
303	8.257741e-01	4.844271e-01	2.763556e+00
304	8.339733e-01	4.103941e-01	2.374695e+00
305	5.280565e-01	5.184082e-01	1.703468e+00
306	5.324470e-01	4.391839e-01	1.246214e+00
307	8.897480e-01	3.245931e-01	2.993161e+00
308	6.949820e-01	6.494298e-01	2.925745e+00
309	6.132647e-01	5.819201e-01	1.857841e+00
310	5.257979e-01	3.933133e-01	2.601368e+00
311	5.551799e-01	4.735695e-01	2.413776e+00
312	6.191184e-01	3.610412e-01	2.569126e+00
313	9.272879e-01	5.547665e-01	2.051295e+00
314	4.802211e-01	6.047285e-01	1.865657e+00
315	8.005835e-01	2.779398e-01	1.048852e+00
316	5.933528e-01	5.324417e-01	2.574988e+00
317	5.262547e-01	4.835478e-01	1.598925e+00
318	7.800617e-01	3.493421e-01	2.264289e+00
319	5.198815e-01	4.557698e-01	1.176844e+00
320	7.969425e-01	3.361224e-01	1.061553e+00
321	7.420768e-01	7.337844e-01	2.460674e+00
322	5.515939e-01	4.464223e-01	2.526136e+00
323	7.435328e-01	7.349964e-01	2.587689e+00
324	6.032310e-01	5.041486e-01	1.928188e+00
325	5.597840e-01	3.988185e-01	2.006351e+00
326	5.635385e-01	3.975489e-01	1.041036e+00
327	4.893039e-01	4.614770e-01	1.793356e+00
328	7.401415e-01	7.274605e-01	1.312653e+00
329	6.010983e-01	5.139297e-01	1.860772e+00
330	5.433985e-01	4.765886e-01	1.389839e+00
331	5.370399e-01	4.535692e-01	1.052760e+00
332	6.011483e-01	5.140704e-01	1.156326e+00
333	9.107420e-01	5.064206e-01	1.425012e+00
334	6.197511e-01	4.014709e-01	1.981925e+00
335	6.900444e-01	6.343053e-01	2.256473e+00
336	5.842904e-01	5.593829e-01	2.368832e+00
337	6.705898e-01	5.762992e-01	2.024915e+00
338	6.768159e-01	2.266156e-01	1.087934e+00
339	6.911929e-01	6.359141e-01	1.266732e+00
340	6.139672e-01	4.879571e-01	1.348803e+00
341	7.328158e-01	7.465155e-01	2.472399e+00
342	4.543117e-01	5.839212e-01	2.288715e+00
343	8.911199e-01	3.369812e-01	1.972154e+00
344	4.507594e-01	3.721564e-01	2.745970e+00
345	4.513160e-01	3.726049e-01	2.490962e+00
346	8.267370e-01	4.291476e-01	2.515388e+00
347	5.890981e-01	5.057146e-01	1.545188e+00
348	5.018997e-01	5.256970e-01	2.662921e+00
349	6.677523e-01	5.897815e-01	2.264289e+00
350	5.088300e-01	3.957538e-01	2.905227e+00
351	4.906029e-01	3.478214e-01	1.058622e+00
352	7.205572e-01	7.367127e-01	2.764533e+00
353	5.029181e-01	5.242390e-01	2.152907e+00
354	7.544556e-01	4.245740e-01	2.784074e+00
355	5.241543e-01	4.771250e-01	2.445042e+00
356	7.078827e-01	6.888815e-01	2.852467e+00
357	5.863622e-01	5.049685e-01	2.070835e+00
358	5.212865e-01	4.201291e-01	1.406448e+00
359	6.972304e-01	2.720074e-01	1.751343e+00
360	4.862500e-01	5.226934e-01	2.077675e+00
361	5.159653e-01	3.967579e-01	1.601856e+00
362	8.493332e-01	4.218014e-01	2.012213e+00
363	1.774274e-01	6.269014e-01	1.417196e+00
364	5.273553e-01	4.409732e-01	2.048363e+00
365	7.671237e-01	7.662216e-01	2.781143e+00
366	3.962218e-01	3.465484e-01	2.779189e+00
367	4.766920e-01	5.130339e-01	2.617978e+00
368	1.860503e-01	6.252171e-01	2.517342e+00
369	7.102662e-01	4.796852e-01	1.698583e+00
370	3.018494e-01	8.407076e-01	1.284319e+00
371	4.013116e-01	6.981155e-01	1.948705e+00
372	4.927226e-01	3.854662e-01	1.416219e+00
373	7.642600e-01	3.206862e-01	1.745481e+00
374	7.639010e-01	3.187602e-01	1.994626e+00
375	4.883004e-01	4.727899e-01	2.291646e+00
376	4.043123e-01	6.955327e-01	1.868588e+00
377	5.187698e-01	4.734803e-01	2.511480e+00
378	5.232406e-01	5.055517e-01	2.596483e+00
379	5.306448e-01	4.536490e-01	2.855398e+00
380	2.708626e-01	5.983454e-01	2.172447e+00
381	5.290804e-01	4.509895e-01	1.312653e+00
382	5.366507e-01	4.503080e-01	1.787494e+00
383	5.105068e-01	4.460901e-01	2.252565e+00
384	5.216341e-01	3.836684e-01	1.978017e+00
385	5.736403e-01	4.436746e-01	2.965804e+00
386	5.258366e-01	5.625584e-01	2.221299e+00
387	5.171492e-01	4.783465e-01	1.701514e+00
388	4.210823e-01	5.774536e-01	1.135809e+00
389	5.307874e-01	4.510868e-01	2.997069e+00
390	7.562267e-01	4.095477e-01	2.470445e+00
391	5.325282e-01	4.834141e-01	2.362970e+00
392	3.403298e-01	5.977286e-01	2.553493e+00
393	5.621207e-01	3.897830e-01	1.347826e+00
394	3.575970e-01	6.303616e-01	2.896434e+00
395	5.450183e-01	5.185177e-01	1.857841e+00
396	4.293463e-01	5.642312e-01	1.669272e+00
397	3.435442e-01	6.157533e-01	1.726917e+00
398	6.347576e-01	5.676519e-01	2.604299e+00
399	5.284829e-01	5.301001e-01	2.089399e+00
400	3.796068e-01	6.371800e-01	1.552027e+00
401	2.847150e-01	6.877504e-01	1.769907e+00
402	4.716066e-01	5.551386e-01	1.382022e+00
403	5.187781e-01	3.769522e-01	2.510503e+00
404	3.244568e-01	5.929944e-01	1.640938e+00
405	5.354276e-01	5.424835e-01	2.933561e+00
406	3.489029e-01	6.469113e-01	1.033219e+00
407	5.135778e-01	5.356646e-01	1.408403e+00
408	6.219907e-01	5.620765e-01	2.767465e+00
409	5.300954e-01	5.600161e-01	1.526624e+00
410	5.133579e-01	3.761813e-01	1.456277e+00
411	3.147444e-01	7.190332e-01	1.054714e+00
412	5.102439e-01	5.506190e-01	2.601368e+00
413	6.998075e-01	5.429010e-01	2.193942e+00
414	3.074408e-01	6.835147e-01	2.321935e+00
415	4.265327e-01	5.731917e-01	1.564729e+00
416	5.527830e-01	4.594244e-01	1.679043e+00
417	3.053298e-01	6.627315e-01	2.034685e+00
418	3.168035e-01	7.203347e-01	2.564240e+00
419	5.015112e-01	3.706732e-01	2.311187e+00
420	6.321066e-01	5.574548e-01	1.297997e+00
421	6.286046e-01	5.557601e-01	2.873962e+00
422	6.339038e-01	5.595499e-01	2.202736e+00
423	5.562214e-01	4.362663e-01	2.653151e+00
424	3.013099e-01	8.344245e-01	1.693698e+00
425	7.636208e-01	6.314431e-01	2.461651e+00
426	5.630385e-01	4.653684e-01	1.679043e+00
427	6.436261e-01	5.602397e-01	2.991207e+00
428	4.763260e-01	7.749782e-01	2.857352e+00
429	6.075399e-01	5.053424e-01	1.913532e+00
430	3.513674e-01	7.872594e-01	1.216903e+00
431	4.964367e-01	7.890871e-01	1.214949e+00
432	2.888562e-01	8.176120e-01	2.294577e+00
433	3.328036e-01	6.781689e-01	1.005862e+00
434	5.841195e-01	4.621789e-01	2.227162e+00
435	3.399863e-01	6.115768e-01	1.723009e+00
436	4.145981e-01	7.492841e-01	1.113337e+00
437	7.172687e-01	6.117900e-01	1.491451e+00
438	4.509245e-01	3.344126e-01	1.692721e+00
439	2.775065e-01	7.871569e-01	1.154372e+00
440	3.344977e-01	7.504870e-01	1.851001e+00
441	4.919076e-01	3.753404e-01	2.418661e+00
442	3.041719e-01	6.174726e-01	1.874450e+00
443	3.180021e-01	7.301037e-01	1.591109e+00
444	3.052747e-01	7.359883e-01	2.199805e+00
445	6.704119e-01	5.468177e-01	2.208598e+00
446	4.896969e-01	3.670408e-01	1.322423e+00
447	6.361335e-01	5.492452e-01	2.361016e+00
448	8.125029e-01	5.971342e-01	1.207132e+00
449	8.547166e-01	4.453955e-01	2.514411e+00
450	6.439111e-01	5.501464e-01	1.815828e+00
451	6.007317e-01	4.103763e-01	1.328285e+00
452	3.432561e-01	7.589991e-01	2.272106e+00
453	4.951155e-01	7.593871e-01	2.487054e+00
454	3.457907e-01	7.635450e-01	1.883244e+00
455	4.527409e-01	7.845322e-01	1.599902e+00
456	7.091517e-01	1.620450e-01	2.142159e+00
457	7.883504e-01	4.993625e-01	2.343429e+00
458	2.886877e-01	7.312250e-01	1.749389e+00
459	4.728877e-01	3.425898e-01	1.835369e+00
460	8.117008e-01	5.807312e-01	2.608207e+00
461	7.580693e-01	5.170339e-01	1.065462e+00
462	6.690135e-01	5.399981e-01	1.698583e+00
463	3.356765e-01	6.852052e-01	2.761602e+00
464	3.679525e-01	7.792152e-01	1.744504e+00
465	4.677225e-01	7.900584e-01	1.961407e+00
466	3.370035e-01	6.821883e-01	2.449927e+00
467	2.908799e-01	5.118350e-01	2.669761e+00
468	8.507770e-01	6.393257e-01	1.075232e+00
469	2.774349e-01	7.494225e-01	2.597460e+00
470	3.389801e-01	6.640730e-01	2.960918e+00
471	4.198439e-01	7.764376e-01	1.451392e+00
472	3.355061e-01	6.676085e-01	1.655594e+00
473	5.320148e-01	3.738140e-01	2.572057e+00
474	8.559996e-01	4.965626e-01	2.433317e+00
475	7.423934e-01	5.729268e-01	1.234489e+00
476	3.142562e-01	6.070671e-01	1.607719e+00
477	5.818592e-01	5.621221e-01	2.643381e+00
478	7.670334e-01	1.999400e-01	1.827553e+00
479	7.531185e-01	5.972054e-01	1.233512e+00
480	7.051972e-01	1.637533e-01	2.757694e+00
481	6.682389e-01	6.117565e-01	2.058134e+00
482	2.738066e-01	6.246297e-01	2.221299e+00
483	2.204539e-01	6.621345e-01	1.083048e+00
484	6.603113e-01	6.035984e-01	2.453835e+00
485	7.202378e-01	5.653621e-01	2.829018e+00
486	3.408905e-01	6.571703e-01	2.169516e+00
487	7.171757e-01	5.786165e-01	2.371764e+00
488	6.664786e-01	6.213491e-01	1.634099e+00
489	7.527066e-01	5.192346e-01	1.314607e+00
490	8.000846e-01	5.085035e-01	2.292623e+00
491	6.965599e-01	5.428290e-01	1.759160e+00
492	7.612606e-01	1.901954e-01	2.365901e+00
493	3.567546e-01	7.501446e-01	2.942355e+00
494	7.905359e-01	5.125367e-01	1.358574e+00
495	8.548600e-01	5.078919e-01	1.458232e+00
496	2.201574e-01	7.013207e-01	1.757206e+00
497	1.205708e-01	5.638109e-01	1.099658e+00
498	3.546774e-01	6.788429e-01	2.251588e+00
499	7.087104e-01	5.127310e-01	1.474841e+00
500	7.689558e-01	1.970981e-01	1.462140e+00
501	6.533690e-01	6.112351e-01	2.850513e+00
502	6.492842e-01	6.480644e-01	2.543723e+00
503	2.889433e-01	7.963763e-01	2.288715e+00
504	2.227689e-01	6.459846e-01	1.375183e+00
505	3.440342e-01	6.595266e-01	1.170005e+00
506	6.498648e-01	6.488131e-01	2.011236e+00
507	2.925014e-01	6.332418e-01	2.982413e+00
508	5.325673e-01	3.493430e-01	1.578407e+00
509	7.522465e-01	5.440521e-01	2.904250e+00
510	2.831467e-01	8.240115e-01	2.471422e+00
511	5.852873e-01	5.270986e-01	2.948217e+00
512	2.275798e-01	5.437839e-01	1.856864e+00
513	8.619097e-01	2.517683e-01	1.749389e+00
514	3.217760e-01	6.344850e-01	1.780655e+00
515	3.811320e-01	6.866480e-01	1.223742e+00
516	3.231262e-01	6.333446e-01	2.928676e+00
517	6.613031e-01	6.158165e-01	1.055691e+00
518	3.216502e-01	6.332726e-01	2.823156e+00
519	2.683199e-01	6.342745e-01	2.886663e+00
520	7.195290e-01	7.736627e-01	1.931119e+00
521	5.717751e-01	5.233116e-01	1.391793e+00
522	6.528183e-01	6.155614e-01	1.467025e+00
523	4.545840e-01	6.510376e-01	1.512946e+00
524	7.549711e-01	3.305271e-01	1.960430e+00
525	7.424576e-01	3.362771e-01	2.254519e+00
526	4.604593e-01	5.844789e-01	2.899365e+00
527	2.753598e-01	6.499965e-01	2.728383e+00
528	6.156212e-01	5.219761e-01	1.247191e+00
529	4.576731e-01	5.970691e-01	1.802149e+00
530	8.167133e-01	2.837390e-01	1.858818e+00
531	6.103004e-01	5.190671e-01	1.663410e+00
532	4.321857e-01	5.997925e-01	2.556424e+00
533	7.578025e-01	3.291493e-01	2.947240e+00
534	6.115497e-01	5.304381e-01	2.475330e+00
535	3.267425e-01	5.879174e-01	1.237421e+00
536	2.652670e-01	7.629863e-01	2.923791e+00
537	7.301526e-01	5.909045e-01	2.906204e+00
538	7.743648e-01	2.770402e-01	2.668784e+00
539	5.473112e-01	5.704340e-01	2.476307e+00
540	5.243458e-01	6.261855e-01	2.065950e+00
541	6.057827e-01	5.198512e-01	1.983879e+00
542	6.534842e-01	6.182292e-01	1.982902e+00
543	2.853601e-01	7.812619e-01	2.643381e+00
544	7.292423e-01	2.886267e-01	1.637030e+00
545	7.206469e-01	5.901263e-01	1.338056e+00
546	5.218352e-01	6.360521e-01	2.406937e+00
547	4.893061e-01	7.243183e-01	1.422081e+00
548	7.102777e-01	2.878280e-01	2.956033e+00
549	6.104997e-01	5.422416e-01	2.601368e+00
550	7.205704e-01	6.005935e-01	1.846116e+00
551	6.053757e-01	5.340620e-01	1.264778e+00
552	7.113968e-01	2.915837e-01	1.119199e+00
553	4.326941e-01	6.131593e-01	1.956522e+00
554	4.675651e-01	7.111588e-01	2.971666e+00
555	6.127642e-01	5.355631e-01	2.149976e+00
556	3.529515e-01	5.617804e-01	1.574499e+00
557	7.177655e-01	3.022052e-01	1.775769e+00
558	7.271612e-01	2.960576e-01	1.542257e+00
559	7.155940e-01	3.001929e-01	2.984367e+00
560	3.442475e-01	5.867596e-01	2.563263e+00
561	7.552427e-01	1.974346e-01	1.624328e+00
562	6.545692e-01	6.289531e-01	1.577430e+00
563	2.389821e-01	6.691090e-01	2.224231e+00
564	7.478620e-01	5.990608e-01	1.125061e+00
565	6.368313e-01	5.628480e-01	2.955056e+00
566	5.562393e-01	6.053949e-01	2.865169e+00
567	6.155573e-01	5.121849e-01	1.672203e+00
568	3.102880e-01	7.061524e-01	1.198339e+00
569	3.824828e-01	6.692587e-01	2.513434e+00
570	6.616079e-01	6.336539e-01	1.853933e+00
571	6.097057e-01	5.357018e-01	2.858329e+00
572	6.151118e-01	5.116164e-01	1.574499e+00
573	7.064225e-01	2.685545e-01	1.432829e+00
574	6.151061e-01	5.125085e-01	1.500244e+00
575	1.663626e-01	7.262292e-01	1.587201e+00
576	3.580058e-01	6.801630e-01	1.323400e+00
577	1.639627e-01	7.505760e-01	2.852467e+00
578	7.101479e-01	6.525762e-01	2.147044e+00
579	6.112775e-01	5.407973e-01	2.698095e+00
580	3.070983e-01	6.704706e-01	2.203713e+00
581	5.990790e-01	5.164568e-01	1.364436e+00
582	4.193484e-01	3.240679e-01	2.076698e+00
583	2.840908e-01	7.594510e-01	2.011236e+00
584	7.420161e-01	2.052907e-01	1.412311e+00
585	1.741946e-01	7.317772e-01	2.266243e+00
586	3.560997e-01	6.688718e-01	1.215926e+00
587	6.115053e-01	5.309642e-01	2.299463e+00
588	3.566315e-01	6.823941e-01	1.683928e+00
589	3.241289e-01	6.824816e-01	2.081583e+00
590	3.561799e-01	6.764809e-01	2.350269e+00
591	2.136582e-01	7.350537e-01	2.268197e+00
592	2.017643e-01	7.258795e-01	2.728383e+00
593	3.560358e-01	6.807489e-01	1.194431e+00
594	3.695029e-01	6.890655e-01	2.515388e+00
595	1.742205e-01	6.804405e-01	1.169028e+00
596	2.239209e-01	3.564320e-01	2.074744e+00
597	6.617045e-01	4.992992e-01	1.865657e+00
598	7.801791e-01	2.136724e-01	2.900342e+00
599	6.604878e-01	4.993208e-01	1.802149e+00
600	5.640432e-01	5.188088e-01	1.367367e+00
601	3.129449e-01	7.388712e-01	1.148510e+00
602	6.540854e-02	3.918472e-01	2.808500e+00
603	1.950674e-01	6.490563e-01	1.424035e+00
604	3.006931e-01	7.234626e-01	1.613581e+00
605	3.531560e-01	6.688237e-01	2.427455e+00
606	7.127426e-01	2.798131e-01	2.196873e+00
607	4.338172e-01	6.474142e-01	1.355642e+00
608	3.262186e-01	6.352077e-01	2.386419e+00
609	6.411196e-01	3.587924e-01	1.294089e+00
610	6.562074e-01	3.550272e-01	1.687836e+00
611	4.011813e-01	6.781050e-01	1.146556e+00
612	1.814917e-01	7.269397e-01	1.939912e+00
613	4.475133e-01	6.166005e-01	1.597948e+00
614	4.067852e-01	6.702479e-01	2.412799e+00
615	1.671971e-01	7.142914e-01	2.131412e+00
616	2.100892e-01	3.663459e-01	1.138740e+00
617	6.854211e-01	5.103132e-01	1.227650e+00
618	3.856394e-01	6.727445e-01	2.522228e+00
619	5.484372e-01	6.415728e-01	1.437714e+00
620	4.362905e-01	6.615320e-01	1.523693e+00
621	3.018134e-01	7.400916e-01	1.221788e+00
622	6.556817e-01	4.310243e-01	1.652662e+00
623	5.003106e-01	4.178580e-01	1.269663e+00
624	3.009027e-01	7.294416e-01	2.967758e+00
625	3.149240e-01	7.482827e-01	2.952125e+00
626	4.576672e-01	6.052291e-01	2.546654e+00
627	5.431363e-01	6.853507e-01	1.818759e+00
628	2.829488e-01	7.734458e-01	1.919394e+00
629	5.327003e-01	6.829970e-01	2.563263e+00
630	4.530770e-01	5.850640e-01	1.451392e+00
631	4.661939e-01	5.841105e-01	1.718124e+00
632	4.790202e-01	3.511105e-01	1.207132e+00
633	4.223394e-01	3.040475e-01	1.236444e+00
634	5.720836e-01	4.215270e-01	2.622863e+00
635	3.288678e-01	7.680039e-01	2.549585e+00
636	3.020085e-01	7.291522e-01	2.966781e+00
637	4.076654e-01	1.013224e-01	2.095261e+00
638	2.077305e-01	7.044194e-01	2.471422e+00
639	5.214896e-01	6.167186e-01	2.395213e+00
640	2.235154e-01	3.425378e-01	1.835369e+00
641	2.164706e-01	7.104005e-01	2.828041e+00
642	4.710351e-01	3.023586e-01	1.534441e+00
643	3.108119e-01	7.329004e-01	1.550073e+00
644	5.763622e-01	4.398878e-01	1.610650e+00
645	3.703340e-01	2.972177e-01	1.612604e+00
646	4.166036e-01	3.697345e-01	1.086957e+00
647	2.613136e-01	7.582009e-01	2.326820e+00
648	3.288860e-01	6.370100e-01	2.282853e+00
649	2.745857e-01	5.118416e-01	1.573522e+00
650	3.988105e-01	3.169213e-01	2.497802e+00
651	3.252429e-01	7.445700e-01	1.234489e+00
652	5.355550e-01	3.858378e-01	1.752320e+00
653	5.622387e-01	6.923186e-01	1.589155e+00
654	2.347049e-01	3.157512e-01	1.148510e+00
655	4.246202e-01	3.101793e-01	1.209086e+00
656	4.436123e-01	2.834375e-01	2.755740e+00
657	5.300880e-01	6.009028e-01	1.499267e+00
658	4.347684e-01	3.896721e-01	1.014656e+00
659	3.052345e-01	7.309905e-01	2.891549e+00
660	4.431972e-01	3.379780e-01	2.478261e+00
661	5.603829e-01	6.922711e-01	1.898876e+00
662	5.183790e-01	3.841246e-01	1.188569e+00
663	4.196208e-01	3.618682e-01	2.785051e+00
664	5.836715e-01	5.850430e-01	2.945286e+00
665	4.359152e-01	3.656535e-01	2.458720e+00
666	3.392172e-01	6.652501e-01	2.673669e+00
667	4.967990e-01	4.798570e-01	1.399609e+00
668	4.329744e-01	6.285455e-01	2.604299e+00
669	4.259285e-01	3.917568e-01	1.529555e+00
670	3.975420e-01	3.275638e-01	2.823156e+00
671	3.654633e-01	2.471023e-01	2.826087e+00
672	3.304323e-01	6.950604e-01	2.844651e+00
673	4.223132e-01	3.871209e-01	2.290669e+00
674	2.772863e-01	7.232818e-01	2.188080e+00
675	4.130693e-01	3.981967e-01	2.570103e+00
676	4.122016e-01	3.778692e-01	2.396190e+00
677	2.905906e-01	5.575365e-01	1.318515e+00
678	2.432528e-01	6.881731e-01	1.733757e+00
679	4.436379e-01	3.219962e-01	2.605276e+00
680	3.662333e-01	1.781408e-01	2.683439e+00
681	6.359996e-01	5.044156e-01	1.587201e+00
682	4.083962e-01	4.031278e-01	1.375183e+00
683	5.952298e-01	4.329745e-01	2.298486e+00
684	3.367613e-01	7.608909e-01	1.285296e+00
685	4.203399e-01	3.308004e-01	2.983390e+00
686	4.125821e-01	6.449259e-01	1.195408e+00
687	4.727851e-01	7.804224e-01	2.667807e+00
688	4.117554e-01	3.902554e-01	2.414753e+00
689	4.864195e-01	7.042442e-01	1.843185e+00
690	4.335289e-01	3.428167e-01	2.396190e+00
691	3.419019e-01	7.464713e-01	1.656571e+00
692	4.967541e-01	6.478408e-01	3.000000e+00
693	4.122835e-01	3.904174e-01	2.728383e+00
694	5.333505e-01	8.518639e-01	1.133854e+00
695	4.275888e-01	8.154553e-01	1.718124e+00
696	5.650504e-01	5.484476e-01	1.944797e+00
697	3.022060e-01	4.870426e-01	2.883732e+00
698	4.049437e-01	4.157689e-01	2.383488e+00
699	5.179793e-01	4.739216e-01	2.506595e+00
700	4.167161e-01	3.555220e-01	1.786517e+00
701	3.499485e-01	5.997424e-01	2.893503e+00
702	4.195001e-01	3.624368e-01	2.981436e+00
703	4.307717e-01	6.460007e-01	2.663898e+00
704	4.279997e-01	3.467130e-01	2.227162e+00
705	4.994498e-01	5.040421e-01	1.527601e+00
706	6.034686e-01	5.392836e-01	2.610161e+00
707	6.127321e-01	6.094207e-01	1.058622e+00
708	4.203289e-01	3.998252e-01	2.782120e+00
709	2.071796e-01	5.829222e-01	1.854910e+00
710	5.128415e-01	7.510764e-01	1.518808e+00
711	3.637511e-01	1.340313e-01	2.950171e+00
712	4.150477e-01	3.647188e-01	2.109917e+00
713	2.000925e-01	5.872172e-01	2.205667e+00
714	4.206751e-01	4.041144e-01	2.074744e+00
715	4.109710e-01	3.641542e-01	2.319003e+00
716	2.270354e-01	6.283480e-01	1.290181e+00
717	4.152250e-01	3.662658e-01	1.286273e+00
718	4.234098e-01	3.646626e-01	1.881290e+00
719	4.826412e-01	5.455823e-01	1.664387e+00
720	5.583726e-01	7.796692e-01	1.242306e+00
721	5.416542e-01	7.039058e-01	1.927211e+00
722	6.014389e-01	5.795779e-01	2.820225e+00
723	3.711665e-01	7.975933e-01	2.792868e+00
724	4.037421e-01	3.628620e-01	1.201270e+00
725	6.117525e-01	5.963045e-01	1.898876e+00
726	5.323915e-01	7.983060e-01	2.183195e+00
727	6.041484e-01	5.805605e-01	1.782609e+00
728	3.751956e-01	1.376126e-01	2.566194e+00
729	4.333307e-01	3.943074e-01	1.561798e+00
730	4.246585e-01	3.623415e-01	2.282853e+00
731	4.155670e-01	3.644298e-01	2.210552e+00
732	4.456746e-01	5.780774e-01	1.020518e+00
733	4.950931e-01	5.220229e-01	1.784563e+00
734	3.052469e-01	4.421429e-01	1.910601e+00
735	4.296738e-01	3.598596e-01	1.275525e+00
736	4.302062e-01	3.699930e-01	1.212995e+00
737	3.645267e-01	5.492698e-01	2.964827e+00
738	4.273272e-01	3.603377e-01	2.079629e+00
739	1.809222e-01	7.737822e-02	1.634099e+00
740	3.588317e-01	5.537016e-01	1.187592e+00
741	5.914739e-01	5.949785e-01	1.258915e+00
742	4.516641e-01	8.504526e-01	2.565217e+00
743	3.945259e-01	1.207122e-01	1.707377e+00
744	4.279332e-01	3.918145e-01	1.999511e+00
745	5.656418e-01	5.878589e-01	1.264778e+00
746	4.446701e-01	3.349310e-01	1.110405e+00
747	3.927959e-01	5.259672e-01	1.107474e+00
748	4.582142e-01	8.438514e-01	1.416219e+00
749	3.906624e-01	5.102864e-01	1.070347e+00
750	3.836383e-01	1.093631e-01	2.856375e+00
751	5.630682e-01	5.910626e-01	2.400098e+00
752	4.268091e-01	3.595422e-01	2.871031e+00
753	5.659146e-01	5.816404e-01	2.739130e+00
754	2.946105e-01	6.638753e-01	1.681974e+00
755	4.665147e-01	6.361563e-01	2.061065e+00
756	1.938109e-01	1.511293e-01	1.928188e+00
757	3.218817e-01	3.537821e-01	1.579384e+00
758	4.808270e-01	8.111787e-01	1.946751e+00
759	3.191573e-01	3.547023e-01	1.790425e+00
760	3.078380e-01	3.195630e-01	1.180752e+00
761	5.090476e-01	7.210817e-01	1.073278e+00
762	4.783951e-01	8.120774e-01	1.013679e+00
763	6.057237e-01	6.483592e-01	2.799707e+00
764	5.136163e-01	8.089175e-01	1.132877e+00
765	2.877385e-01	4.275031e-01	1.803127e+00
766	5.709079e-01	8.170445e-01	2.775281e+00
767	2.537289e-01	2.354838e-01	2.776258e+00
768	5.760041e-01	5.994224e-01	2.010259e+00
769	5.092445e-01	8.081175e-01	2.652174e+00
770	4.320275e-01	3.708931e-01	1.700537e+00
771	5.919531e-01	5.774828e-01	1.339033e+00
772	5.988960e-01	6.451134e-01	2.227162e+00
773	5.967333e-01	6.377504e-01	2.482169e+00
774	5.146164e-01	7.224258e-01	2.958964e+00
775	6.280650e-01	4.824715e-01	1.443576e+00
776	3.619000e-01	4.353061e-01	2.381534e+00
777	5.802532e-01	3.688887e-01	1.971177e+00
778	4.485920e-01	4.643773e-01	2.960918e+00
779	5.873507e-01	6.165618e-01	1.812897e+00
780	2.937720e-01	3.509404e-01	1.991695e+00
781	3.809099e-01	3.761061e-01	1.170982e+00
782	4.499664e-01	4.035620e-01	1.277479e+00
783	1.019559e-01	4.226026e-01	2.730337e+00
784	4.764249e-01	7.905628e-01	2.086468e+00
785	4.798493e-01	7.598634e-01	1.176844e+00
786	4.875200e-01	8.127633e-01	1.636053e+00
787	1.883087e-01	3.952506e-01	1.790425e+00
788	6.064701e-01	4.277613e-01	2.336590e+00
789	4.272790e-01	4.190823e-01	1.343918e+00
790	4.379377e-01	4.560684e-01	1.905716e+00
791	5.254127e-01	6.139777e-01	1.784563e+00
792	4.909563e-01	2.297002e-01	2.622863e+00
793	5.797172e-01	6.938450e-01	2.063996e+00
794	5.442153e-01	5.986293e-01	2.497802e+00
795	4.017236e-01	5.051349e-01	2.870054e+00
796	6.917877e-01	3.456004e-01	2.862237e+00
797	6.864439e-01	3.306265e-01	2.981436e+00
798	3.173844e-01	7.463460e-01	1.529555e+00
799	5.780615e-01	5.393811e-01	1.729849e+00
800	5.013273e-01	2.419568e-01	2.290669e+00
801	5.756698e-01	5.276563e-01	2.841720e+00
802	5.601659e-01	5.346812e-01	2.195896e+00
803	6.019495e-01	4.308953e-01	1.601856e+00
804	7.137054e-01	5.457309e-01	2.449927e+00
805	6.156655e-01	5.356198e-01	1.462140e+00
806	5.671421e-01	5.284851e-01	2.041524e+00
807	4.659477e-01	2.101759e-01	2.971666e+00
808	5.585781e-01	5.333852e-01	2.061065e+00
809	2.855437e-01	3.431409e-01	2.130435e+00
810	5.886488e-01	7.658782e-01	2.205667e+00
811	5.576539e-01	5.463151e-01	2.184172e+00
812	5.667802e-01	4.818840e-01	2.747924e+00
813	4.722504e-01	2.098631e-01	2.602345e+00
814	6.215106e-01	4.300910e-01	2.909135e+00
815	5.547188e-01	5.458945e-01	2.777235e+00
816	5.920734e-01	5.358967e-01	1.295066e+00
817	5.456176e-01	5.541890e-01	1.050806e+00
818	6.211407e-01	4.267882e-01	1.191500e+00
819	6.207398e-01	5.417846e-01	1.198339e+00
820	5.524625e-01	5.565673e-01	2.656082e+00
821	4.722592e-01	2.169806e-01	2.353200e+00
822	4.078265e-01	4.240316e-01	1.692721e+00
823	5.881026e-01	7.780850e-01	2.330728e+00
824	5.841636e-01	8.924238e-01	1.946751e+00
825	5.802039e-01	4.868321e-01	1.906693e+00
826	5.464358e-01	5.344943e-01	2.192965e+00
827	5.802088e-01	4.601181e-01	1.200293e+00
828	4.564747e-01	8.459076e-01	1.497313e+00
829	5.473891e-01	5.365171e-01	2.361016e+00
830	6.325308e-01	3.164415e-01	2.080606e+00
831	3.635150e-01	7.001252e-01	1.074255e+00
832	4.608823e-01	1.683992e-01	1.639961e+00
833	5.484936e-01	5.326587e-01	2.017098e+00
834	5.955743e-01	6.440532e-01	2.191011e+00
835	6.263758e-01	2.758537e-01	1.667318e+00
836	6.335330e-01	3.183391e-01	2.229116e+00
837	3.034322e-01	6.770392e-01	1.188569e+00
838	6.274117e-01	4.357486e-01	2.714704e+00
839	5.391776e-01	5.828808e-01	1.979971e+00
840	6.310523e-01	4.211498e-01	2.954079e+00
841	1.889954e-01	5.967624e-01	1.390816e+00
842	3.429176e-01	6.924509e-01	1.803127e+00
843	5.897202e-01	4.870238e-01	1.039082e+00
844	3.297655e-01	6.785469e-01	1.893014e+00
845	4.835074e-01	4.082370e-01	1.778701e+00
846	3.369367e-01	6.601330e-01	1.295066e+00
847	5.044692e-01	6.799821e-01	1.807035e+00
848	6.125563e-01	5.793744e-01	1.102589e+00
849	5.638936e-01	4.903493e-01	1.879336e+00
850	5.640402e-01	4.883188e-01	1.984856e+00
851	3.911407e-01	3.812426e-01	2.238886e+00
852	6.396790e-01	5.259519e-01	2.868100e+00
853	4.687646e-01	1.103500e-01	1.127992e+00
854	5.312349e-01	5.117499e-01	2.748901e+00
855	4.629334e-01	5.694851e-01	1.578407e+00
856	4.355513e-01	1.892419e-01	2.950171e+00
857	5.294540e-01	4.689623e-01	1.621397e+00
858	5.585249e-01	5.100762e-01	2.657059e+00
859	6.460116e-01	5.447214e-01	2.404983e+00
860	5.962954e-01	4.151555e-01	2.272106e+00
861	5.451526e-01	6.136631e-01	1.463117e+00
862	5.237519e-01	5.050580e-01	2.316072e+00
863	3.376404e-01	3.854349e-01	2.334636e+00
864	5.998437e-01	3.774215e-01	1.365413e+00
865	3.640703e-01	3.875900e-01	2.105032e+00
866	5.207898e-01	6.496357e-01	1.339033e+00
867	4.184615e-01	6.863131e-01	2.932584e+00
868	3.324482e-01	4.607823e-01	2.770396e+00
869	5.604717e-01	6.036769e-01	2.378603e+00
870	5.559929e-01	5.496048e-01	1.833415e+00
871	5.340543e-01	6.695680e-01	1.663410e+00
872	3.762666e-01	6.603584e-01	2.251588e+00
873	7.300584e-01	6.193509e-01	1.766976e+00
874	4.428915e-01	1.714640e-01	1.575476e+00
875	2.323900e-01	4.652051e-01	2.771373e+00
876	3.703248e-01	6.551678e-01	1.482658e+00
877	4.425646e-01	6.938424e-01	2.633610e+00
878	5.622931e-01	5.287360e-01	2.787005e+00
879	5.478204e-01	5.707189e-01	1.959453e+00
880	5.788978e-01	4.811408e-01	2.187103e+00
881	6.566398e-01	4.553207e-01	2.430386e+00
882	4.541188e-01	1.902869e-01	2.679531e+00
883	4.160294e-01	3.724566e-01	2.191988e+00
884	4.595709e-01	1.812038e-01	2.945286e+00
885	4.729116e-01	2.776492e-01	2.473376e+00
886	5.646597e-01	7.922282e-01	2.243771e+00
887	4.030366e-01	3.942217e-01	2.793845e+00
888	2.375740e-01	1.660371e-01	1.391793e+00
889	4.147587e-01	3.728329e-01	2.132389e+00
890	4.525175e-01	1.992267e-01	1.627259e+00
891	4.215745e-01	3.722745e-01	1.623351e+00
892	6.058880e-01	5.535721e-01	2.772350e+00
893	5.550823e-01	5.327889e-01	1.552027e+00
894	4.736805e-01	2.123007e-01	2.828041e+00
895	4.942241e-01	2.796774e-01	1.180752e+00
896	4.211688e-01	3.736658e-01	1.632145e+00
897	4.100170e-01	3.462949e-01	1.680997e+00
898	4.121295e-01	4.222463e-01	2.828041e+00
899	7.313183e-01	5.524605e-01	1.703468e+00
900	4.144129e-01	3.681598e-01	1.471910e+00
901	4.199917e-01	3.742888e-01	2.368832e+00
902	5.652021e-01	7.914599e-01	2.216414e+00
903	4.912419e-01	5.220666e-01	1.961407e+00
904	5.794960e-01	5.320572e-01	1.756229e+00
905	4.200739e-01	3.718370e-01	2.987298e+00
906	4.877620e-01	5.232743e-01	2.332682e+00
907	4.150178e-01	3.291009e-01	1.097704e+00
908	6.197378e-01	5.143382e-01	1.954568e+00
909	5.034711e-01	5.586432e-01	1.704446e+00
910	2.871611e-01	1.192829e-01	2.546654e+00
911	4.999197e-01	7.756700e-01	2.440156e+00
912	5.805648e-01	5.046051e-01	1.853933e+00
913	4.640208e-01	1.311233e-01	2.829995e+00
914	4.599972e-01	2.039530e-01	2.774304e+00
915	4.680319e-01	1.089369e-01	2.232047e+00
916	4.588670e-01	1.437457e-01	2.093307e+00
917	4.271552e-01	3.656922e-01	2.587689e+00
918	5.666969e-01	7.226813e-01	2.698095e+00
919	4.953033e-01	5.289763e-01	1.896922e+00
920	2.830044e-01	5.879592e-01	1.212995e+00
921	3.025549e-01	6.367364e-01	1.502198e+00
922	5.532094e-01	5.228731e-01	2.614069e+00
923	4.562102e-01	1.637822e-01	2.880801e+00
924	3.849834e-01	3.883960e-01	1.956522e+00
925	4.501622e-01	1.769856e-01	2.745970e+00
926	4.386343e-01	3.396758e-01	1.179775e+00
927	4.689904e-01	7.655449e-02	1.888129e+00
928	4.566666e-01	2.067687e-01	2.302394e+00
929	3.846983e-01	3.820527e-01	1.935027e+00
930	4.875581e-01	5.964583e-01	1.975085e+00
931	4.331128e-01	3.783339e-01	1.067416e+00
932	3.959471e-01	3.999638e-01	2.024915e+00
933	4.481819e-01	1.873276e-01	2.810454e+00
934	2.521692e-01	3.917861e-01	2.428432e+00
935	5.300366e-01	5.922594e-01	1.957499e+00
936	4.385493e-01	5.795933e-01	2.306302e+00
937	5.020192e-01	6.056675e-01	2.557401e+00
938	3.811171e-01	3.871953e-01	1.243283e+00
939	5.040634e-01	6.067989e-01	2.429409e+00
940	3.651118e-01	3.394945e-01	2.523205e+00
941	7.052344e-01	5.308046e-01	2.842697e+00
942	5.576067e-01	5.328876e-01	2.247680e+00
943	4.600327e-01	5.940446e-01	2.000489e+00
944	4.963000e-01	5.570271e-01	2.446019e+00
945	5.512688e-01	5.291744e-01	2.360039e+00
946	5.378754e-01	4.938838e-01	2.567171e+00
947	5.694701e-01	4.660476e-01	2.415730e+00
948	5.501102e-01	4.661725e-01	1.989741e+00
949	4.589772e-01	1.861641e-01	1.010747e+00
950	4.061334e-01	2.860513e-01	2.656082e+00
951	4.564674e-01	1.930273e-01	2.478261e+00
952	4.371990e-01	2.048408e-01	1.851979e+00
953	4.523759e-01	2.013981e-01	2.009282e+00
954	6.183027e-01	5.429961e-01	2.908158e+00
955	4.156651e-01	3.614180e-01	2.731314e+00
956	5.483345e-01	5.314601e-01	2.544700e+00
957	4.292359e-01	2.427831e-01	2.091353e+00
958	5.651018e-01	5.257817e-01	2.890572e+00
959	4.328082e-01	3.742336e-01	1.654617e+00
960	5.107190e-01	5.477065e-01	1.008793e+00
961	3.650849e-01	4.528061e-01	1.811920e+00
962	3.553645e-01	2.889956e-01	1.260870e+00
963	5.501522e-01	4.873962e-01	1.347826e+00
964	5.403677e-01	5.273291e-01	1.325354e+00
965	5.936667e-01	5.568019e-01	1.420127e+00
966	3.766727e-01	4.138341e-01	2.845628e+00
967	3.839191e-01	6.776069e-01	1.853933e+00
968	4.217014e-01	2.497501e-01	2.474353e+00
969	4.545102e-01	1.869620e-01	1.973131e+00
970	4.284393e-01	3.623390e-01	1.303859e+00
971	3.677804e-01	4.309063e-01	2.722521e+00
972	4.945379e-01	5.717411e-01	1.294089e+00
973	3.872096e-01	2.077498e-01	1.675134e+00
974	5.346613e-01	5.092842e-01	2.417684e+00
975	4.158577e-01	3.960611e-01	2.053249e+00
976	5.463579e-01	4.926085e-01	1.276502e+00
977	2.852134e-01	1.224149e-01	2.257450e+00
978	2.856231e-01	5.146543e-01	2.779189e+00
979	6.192118e-01	4.952393e-01	1.984856e+00
980	5.600361e-01	7.836961e-01	2.295554e+00
981	4.277756e-01	3.767722e-01	1.652662e+00
982	4.329804e-01	3.641452e-01	2.464582e+00
983	4.298013e-01	4.112756e-01	1.763068e+00
984	2.099022e-01	3.133900e-01	2.508549e+00
985	3.878786e-01	5.983605e-01	2.026869e+00
986	2.939983e-01	6.989961e-02	2.211529e+00
987	5.676642e-01	3.331509e-01	1.160234e+00
988	5.736774e-01	3.256855e-01	2.302394e+00
989	2.276774e-01	1.098405e-01	1.662433e+00
990	4.475428e-01	1.949014e-01	1.941866e+00
991	3.843542e-01	4.353050e-01	1.855887e+00
992	5.895180e-01	5.023138e-01	1.384954e+00
993	5.010618e-01	5.444757e-01	2.598437e+00
994	5.362957e-01	2.908241e-01	2.130435e+00
995	5.006421e-01	5.450632e-01	1.690767e+00
996	2.978972e-01	3.004905e-01	2.587689e+00
997	5.643624e-01	4.994069e-01	1.940889e+00
998	3.576907e-01	6.236510e-02	1.304836e+00
999	4.268905e-01	3.720955e-01	2.099170e+00
