1000
0	1.692547e-01	3.519778e-01	1.398632e+00
2	6.333779e-01	3.992283e-01	1.108451e+00
3	5.308212e-01	4.954364e-01	2.925745e+00
4	4.014236e-01	4.686695e-01	2.732291e+00
5	5.386454e-01	3.026018e-01	1.257938e+00
6	5.008114e-01	4.880045e-01	2.424524e+00
7	4.805524e-01	6.409930e-01	1.383000e+00
8	4.889233e-01	6.171119e-01	2.705911e+00
9	3.457468e-01	2.333950e-01	2.526136e+00
10	5.236013e-01	4.379326e-01	2.442110e+00
11	4.375093e-01	4.622928e-01	2.233024e+00
12	4.092400e-01	4.628901e-01	2.376649e+00
14	4.866487e-01	4.942237e-01	1.556913e+00
15	4.861757e-01	6.629146e-01	2.950171e+00
16	5.413621e-01	6.349810e-01	1.066439e+00
17	5.104901e-01	5.120334e-01	1.626282e+00
18	5.954763e-01	4.818678e-01	1.306790e+00
19	4.910361e-01	5.531753e-01	2.902296e+00
21	4.973963e-01	3.720568e-01	1.195408e+00
22	4.836432e-01	5.043722e-01	1.785540e+00
23	4.734720e-01	4.676450e-01	1.248168e+00
24	4.860701e-01	5.973620e-01	1.863703e+00
25	4.185155e-01	4.959655e-01	2.671715e+00
26	5.306022e-01	5.612822e-01	2.487054e+00
27	3.899112e-01	5.846185e-01	1.946751e+00
28	3.767885e-03	9.030566e-01	1.303859e+00
29	2.920782e-01	5.149324e-01	2.152907e+00
30	5.224649e-01	5.801699e-01	1.388862e+00
32	3.899900e-01	3.947720e-01	1.591109e+00
33	4.518431e-01	4.629008e-01	2.205667e+00
34	3.369499e-01	4.680024e-01	2.181241e+00
35	5.727866e-01	4.675924e-01	1.475818e+00
36	4.211562e-01	4.547539e-01	2.309233e+00
37	4.928386e-01	5.577683e-01	2.073766e+00
39	4.300926e-01	4.435325e-01	2.331705e+00
40	4.414210e-01	4.520094e-01	1.126038e+00
41	8.004064e-01	4.792968e-01	2.235955e+00
42	4.259530e-01	6.137920e-01	2.805569e+00
43	1.489253e-01	8.245107e-01	2.819248e+00
44	3.673478e-01	3.645862e-01	2.555447e+00
46	4.640864e-01	4.552324e-01	2.559355e+00
47	4.497619e-01	4.338996e-01	1.895945e+00
48	4.030141e-01	4.041531e-01	1.282364e+00
49	2.822420e-01	3.526206e-01	2.024915e+00
50	5.642923e-01	4.786796e-01	2.750855e+00
51	5.082503e-01	5.150311e-01	2.412799e+00
52	4.986290e-01	5.847180e-01	2.557401e+00
53	4.820724e-01	4.684885e-01	1.648754e+00
54	5.488004e-01	5.407923e-01	1.721055e+00
55	5.493874e-01	5.424037e-01	2.588666e+00
56	5.313538e-01	5.318086e-01	1.525647e+00
57	5.053652e-01	4.964193e-01	2.751832e+00
58	4.619191e-01	6.290330e-01	2.625794e+00
59	4.465255e-01	4.657827e-01	1.663410e+00
60	2.470464e-01	2.218517e-01	1.993649e+00
61	4.930657e-01	5.287734e-01	2.560332e+00
62	4.880108e-01	5.098847e-01	1.696629e+00
63	4.985210e-01	5.299200e-01	1.506106e+00
64	4.625793e-01	4.496376e-01	2.675623e+00
65	5.628443e-01	4.675730e-01	2.497802e+00
66	4.407254e-01	4.669434e-01	1.031265e+00
67	3.518066e-01	4.739231e-01	2.361993e+00
68	4.816785e-01	4.771307e-01	1.866634e+00
69	1.735585e-01	1.998336e-02	2.930630e+00
70	4.422431e-01	1.220527e-01	1.503175e+00
71	3.612786e-01	8.015419e-01	1.135809e+00
72	4.545659e-01	5.122159e-01	2.449927e+00
73	4.830582e-01	5.756979e-01	2.831949e+00
74	4.972818e-01	4.812712e-01	2.317049e+00
75	5.900014e-01	5.190260e-01	2.353200e+00
76	4.959645e-01	5.206516e-01	2.575965e+00
77	4.204156e-01	5.665016e-01	2.922814e+00
78	4.748436e-01	5.934822e-01	2.289692e+00
79	4.168244e-01	3.957683e-01	2.766488e+00
80	9.452230e-02	9.868705e-01	1.522716e+00
81	4.567578e-01	5.210235e-01	2.769419e+00
82	4.962068e-01	6.276862e-01	1.110405e+00
83	3.981921e-01	2.560421e-01	1.554958e+00
84	3.161195e-01	1.785284e-01	1.718124e+00
85	5.483521e-01	4.874483e-01	1.412311e+00
86	5.277911e-01	5.848757e-01	1.951637e+00
87	4.850113e-01	6.175077e-01	1.449438e+00
88	5.629367e-01	3.762317e-01	2.176356e+00
90	4.363597e-01	5.227137e-01	1.212995e+00
91	4.955086e-01	5.474013e-01	1.872496e+00
92	5.890501e-01	4.740635e-01	1.606742e+00
93	4.807952e-01	3.527747e-01	1.183683e+00
94	4.125328e-01	2.425804e-01	1.482658e+00
95	8.919715e-02	3.794646e-01	2.514411e+00
96	4.414770e-01	4.943946e-01	2.736199e+00
97	4.844167e-01	5.287752e-01	1.617489e+00
98	5.100623e-01	5.247636e-01	2.456766e+00
99	4.944252e-01	4.329415e-01	1.406448e+00
100	4.314121e-01	5.609508e-01	2.453835e+00
102	4.660218e-01	5.161562e-01	2.712750e+00
103	3.709199e-01	7.011283e-01	2.877870e+00
104	4.161464e-01	7.073264e-01	1.533464e+00
105	4.715699e-01	6.349019e-01	2.169516e+00
106	4.774334e-01	6.652131e-01	2.160723e+00
107	2.428435e-01	5.290588e-01	2.483146e+00
108	4.450508e-01	4.767157e-01	1.538349e+00
109	5.270692e-01	4.771222e-01	1.117245e+00
110	2.052845e-01	3.980179e-01	2.709819e+00
111	3.242257e-01	6.029634e-01	2.039570e+00
112	5.138645e-01	5.008589e-01	2.929653e+00
113	3.797709e-01	5.092279e-01	2.125550e+00
114	4.755818e-01	6.178268e-01	2.148999e+00
115	5.388335e-01	2.206272e-01	2.027846e+00
116	4.670533e-01	4.686849e-01	1.206155e+00
117	1.596643e-01	3.517170e-01	2.689301e+00
118	5.049614e-01	4.925431e-01	1.997557e+00
119	5.119463e-01	4.621806e-01	1.753298e+00
120	5.395369e-01	5.350143e-01	1.491451e+00
121	5.049658e-01	4.797954e-01	2.381534e+00
122	5.220887e-01	6.513605e-01	1.837323e+00
123	4.867363e-01	5.864331e-01	2.723498e+00
126	3.968829e-01	3.494002e-01	1.216903e+00
127	3.907180e-01	5.039657e-01	1.385931e+00
129	5.035206e-01	6.011345e-01	1.094773e+00
130	5.253068e-01	5.021416e-01	1.887152e+00
131	3.027581e-01	7.152250e-01	1.869565e+00
132	4.438962e-01	4.320344e-01	2.657059e+00
133	5.461899e-01	6.272913e-01	1.905716e+00
134	4.458017e-01	5.191096e-01	2.319980e+00
135	5.138169e-01	6.052630e-01	1.549096e+00
136	6.419388e-01	5.318613e-01	1.155349e+00
137	4.665183e-01	4.666372e-01	1.261847e+00
138	4.304058e-01	4.024755e-01	1.308745e+00
139	5.559526e-01	6.511096e-01	1.148510e+00
141	4.805195e-01	4.756712e-01	1.865657e+00
142	5.511580e-01	3.712212e-01	2.988276e+00
143	4.750897e-01	6.425977e-01	1.479726e+00
144	5.557060e-01	6.575337e-01	1.016610e+00
145	3.735688e-01	3.901365e-01	2.095261e+00
146	5.400344e-01	5.405813e-01	2.442110e+00
147	4.715834e-01	6.501414e-01	1.070347e+00
148	5.067701e-01	4.657849e-01	1.417196e+00
149	4.547090e-01	5.874523e-01	2.817294e+00
150	4.686708e-01	6.536295e-01	1.164143e+00
151	3.913904e-01	4.051205e-01	2.738153e+00
152	3.223457e-01	5.186431e-01	2.338544e+00
153	5.395828e-01	6.464344e-01	1.282364e+00
154	4.966794e-01	5.270354e-01	2.676600e+00
155	5.386606e-01	6.476929e-01	2.443087e+00
156	3.632693e-01	5.724133e-01	2.375672e+00
157	5.137071e-01	6.219981e-01	1.220811e+00
158	4.212868e-01	7.018998e-01	2.208598e+00
159	8.276920e-01	4.036241e-01	2.407914e+00
162	4.695777e-01	4.699714e-01	2.277968e+00
164	5.036302e-01	4.673091e-01	2.409868e+00
165	4.568556e-01	5.986078e-01	2.083537e+00
166	5.258272e-01	5.107965e-01	2.286761e+00
167	4.032586e-01	3.601768e-01	1.194431e+00
168	5.105327e-01	5.212501e-01	2.818271e+00
169	5.453484e-01	6.025695e-01	2.827064e+00
170	3.992660e-01	4.252739e-01	1.684905e+00
171	3.297845e-01	4.499374e-01	1.999511e+00
172	4.629035e-01	5.027995e-01	1.956522e+00
174	5.104345e-01	4.899520e-01	2.323889e+00
175	3.378423e-01	4.040567e-01	2.501710e+00
176	4.577592e-01	5.902038e-01	2.395213e+00
177	4.721611e-01	5.868494e-01	2.719590e+00
178	4.765359e-01	4.744616e-01	2.937469e+00
179	4.786844e-01	3.204145e-01	2.803615e+00
180	4.202595e-01	2.813131e-01	1.322423e+00
182	4.436847e-01	3.299799e-01	1.794333e+00
183	5.073599e-01	4.673734e-01	2.611138e+00
184	5.089232e-01	4.559122e-01	1.724963e+00
185	5.035093e-01	4.693741e-01	1.983879e+00
186	5.537673e-01	5.268291e-01	2.181241e+00
188	4.267160e-01	5.742694e-01	1.295066e+00
189	4.231052e-01	2.866385e-01	1.970200e+00
190	5.361811e-01	4.862972e-01	2.387396e+00
191	4.316244e-01	5.018680e-01	2.386419e+00
192	4.029811e-01	3.579746e-01	2.647289e+00
193	4.179000e-01	4.142135e-01	1.686859e+00
195	5.501520e-01	5.087149e-01	1.553981e+00
196	4.361498e-01	4.171057e-01	1.764045e+00
197	5.176858e-01	3.222207e-01	1.632145e+00
199	5.674842e-01	5.842853e-01	1.235467e+00
200	4.809557e-01	5.020107e-01	2.251588e+00
201	5.885540e-01	3.453401e-01	1.751343e+00
202	4.417196e-01	5.012198e-01	1.715193e+00
203	4.887384e-01	4.778274e-01	2.109917e+00
204	5.773169e-01	5.546461e-01	2.137274e+00
205	4.732335e-01	5.588155e-01	2.099170e+00
206	4.355094e-01	4.882011e-01	2.057157e+00
207	6.812814e-01	5.064839e-01	2.246702e+00
208	5.015368e-01	5.861308e-01	1.894968e+00
209	5.040849e-01	5.914443e-01	2.453835e+00
210	4.384703e-01	4.861687e-01	2.834880e+00
211	6.393806e-01	4.611639e-01	2.215437e+00
212	4.894090e-01	5.086347e-01	2.153884e+00
213	5.184129e-01	4.962347e-01	2.475330e+00
214	4.166560e-01	3.766106e-01	1.274548e+00
215	5.069493e-01	5.031478e-01	2.127504e+00
217	4.050185e-01	3.652002e-01	1.790425e+00
218	7.691651e-01	1.638051e-01	1.736688e+00
219	3.809700e-01	4.027018e-01	1.692721e+00
220	5.791564e-01	5.555460e-01	2.042501e+00
221	3.568264e-01	4.441716e-01	1.468979e+00
222	4.894120e-01	5.672509e-01	1.784563e+00
223	2.672150e-01	8.280567e-01	1.068393e+00
225	2.470304e-01	3.288561e-01	2.653151e+00
226	7.310014e-01	3.183689e-01	1.839277e+00
227	4.859200e-01	5.802860e-01	1.175867e+00
228	6.107820e-01	4.645657e-01	2.807523e+00
229	8.766411e-01	7.089335e-01	2.811431e+00
230	4.775410e-01	4.884546e-01	1.192477e+00
232	5.751459e-01	3.886410e-01	1.620420e+00
233	4.248266e-01	4.522139e-01	2.624817e+00
234	4.721041e-01	4.912343e-01	2.806546e+00
235	4.127454e-01	4.475829e-01	1.763068e+00
237	8.766137e-01	9.404583e-01	2.060088e+00
238	4.240352e-01	4.719187e-01	2.458720e+00
239	5.735889e-01	5.431919e-01	2.463605e+00
240	9.258880e-01	9.269421e-01	1.141671e+00
241	5.652952e-01	5.592322e-01	1.146556e+00
242	3.199544e-01	4.128539e-01	1.395701e+00
243	4.930938e-01	5.164465e-01	1.755252e+00
245	5.298575e-01	5.220519e-01	2.901319e+00
246	3.696615e-01	3.833168e-01	2.123596e+00
247	9.161841e-01	9.421779e-01	1.652662e+00
248	4.258185e-01	4.220170e-01	1.199316e+00
250	4.980055e-01	4.787777e-01	2.170493e+00
251	6.374731e-01	4.418123e-01	2.733268e+00
252	4.379294e-01	3.330255e-01	1.545188e+00
253	5.343539e-01	4.857524e-01	1.376160e+00
254	5.125113e-01	5.297583e-01	1.621397e+00
255	5.119378e-01	5.138864e-01	1.883244e+00
256	4.994387e-01	5.465151e-01	1.612604e+00
257	4.966389e-01	4.623937e-01	2.909135e+00
258	5.580829e-01	4.661705e-01	1.354665e+00
259	5.145347e-01	4.972710e-01	2.770396e+00
260	4.185479e-01	4.720969e-01	2.148999e+00
261	4.378192e-01	5.096415e-01	2.624817e+00
264	4.470368e-01	4.627794e-01	2.697118e+00
265	5.753914e-01	5.018573e-01	1.938935e+00
266	1.890593e-01	3.715830e-01	1.854910e+00
268	5.387164e-01	3.791993e-01	2.625794e+00
269	3.678909e-01	6.471486e-01	1.564729e+00
270	5.704473e-01	4.294509e-01	2.984367e+00
273	5.176185e-01	5.106863e-01	2.693210e+00
274	4.681584e-01	4.482694e-01	2.276014e+00
276	5.710286e-01	4.589295e-01	1.245237e+00
278	4.918218e-01	4.940459e-01	1.489497e+00
279	5.368038e-01	5.244118e-01	2.305325e+00
281	4.920314e-01	4.921552e-01	2.689301e+00
282	5.492227e-01	5.113564e-01	1.346849e+00
283	3.659180e-01	4.793545e-01	2.447973e+00
284	5.353184e-01	4.818176e-01	1.591109e+00
285	6.052659e-01	4.069787e-01	1.931119e+00
287	5.409944e-01	5.275577e-01	2.687347e+00
288	4.355563e-01	4.915022e-01	2.787982e+00
289	4.955281e-01	5.631280e-01	1.510015e+00
291	4.752053e-01	5.279521e-01	2.193942e+00
292	4.864985e-01	4.952751e-01	2.918906e+00
293	3.705764e-01	5.027337e-01	1.734734e+00
294	9.397574e-01	9.720536e-01	1.119199e+00
295	5.604869e-01	2.962173e-01	1.631168e+00
296	4.641600e-01	4.970704e-01	1.258915e+00
297	5.389872e-01	5.156245e-01	2.458720e+00
298	4.782434e-01	5.940822e-01	2.134343e+00
299	4.884496e-01	5.150528e-01	2.662921e+00
300	5.327636e-01	5.318409e-01	2.924768e+00
301	6.057443e-01	5.132009e-01	2.983390e+00
302	8.329641e-01	6.322231e-01	2.305325e+00
303	8.337712e-01	6.879983e-01	2.763556e+00
304	8.375077e-01	6.366709e-01	2.374695e+00
305	4.842262e-01	4.945138e-01	1.703468e+00
306	7.613504e-01	3.657757e-01	1.246214e+00
308	2.352800e-01	3.625251e-01	2.925745e+00
309	5.552788e-01	4.773607e-01	1.857841e+00
310	5.100222e-01	4.870455e-01	2.601368e+00
311	5.027519e-01	5.051262e-01	2.413776e+00
312	5.343759e-01	4.679881e-01	2.569126e+00
314	4.200317e-01	9.059487e-01	1.865657e+00
315	9.582411e-01	2.557485e-01	1.048852e+00
316	5.354219e-01	4.964318e-01	2.574988e+00
317	4.755689e-01	5.245905e-01	1.598925e+00
318	3.011506e-01	5.652016e-01	2.264289e+00
319	5.928937e-01	5.340305e-01	1.176844e+00
320	3.283903e-01	5.915245e-01	1.061553e+00
322	4.061474e-01	5.320720e-01	2.526136e+00
324	5.034842e-01	5.315197e-01	1.928188e+00
325	5.512659e-01	5.105923e-01	2.006351e+00
326	5.479239e-01	5.109133e-01	1.041036e+00
327	5.260065e-01	5.116910e-01	1.793356e+00
329	3.956932e-01	5.598076e-01	1.860772e+00
330	5.853477e-01	5.267502e-01	1.389839e+00
331	5.351188e-01	5.301808e-01	1.052760e+00
332	3.966140e-01	5.596630e-01	1.156326e+00
334	4.992396e-01	5.362164e-01	1.981925e+00
335	1.760630e-01	1.710608e-01	2.256473e+00
336	5.244958e-01	4.950336e-01	2.368832e+00
337	4.020977e-01	5.037545e-01	2.024915e+00
339	1.769164e-01	1.712972e-01	1.266732e+00
340	5.814023e-01	5.023009e-01	1.348803e+00
341	9.367111e-01	9.756447e-01	2.472399e+00
342	5.968542e-01	4.418105e-01	2.288715e+00
344	4.320807e-01	4.574602e-01	2.745970e+00
345	4.071049e-01	4.263207e-01	2.490962e+00
346	8.898956e-01	4.980993e-01	2.515388e+00
347	5.160667e-01	3.267116e-01	1.545188e+00
348	5.074483e-01	5.245621e-01	2.662921e+00
349	4.040304e-01	5.141525e-01	2.264289e+00
350	3.582724e-01	3.800354e-01	2.905227e+00
351	4.380144e-01	3.726442e-01	1.058622e+00
353	4.221324e-01	5.259918e-01	2.152907e+00
354	8.372725e-01	6.679999e-01	2.784074e+00
355	4.886082e-01	5.119774e-01	2.445042e+00
356	1.895800e-01	2.402462e-01	2.852467e+00
357	5.274212e-01	6.069641e-01	2.070835e+00
358	7.592473e-01	3.730051e-01	1.406448e+00
359	7.256049e-01	2.072124e-01	1.751343e+00
360	5.817184e-01	5.138333e-01	2.077675e+00
361	3.864826e-01	3.813311e-01	1.601856e+00
362	7.767164e-01	5.488537e-01	2.012213e+00
364	5.875700e-01	5.234305e-01	2.048363e+00
365	9.550586e-01	9.543169e-01	2.781143e+00
366	4.868864e-01	4.469192e-01	2.779189e+00
367	6.121088e-01	6.381826e-01	2.617978e+00
369	4.489354e-01	5.966832e-01	1.698583e+00
371	6.675101e-01	3.772716e-01	1.948705e+00
372	3.914227e-01	3.904998e-01	1.416219e+00
373	8.936911e-01	4.906815e-01	1.745481e+00
375	4.580942e-01	4.643803e-01	2.291646e+00
376	7.092770e-01	3.823677e-01	1.868588e+00
377	5.028065e-01	5.002494e-01	2.511480e+00
378	4.881475e-01	4.756026e-01	2.596483e+00
379	4.488061e-01	4.662733e-01	2.855398e+00
381	4.310976e-01	4.654827e-01	1.312653e+00
382	5.329834e-01	5.136953e-01	1.787494e+00
383	4.540538e-01	4.797456e-01	2.252565e+00
384	3.954647e-01	4.209670e-01	1.978017e+00
385	4.073924e-01	5.400534e-01	2.965804e+00
386	5.230750e-01	5.369990e-01	2.221299e+00
387	6.299004e-01	5.372657e-01	1.701514e+00
388	5.679811e-01	4.359478e-01	1.135809e+00
389	4.498364e-01	4.664833e-01	2.997069e+00
390	8.376677e-01	7.221622e-01	2.470445e+00
391	4.443680e-01	5.383175e-01	2.362970e+00
392	4.471932e-01	5.843873e-01	2.553493e+00
393	5.180208e-01	5.504183e-01	1.347826e+00
394	4.909860e-01	6.544844e-01	2.896434e+00
395	5.204676e-01	5.140533e-01	1.857841e+00
396	6.395216e-01	4.351298e-01	1.669272e+00
397	4.579649e-01	5.776220e-01	1.726917e+00
398	6.917026e-01	3.994562e-01	2.604299e+00
399	4.675555e-01	4.932028e-01	2.089399e+00
400	4.724705e-01	5.521735e-01	1.552027e+00
401	3.978571e-01	5.632058e-01	1.769907e+00
402	4.742399e-01	4.085139e-01	1.382022e+00
403	3.800601e-01	4.308803e-01	2.510503e+00
404	4.693350e-01	6.041144e-01	1.640938e+00
405	5.163696e-01	5.029201e-01	2.933561e+00
406	4.571723e-01	6.170180e-01	1.033219e+00
407	4.523106e-01	5.219336e-01	1.408403e+00
408	5.690450e-01	4.389736e-01	2.767465e+00
409	5.293345e-01	5.302902e-01	1.526624e+00
410	3.291320e-01	4.293562e-01	1.456277e+00
411	5.020737e-01	6.020194e-01	1.054714e+00
412	5.570612e-01	4.943383e-01	2.601368e+00
413	4.077175e-01	4.045802e-01	2.193942e+00
414	1.536579e-01	6.513365e-01	2.321935e+00
415	5.854157e-01	4.549417e-01	1.564729e+00
416	5.438723e-01	4.916045e-01	1.679043e+00
417	4.128596e-01	6.192083e-01	2.034685e+00
418	5.162636e-01	5.765020e-01	2.564240e+00
419	3.706242e-01	4.003184e-01	2.311187e+00
420	4.479344e-01	4.771455e-01	1.297997e+00
421	5.801289e-01	4.419238e-01	2.873962e+00
422	5.816379e-01	4.393123e-01	2.202736e+00
423	4.891992e-01	4.851990e-01	2.653151e+00
425	2.665339e-01	6.146297e-01	2.461651e+00
426	5.235642e-01	4.759848e-01	1.679043e+00
427	7.190388e-01	4.070309e-01	2.991207e+00
428	3.956854e-01	4.527554e-01	2.857352e+00
429	5.700808e-01	3.994350e-01	1.913532e+00
430	4.355013e-01	6.050715e-01	1.216903e+00
431	3.591086e-01	3.962671e-01	1.214949e+00
433	4.768365e-01	6.094878e-01	1.005862e+00
434	4.881103e-01	4.802602e-01	2.227162e+00
435	4.740135e-01	5.523170e-01	1.723009e+00
436	3.567065e-01	7.718198e-01	1.113337e+00
437	6.081340e-01	1.313429e-01	1.491451e+00
438	4.887793e-01	6.080112e-01	1.692721e+00
439	5.451397e-01	6.233939e-01	1.154372e+00
440	4.453740e-01	5.831294e-01	1.851001e+00
441	4.114107e-01	4.355882e-01	2.418661e+00
442	4.680131e-01	5.352350e-01	1.874450e+00
443	4.450918e-01	5.988406e-01	1.591109e+00
444	4.580965e-01	5.617549e-01	2.199805e+00
445	8.086110e-02	6.743119e-01	2.208598e+00
446	4.016386e-01	4.369018e-01	1.322423e+00
447	4.089460e-01	4.228603e-01	2.361016e+00
450	5.474821e-01	6.005177e-01	1.815828e+00
451	4.985099e-01	5.442052e-01	1.328285e+00
452	3.747624e-01	6.581091e-01	2.272106e+00
454	4.535672e-01	5.628272e-01	1.883244e+00
455	3.439460e-01	4.768023e-01	1.599902e+00
457	8.366701e-01	7.007683e-01	2.343429e+00
458	3.766574e-01	6.526499e-01	1.749389e+00
459	4.589270e-01	4.714122e-01	1.835369e+00
460	9.407075e-01	9.765421e-01	2.608207e+00
461	4.933123e-01	2.238735e-01	1.065462e+00
462	7.684449e-02	8.642623e-01	1.698583e+00
463	4.795111e-01	6.040233e-01	2.761602e+00
464	4.642734e-01	7.017663e-01	1.744504e+00
465	3.850634e-01	4.617202e-01	1.961407e+00
466	4.782351e-01	6.008986e-01	2.449927e+00
467	5.829471e-01	5.507702e-01	2.669761e+00
469	4.197405e-01	5.832369e-01	2.597460e+00
470	4.691395e-01	5.839337e-01	2.960918e+00
471	2.427570e-01	5.367899e-01	1.451392e+00
472	4.728454e-01	5.808352e-01	1.655594e+00
473	3.853904e-01	4.370195e-01	2.572057e+00
475	3.852108e-01	1.991619e-01	1.234489e+00
476	4.599822e-01	5.389146e-01	1.607719e+00
477	4.939998e-01	5.142044e-01	2.643381e+00
479	4.568644e-01	1.791914e-01	1.233512e+00
481	6.872577e-01	2.593722e-01	2.058134e+00
482	4.133162e-01	8.166516e-01	2.221299e+00
483	5.192475e-01	3.687065e-01	1.083048e+00
484	7.168175e-01	2.627634e-01	2.453835e+00
485	3.680817e-01	7.774883e-01	2.829018e+00
486	4.654561e-01	5.251363e-01	2.169516e+00
487	3.565320e-01	7.694569e-01	2.371764e+00
488	6.623132e-01	3.407900e-01	1.634099e+00
489	3.442839e-01	4.238011e-01	1.314607e+00
490	8.538354e-01	7.133536e-01	2.292623e+00
491	2.653476e-01	3.073256e-01	1.759160e+00
493	4.958139e-01	5.409104e-01	2.942355e+00
494	8.479583e-01	7.060494e-01	1.358574e+00
498	4.697035e-01	6.523144e-01	2.251588e+00
499	4.666902e-01	5.680999e-01	1.474841e+00
501	7.116390e-01	3.289980e-01	2.850513e+00
502	6.041067e-01	5.097295e-01	2.543723e+00
505	4.614760e-01	6.112053e-01	1.170005e+00
506	5.785250e-01	5.160230e-01	2.011236e+00
507	5.272845e-01	6.239630e-01	2.982413e+00
508	7.071824e-01	5.147033e-01	1.578407e+00
509	5.060177e-01	3.183209e-01	2.904250e+00
511	4.676252e-01	5.068434e-01	2.948217e+00
512	5.681596e-01	2.980410e-01	1.856864e+00
514	4.662228e-01	5.641010e-01	1.780655e+00
515	4.542393e-01	5.315440e-01	1.223742e+00
516	4.640659e-01	5.620959e-01	2.928676e+00
517	6.017023e-01	4.282574e-01	1.055691e+00
518	4.667907e-01	5.618799e-01	2.823156e+00
519	4.587215e-01	5.206047e-01	2.886663e+00
521	4.769103e-01	5.142225e-01	1.391793e+00
522	4.525217e-01	1.933586e-01	1.467025e+00
523	5.076973e-01	5.906667e-01	1.512946e+00
524	8.958047e-01	4.821205e-01	1.960430e+00
525	8.888901e-01	4.771182e-01	2.254519e+00
526	5.936795e-01	4.053934e-01	2.899365e+00
527	4.234374e-01	8.217364e-01	2.728383e+00
528	5.269478e-01	5.841266e-01	1.247191e+00
529	4.612146e-01	4.925899e-01	1.802149e+00
531	5.545650e-01	5.704246e-01	1.663410e+00
532	4.952397e-01	4.136234e-01	2.556424e+00
533	8.928353e-01	4.808497e-01	2.947240e+00
534	4.614261e-01	5.914965e-01	2.475330e+00
535	3.274294e-01	7.051032e-01	1.237421e+00
536	4.611588e-01	6.310598e-01	2.923791e+00
537	2.973556e-01	6.119589e-01	2.906204e+00
538	9.081242e-01	1.786702e-01	2.668784e+00
539	4.620283e-01	4.807852e-01	2.476307e+00
540	5.318707e-01	4.126800e-01	2.065950e+00
541	4.531575e-01	5.702801e-01	1.983879e+00
542	2.713786e-01	3.955077e-02	1.982902e+00
543	5.881100e-01	6.575668e-01	2.643381e+00
544	3.651619e-01	4.685217e-01	1.637030e+00
545	3.051005e-01	6.205448e-01	1.338056e+00
546	4.254241e-01	5.445199e-01	2.406937e+00
547	2.961812e-01	6.623222e-01	1.422081e+00
548	3.641010e-01	4.803496e-01	2.956033e+00
549	5.169067e-01	5.015866e-01	2.601368e+00
550	3.067037e-01	5.988494e-01	1.846116e+00
551	5.096119e-01	4.965777e-01	1.264778e+00
552	3.671244e-01	4.740925e-01	1.119199e+00
553	5.638760e-01	4.552834e-01	1.956522e+00
554	2.663983e-01	5.910272e-01	2.971666e+00
555	5.069160e-01	5.263237e-01	2.149976e+00
556	4.293759e-01	5.217452e-01	1.574499e+00
557	3.618715e-01	4.832376e-01	1.775769e+00
558	3.054234e-01	5.155039e-01	1.542257e+00
559	3.639514e-01	4.876769e-01	2.984367e+00
560	4.780170e-01	6.602707e-01	2.563263e+00
562	4.637523e-01	2.786586e-01	1.577430e+00
564	2.624087e-01	5.883727e-01	1.125061e+00
565	4.958522e-01	5.376963e-01	2.955056e+00
566	4.639284e-01	3.872430e-01	2.865169e+00
567	4.429707e-01	5.433065e-01	1.672203e+00
568	4.498385e-01	6.097689e-01	1.198339e+00
569	4.261155e-01	6.237915e-01	2.513434e+00
570	4.938460e-01	1.850254e-01	1.853933e+00
571	5.003979e-01	5.091063e-01	2.858329e+00
572	4.498581e-01	5.461231e-01	1.574499e+00
573	3.540783e-01	5.054977e-01	1.432829e+00
574	4.571275e-01	5.421030e-01	1.500244e+00
576	4.890939e-01	6.500354e-01	1.323400e+00
578	5.325839e-01	2.601391e-01	2.147044e+00
579	5.004045e-01	4.589097e-01	2.698095e+00
580	4.628626e-01	6.535957e-01	2.203713e+00
581	4.703290e-01	4.869848e-01	1.364436e+00
582	3.809732e-01	4.591552e-01	2.076698e+00
583	4.829352e-01	6.599121e-01	2.011236e+00
586	4.756638e-01	6.404515e-01	1.215926e+00
587	5.088326e-01	4.619059e-01	2.299463e+00
588	4.687318e-01	6.095944e-01	1.683928e+00
589	4.868155e-01	6.057620e-01	2.081583e+00
590	4.763452e-01	6.111771e-01	2.350269e+00
591	1.069627e-01	9.893040e-01	2.268197e+00
592	1.359886e-01	9.434689e-01	2.728383e+00
593	4.827821e-01	6.287742e-01	1.194431e+00
594	5.034317e-01	6.477516e-01	2.515388e+00
597	5.478103e-01	1.592814e-01	1.865657e+00
599	4.906195e-01	4.270300e-01	1.802149e+00
600	5.476272e-01	4.193821e-01	1.367367e+00
601	4.473046e-01	6.589602e-01	1.148510e+00
604	3.840562e-01	7.436125e-01	1.613581e+00
605	4.734205e-01	6.379317e-01	2.427455e+00
606	3.531342e-01	4.820247e-01	2.196873e+00
607	4.867528e-01	2.641055e-01	1.355642e+00
608	4.501602e-01	5.944670e-01	2.386419e+00
609	5.317692e-01	4.395553e-01	1.294089e+00
610	4.282229e-01	5.804203e-01	1.687836e+00
611	4.973165e-01	4.938349e-01	1.146556e+00
613	4.957425e-01	3.953266e-01	1.597948e+00
614	4.736563e-01	5.413820e-01	2.412799e+00
617	3.478327e-01	2.040130e-01	1.227650e+00
618	4.195119e-01	5.857184e-01	2.522228e+00
619	4.235429e-01	4.318945e-01	1.437714e+00
620	4.898885e-01	5.358411e-01	1.523693e+00
621	5.030922e-01	5.133741e-01	1.221788e+00
622	6.347179e-01	4.359280e-01	1.652662e+00
623	4.934004e-01	5.556642e-01	1.269663e+00
624	4.860333e-01	5.495348e-01	2.967758e+00
625	4.277983e-01	7.032154e-01	2.952125e+00
626	4.654890e-01	3.985113e-01	2.546654e+00
627	2.678554e-01	3.072952e-01	1.818759e+00
628	5.439203e-01	6.366965e-01	1.919394e+00
629	2.877501e-01	3.002914e-01	2.563263e+00
630	4.320908e-01	3.976242e-01	1.451392e+00
631	4.492664e-01	5.463265e-01	1.718124e+00
632	5.544957e-01	5.208130e-01	1.207132e+00
633	4.197199e-01	4.495627e-01	1.236444e+00
634	6.070597e-01	4.522182e-01	2.622863e+00
635	4.373017e-01	5.268409e-01	2.549585e+00
636	4.876548e-01	5.533902e-01	2.966781e+00
639	6.256472e-01	4.000654e-01	2.395213e+00
642	5.522416e-01	5.234156e-01	1.534441e+00
643	4.747628e-01	6.636864e-01	1.550073e+00
644	4.031109e-01	4.667022e-01	1.610650e+00
645	6.266606e-01	5.375836e-01	1.612604e+00
646	4.754728e-01	4.942243e-01	1.086957e+00
648	4.492547e-01	5.938798e-01	2.282853e+00
649	8.138780e-01	4.884763e-01	1.573522e+00
650	4.668935e-01	4.853316e-01	2.497802e+00
652	4.888323e-01	4.832438e-01	1.752320e+00
653	3.729856e-01	3.599420e-01	1.589155e+00
655	4.060466e-01	4.653304e-01	1.209086e+00
656	4.823920e-01	5.153308e-01	2.755740e+00
657	4.489643e-01	6.120102e-01	1.499267e+00
658	4.730652e-01	4.804684e-01	1.014656e+00
659	4.555260e-01	6.403800e-01	2.891549e+00
660	5.284149e-01	4.935377e-01	2.478261e+00
661	3.768300e-01	3.536034e-01	1.898876e+00
662	4.605803e-01	5.341762e-01	1.188569e+00
663	4.888408e-01	4.843194e-01	2.785051e+00
664	3.879022e-01	4.670742e-01	2.945286e+00
665	5.342463e-01	5.330724e-01	2.458720e+00
666	4.693825e-01	6.188665e-01	2.673669e+00
667	4.549507e-01	4.096446e-01	1.399609e+00
668	4.324332e-01	5.591515e-01	2.604299e+00
669	4.757440e-01	4.717887e-01	1.529555e+00
670	4.721763e-01	4.887786e-01	2.823156e+00
671	3.546216e-01	7.313419e-01	2.826087e+00
672	4.719251e-01	5.873029e-01	2.844651e+00
673	4.777355e-01	5.396307e-01	2.290669e+00
674	3.566429e-01	7.103147e-01	2.188080e+00
675	4.712777e-01	4.666541e-01	2.570103e+00
676	4.859084e-01	4.880193e-01	2.396190e+00
677	7.712171e-01	3.962368e-01	1.318515e+00
678	4.795559e-01	7.008527e-01	1.733757e+00
679	4.616884e-01	5.328380e-01	2.605276e+00
680	6.665841e-01	1.990120e-01	2.683439e+00
681	5.619612e-01	5.038434e-01	1.587201e+00
682	6.072983e-01	4.481635e-01	1.375183e+00
683	4.307633e-01	5.446876e-01	2.298486e+00
684	4.187753e-01	5.692610e-01	1.285296e+00
685	4.578843e-01	4.542571e-01	2.983390e+00
686	4.046252e-01	5.824108e-01	1.195408e+00
688	4.684118e-01	4.585545e-01	2.414753e+00
689	3.867126e-01	5.728408e-01	1.843185e+00
690	6.136705e-01	4.818737e-01	2.396190e+00
691	4.122585e-01	6.656896e-01	1.656571e+00
692	5.910043e-01	3.857711e-01	3.000000e+00
693	4.707362e-01	4.675620e-01	2.728383e+00
694	7.897359e-01	9.087010e-01	1.133854e+00
696	5.292612e-01	5.479861e-01	1.944797e+00
697	4.176502e-01	3.871410e-01	2.883732e+00
698	4.885745e-01	3.369888e-01	2.383488e+00
699	5.150536e-01	4.279533e-01	2.506595e+00
700	4.860064e-01	5.064343e-01	1.786517e+00
701	4.422470e-01	5.793072e-01	2.893503e+00
702	5.538548e-01	5.387723e-01	2.981436e+00
703	5.428556e-01	4.164197e-01	2.663898e+00
704	5.694830e-01	4.822765e-01	2.227162e+00
705	5.176422e-01	5.398332e-01	1.527601e+00
706	5.827703e-01	5.070442e-01	2.610161e+00
707	5.561938e-01	3.714120e-01	1.058622e+00
708	4.565797e-01	4.749740e-01	2.782120e+00
710	8.583544e-01	6.313607e-01	1.518808e+00
712	4.765566e-01	4.868331e-01	2.109917e+00
714	4.569646e-01	4.750897e-01	2.074744e+00
715	4.706682e-01	4.873151e-01	2.319003e+00
716	5.038472e-01	4.467178e-01	1.290181e+00
717	4.749790e-01	4.879340e-01	1.286273e+00
718	6.110738e-01	5.385444e-01	1.881290e+00
719	4.562592e-01	4.362204e-01	1.664387e+00
720	8.921114e-01	6.336513e-01	1.242306e+00
721	3.514196e-01	3.047805e-01	1.927211e+00
722	5.648609e-01	5.503877e-01	2.820225e+00
723	5.333953e-01	6.203924e-01	2.792868e+00
724	5.434580e-01	4.938033e-01	1.201270e+00
725	3.585774e-01	4.734101e-01	1.898876e+00
726	9.942202e-01	6.649586e-01	2.183195e+00
727	5.102769e-01	5.174201e-01	1.782609e+00
729	4.809248e-01	4.763189e-01	1.561798e+00
730	4.828262e-01	4.866891e-01	2.282853e+00
731	5.203459e-01	5.143945e-01	2.210552e+00
732	4.772571e-01	4.095160e-01	1.020518e+00
733	5.048160e-01	4.282446e-01	1.784563e+00
735	5.154665e-01	5.278809e-01	1.275525e+00
736	4.412744e-01	4.914335e-01	1.212995e+00
737	3.427710e-01	3.057128e-01	2.964827e+00
738	4.928012e-01	5.060333e-01	2.079629e+00
740	4.450182e-01	2.732314e-01	1.187592e+00
741	4.044354e-01	4.668531e-01	1.258915e+00
744	4.661426e-01	4.799357e-01	1.999511e+00
745	4.914429e-01	5.391070e-01	1.264778e+00
746	4.763882e-01	5.048373e-01	1.110405e+00
747	3.632135e-01	5.066686e-01	1.107474e+00
749	4.230968e-01	7.104799e-01	1.070347e+00
751	5.191967e-01	5.513348e-01	2.400098e+00
752	4.441038e-01	4.715204e-01	2.871031e+00
753	4.984766e-01	4.992073e-01	2.739130e+00
754	3.592472e-01	6.634735e-01	1.681974e+00
755	4.506089e-01	4.289806e-01	2.061065e+00
761	5.651358e-01	4.891900e-01	1.073278e+00
763	3.408399e-01	5.270811e-01	2.799707e+00
766	7.143768e-01	4.966233e-01	2.775281e+00
768	4.410452e-01	4.856947e-01	2.010259e+00
770	4.202295e-01	4.558810e-01	1.700537e+00
771	5.170220e-01	4.899821e-01	1.339033e+00
772	3.294802e-01	6.767995e-01	2.227162e+00
773	3.810027e-01	7.888789e-01	2.482169e+00
774	5.719183e-01	4.934226e-01	2.958964e+00
775	4.913539e-01	5.033081e-01	1.443576e+00
776	3.958827e-01	4.882640e-01	2.381534e+00
777	6.130710e-01	6.012391e-01	1.971177e+00
778	5.226127e-01	5.803410e-01	2.960918e+00
779	5.376608e-01	6.765488e-01	1.812897e+00
781	5.595502e-01	3.322688e-01	1.170982e+00
782	5.712049e-01	5.828085e-01	1.277479e+00
785	3.586881e-01	4.225566e-01	1.176844e+00
786	3.024317e-01	3.636381e-01	1.636053e+00
787	3.303642e-01	4.049487e-01	1.790425e+00
788	5.034299e-01	4.148636e-01	2.336590e+00
789	4.319488e-01	5.398065e-01	1.343918e+00
790	5.028064e-01	4.782071e-01	1.905716e+00
791	4.010160e-01	5.692975e-01	1.784563e+00
792	5.943218e-01	2.656227e-01	2.622863e+00
793	5.520614e-01	4.892504e-01	2.063996e+00
794	5.318132e-01	4.767101e-01	2.497802e+00
795	3.477346e-01	7.148553e-01	2.870054e+00
796	7.994772e-01	4.781910e-01	2.862237e+00
797	7.805308e-01	4.619355e-01	2.981436e+00
799	5.210185e-01	5.016018e-01	1.729849e+00
800	4.828525e-01	4.867087e-01	2.290669e+00
801	5.050508e-01	5.150288e-01	2.841720e+00
802	5.070529e-01	5.111747e-01	2.195896e+00
803	4.020290e-01	4.772432e-01	1.601856e+00
804	3.532387e-01	6.093386e-01	2.449927e+00
805	4.888848e-01	4.896614e-01	1.462140e+00
806	5.080042e-01	5.152292e-01	2.041524e+00
808	5.046572e-01	5.108966e-01	2.061065e+00
809	6.768537e-01	7.729376e-01	2.130435e+00
810	5.131929e-01	4.572327e-01	2.205667e+00
811	5.205805e-01	4.786941e-01	2.184172e+00
812	4.232138e-01	5.118363e-01	2.747924e+00
814	4.096502e-01	4.483875e-01	2.909135e+00
815	5.277016e-01	5.138177e-01	2.777235e+00
816	5.200264e-01	5.196913e-01	1.295066e+00
817	4.992269e-01	4.657652e-01	1.050806e+00
818	4.253738e-01	4.207526e-01	1.191500e+00
819	5.003158e-01	4.630394e-01	1.198339e+00
820	4.480395e-01	5.230043e-01	2.656082e+00
822	3.054565e-01	7.444721e-01	1.692721e+00
823	5.010409e-01	4.488797e-01	2.330728e+00
825	5.101764e-01	4.865145e-01	1.906693e+00
826	4.407345e-01	5.494416e-01	2.192965e+00
827	6.593785e-01	5.417488e-01	1.200293e+00
829	4.397304e-01	5.595806e-01	2.361016e+00
830	4.521438e-01	2.387511e-01	2.080606e+00
831	6.630925e-01	9.096452e-01	1.074255e+00
833	5.205063e-01	5.135869e-01	2.017098e+00
834	3.652089e-01	4.811082e-01	2.191011e+00
835	8.539570e-01	4.977981e-01	1.667318e+00
836	4.545488e-01	2.365421e-01	2.229116e+00
837	7.682593e-01	9.450640e-01	1.188569e+00
838	5.223393e-01	4.173252e-01	2.714704e+00
839	4.707801e-01	5.327941e-01	1.979971e+00
840	4.735282e-01	5.842870e-01	2.954079e+00
842	4.407215e-01	6.675033e-01	1.803127e+00
843	4.880269e-01	5.411192e-01	1.039082e+00
844	7.313036e-01	9.259522e-01	1.893014e+00
845	4.491546e-01	6.099498e-01	1.778701e+00
846	4.238018e-01	6.695902e-01	1.295066e+00
847	7.862673e-01	5.709397e-01	1.807035e+00
848	4.051648e-01	4.341671e-01	1.102589e+00
849	4.025672e-01	5.727575e-01	1.879336e+00
850	4.399643e-01	5.200057e-01	1.984856e+00
851	4.682392e-01	5.091712e-01	2.238886e+00
852	4.585971e-01	4.359772e-01	2.868100e+00
854	5.163360e-01	4.853141e-01	2.748901e+00
855	5.292561e-01	4.741771e-01	1.578407e+00
857	5.124697e-01	4.170037e-01	1.621397e+00
858	4.970809e-01	5.014923e-01	2.657059e+00
859	4.151864e-01	4.249963e-01	2.404983e+00
860	5.602592e-01	5.631985e-01	2.272106e+00
861	5.485295e-01	4.972357e-01	1.463117e+00
862	5.600335e-01	4.505883e-01	2.316072e+00
863	4.542678e-01	4.799630e-01	2.334636e+00
864	3.874566e-01	4.972269e-01	1.365413e+00
865	4.711848e-01	5.595213e-01	2.105032e+00
866	3.079149e-01	5.320628e-01	1.339033e+00
867	4.934246e-01	6.408707e-01	2.932584e+00
869	5.435043e-01	4.594691e-01	2.378603e+00
870	5.358533e-01	5.423166e-01	1.833415e+00
871	6.089892e-01	4.242874e-01	1.663410e+00
872	5.536331e-01	6.020248e-01	2.251588e+00
873	2.234958e-01	5.194106e-01	1.766976e+00
874	5.085313e-01	3.606827e-01	1.575476e+00
875	7.159544e-01	3.627376e-01	2.771373e+00
876	5.652773e-01	6.275400e-01	1.482658e+00
878	5.050017e-01	5.096752e-01	2.787005e+00
879	5.295870e-01	5.453366e-01	1.959453e+00
880	5.008344e-01	5.541365e-01	2.187103e+00
881	5.338898e-01	4.040097e-01	2.430386e+00
882	5.199418e-01	3.301555e-01	2.679531e+00
883	5.239802e-01	5.165548e-01	2.191988e+00
884	5.233727e-01	3.373982e-01	2.945286e+00
887	5.247577e-01	5.103327e-01	2.793845e+00
889	5.233692e-01	5.180415e-01	2.132389e+00
890	5.236546e-01	3.872730e-01	1.627259e+00
891	5.822772e-01	5.624679e-01	1.623351e+00
892	5.429821e-01	5.176458e-01	2.772350e+00
893	4.654008e-01	5.108484e-01	1.552027e+00
895	4.647343e-01	6.368595e-01	1.180752e+00
896	5.953544e-01	5.688720e-01	1.632145e+00
897	7.284789e-01	3.970820e-01	1.680997e+00
898	6.543648e-01	4.458867e-01	2.828041e+00
899	2.558705e-01	5.722358e-01	1.703468e+00
900	3.961086e-01	5.293733e-01	1.471910e+00
901	5.945195e-01	5.687337e-01	2.368832e+00
903	4.571654e-01	4.082092e-01	1.961407e+00
904	4.933913e-01	5.058811e-01	1.756229e+00
905	4.969050e-01	4.942772e-01	2.987298e+00
906	4.837641e-01	4.170607e-01	2.332682e+00
907	6.530979e-01	2.160870e-01	1.097704e+00
908	4.733944e-01	4.143850e-01	1.954568e+00
909	5.195452e-01	4.875354e-01	1.704446e+00
912	5.078827e-01	5.186142e-01	1.853933e+00
913	5.123639e-01	3.491580e-01	2.829995e+00
915	5.187670e-01	3.955886e-01	2.232047e+00
916	5.083392e-01	3.140645e-01	2.093307e+00
917	4.797374e-01	4.891703e-01	2.587689e+00
918	7.035136e-01	2.351960e-01	2.698095e+00
919	4.139381e-01	4.003613e-01	1.896922e+00
920	3.986561e-01	5.510704e-01	1.212995e+00
921	4.563091e-01	6.359717e-01	1.502198e+00
922	5.219012e-01	5.187156e-01	2.614069e+00
923	5.284872e-01	3.752889e-01	2.880801e+00
924	4.577720e-01	5.267321e-01	1.956522e+00
925	5.181964e-01	3.273674e-01	2.745970e+00
926	6.020780e-01	3.980916e-02	1.179775e+00
929	4.960218e-01	5.148663e-01	1.935027e+00
930	4.638339e-01	5.589494e-01	1.975085e+00
931	4.998551e-01	5.020336e-01	1.067416e+00
932	5.623539e-01	4.923051e-01	2.024915e+00
933	5.180904e-01	3.523791e-01	2.810454e+00
934	4.962501e-01	7.477213e-01	2.428432e+00
935	5.298159e-01	4.593756e-01	1.957499e+00
936	5.814366e-01	4.093500e-01	2.306302e+00
937	5.380534e-01	4.791264e-01	2.557401e+00
938	5.093529e-01	4.389179e-01	1.243283e+00
939	5.310704e-01	4.552807e-01	2.429409e+00
940	5.333412e-01	4.619340e-01	2.523205e+00
941	3.752597e-01	1.841735e-01	2.842697e+00
942	5.019223e-01	5.173646e-01	2.247680e+00
943	4.404395e-01	4.963870e-01	2.000489e+00
944	4.321153e-01	4.597238e-01	2.446019e+00
945	5.273136e-01	5.261479e-01	2.360039e+00
946	5.182396e-01	3.868594e-01	2.567171e+00
947	5.142270e-01	3.961273e-01	2.415730e+00
948	4.834320e-01	4.433861e-01	1.989741e+00
954	5.379658e-01	4.938480e-01	2.908158e+00
955	6.364144e-01	5.318175e-01	2.731314e+00
956	5.231195e-01	5.184480e-01	2.544700e+00
958	5.122848e-01	5.142871e-01	2.890572e+00
959	4.772930e-01	5.163450e-01	1.654617e+00
960	4.862043e-01	5.434658e-01	1.008793e+00
962	4.246366e-01	4.891702e-01	1.260870e+00
963	4.169257e-01	5.210254e-01	1.347826e+00
964	5.223455e-01	5.244693e-01	1.325354e+00
965	5.100977e-01	5.113542e-01	1.420127e+00
966	9.556030e-01	4.398696e-01	2.845628e+00
967	4.946530e-01	6.090129e-01	1.853933e+00
970	4.793169e-01	4.982430e-01	1.303859e+00
972	5.205625e-01	5.626117e-01	1.294089e+00
973	6.321597e-01	1.810228e-01	1.675134e+00
974	5.356744e-01	3.920056e-01	2.417684e+00
975	4.735387e-01	4.659575e-01	2.053249e+00
976	4.129568e-01	5.211572e-01	1.276502e+00
978	6.675084e-01	2.630766e-01	2.779189e+00
979	5.008034e-01	4.435601e-01	1.984856e+00
980	6.487380e-01	5.723072e-01	2.295554e+00
981	5.022044e-01	4.972902e-01	1.652662e+00
982	4.629598e-01	4.921694e-01	2.464582e+00
983	4.862399e-01	4.760502e-01	1.763068e+00
984	3.488549e-01	3.009107e-01	2.508549e+00
985	3.908762e-01	4.266019e-01	2.026869e+00
987	5.431357e-01	4.494883e-01	1.160234e+00
988	4.204747e-01	3.826589e-01	2.302394e+00
992	5.372855e-01	5.463567e-01	1.384954e+00
993	4.847998e-01	4.757748e-01	2.598437e+00
994	3.409992e-01	7.558182e-01	2.130435e+00
995	5.074020e-01	4.341650e-01	1.690767e+00
996	6.935194e-01	9.365067e-01	2.587689e+00
997	5.252441e-01	5.285059e-01	1.940889e+00
999	4.762349e-01	4.925784e-01	2.099170e+00
999	4.762349e-01	4.925784e-01	2.099170e+00
999	4.762349e-01	4.925784e-01	2.099170e+00
999	4.762349e-01	4.925784e-01	2.099170e+00
999	4.762349e-01	4.925784e-01	2.099170e+00
999	4.762349e-01	4.925784e-01	2.099170e+00
999	4.762349e-01	4.925784e-01	2.099170e+00
999	4.762349e-01	4.925784e-01	2.099170e+00
999	4.762349e-01	4.925784e-01	2.099170e+00
999	4.762349e-01	4.925784e-01	2.099170e+00
999	4.762349e-01	4.925784e-01	2.099170e+00
999	4.762349e-01	4.925784e-01	2.099170e+00
999	4.762349e-01	4.925784e-01	2.099170e+00
999	4.762349e-01	4.925784e-01	2.099170e+00
999	4.762349e-01	4.925784e-01	2.099170e+00
999	4.762349e-01	4.925784e-01	2.099170e+00
999	4.762349e-01	4.925784e-01	2.099170e+00
999	4.762349e-01	4.925784e-01	2.099170e+00
999	4.762349e-01	4.925784e-01	2.099170e+00
999	4.762349e-01	4.925784e-01	2.099170e+00
999	4.762349e-01	4.925784e-01	2.099170e+00
999	4.762349e-01	4.925784e-01	2.099170e+00
999	4.762349e-01	4.925784e-01	2.099170e+00
999	4.762349e-01	4.925784e-01	2.099170e+00
999	4.762349e-01	4.925784e-01	2.099170e+00
999	4.762349e-01	4.925784e-01	2.099170e+00
999	4.762349e-01	4.925784e-01	2.099170e+00
999	4.762349e-01	4.925784e-01	2.099170e+00
999	4.762349e-01	4.925784e-01	2.099170e+00
999	4.762349e-01	4.925784e-01	2.099170e+00
999	4.762349e-01	4.925784e-01	2.099170e+00
999	4.762349e-01	4.925784e-01	2.099170e+00
999	4.762349e-01	4.925784e-01	2.099170e+00
999	4.762349e-01	4.925784e-01	2.099170e+00
999	4.762349e-01	4.925784e-01	2.099170e+00
999	4.762349e-01	4.925784e-01	2.099170e+00
999	4.762349e-01	4.925784e-01	2.099170e+00
999	4.762349e-01	4.925784e-01	2.099170e+00
999	4.762349e-01	4.925784e-01	2.099170e+00
999	4.762349e-01	4.925784e-01	2.099170e+00
999	4.762349e-01	4.925784e-01	2.099170e+00
999	4.762349e-01	4.925784e-01	2.099170e+00
999	4.762349e-01	4.925784e-01	2.099170e+00
999	4.762349e-01	4.925784e-01	2.099170e+00
999	4.762349e-01	4.925784e-01	2.099170e+00
999	4.762349e-01	4.925784e-01	2.099170e+00
999	4.762349e-01	4.925784e-01	2.099170e+00
999	4.762349e-01	4.925784e-01	2.099170e+00
999	4.762349e-01	4.925784e-01	2.099170e+00
999	4.762349e-01	4.925784e-01	2.099170e+00
999	4.762349e-01	4.925784e-01	2.099170e+00
999	4.762349e-01	4.925784e-01	2.099170e+00
999	4.762349e-01	4.925784e-01	2.099170e+00
999	4.762349e-01	4.925784e-01	2.099170e+00
999	4.762349e-01	4.925784e-01	2.099170e+00
999	4.762349e-01	4.925784e-01	2.099170e+00
999	4.762349e-01	4.925784e-01	2.099170e+00
999	4.762349e-01	4.925784e-01	2.099170e+00
999	4.762349e-01	4.925784e-01	2.099170e+00
999	4.762349e-01	4.925784e-01	2.099170e+00
999	4.762349e-01	4.925784e-01	2.099170e+00
999	4.762349e-01	4.925784e-01	2.099170e+00
999	4.762349e-01	4.925784e-01	2.099170e+00
999	4.762349e-01	4.925784e-01	2.099170e+00
999	4.762349e-01	4.925784e-01	2.099170e+00
999	4.762349e-01	4.925784e-01	2.099170e+00
999	4.762349e-01	4.925784e-01	2.099170e+00
999	4.762349e-01	4.925784e-01	2.099170e+00
999	4.762349e-01	4.925784e-01	2.099170e+00
999	4.762349e-01	4.925784e-01	2.099170e+00
999	4.762349e-01	4.925784e-01	2.099170e+00
999	4.762349e-01	4.925784e-01	2.099170e+00
999	4.762349e-01	4.925784e-01	2.099170e+00
999	4.762349e-01	4.925784e-01	2.099170e+00
999	4.762349e-01	4.925784e-01	2.099170e+00
999	4.762349e-01	4.925784e-01	2.099170e+00
999	4.762349e-01	4.925784e-01	2.099170e+00
999	4.762349e-01	4.925784e-01	2.099170e+00
999	4.762349e-01	4.925784e-01	2.099170e+00
999	4.762349e-01	4.925784e-01	2.099170e+00
999	4.762349e-01	4.925784e-01	2.099170e+00
999	4.762349e-01	4.925784e-01	2.099170e+00
999	4.762349e-01	4.925784e-01	2.099170e+00
999	4.762349e-01	4.925784e-01	2.099170e+00
999	4.762349e-01	4.925784e-01	2.099170e+00
999	4.762349e-01	4.925784e-01	2.099170e+00
999	4.762349e-01	4.925784e-01	2.099170e+00
999	4.762349e-01	4.925784e-01	2.099170e+00
999	4.762349e-01	4.925784e-01	2.099170e+00
999	4.762349e-01	4.925784e-01	2.099170e+00
999	4.762349e-01	4.925784e-01	2.099170e+00
999	4.762349e-01	4.925784e-01	2.099170e+00
999	4.762349e-01	4.925784e-01	2.099170e+00
999	4.762349e-01	4.925784e-01	2.099170e+00
999	4.762349e-01	4.925784e-01	2.099170e+00
999	4.762349e-01	4.925784e-01	2.099170e+00
999	4.762349e-01	4.925784e-01	2.099170e+00
999	4.762349e-01	4.925784e-01	2.099170e+00
999	4.762349e-01	4.925784e-01	2.099170e+00
999	4.762349e-01	4.925784e-01	2.099170e+00
999	4.762349e-01	4.925784e-01	2.099170e+00
999	4.762349e-01	4.925784e-01	2.099170e+00
999	4.762349e-01	4.925784e-01	2.099170e+00
999	4.762349e-01	4.925784e-01	2.099170e+00
999	4.762349e-01	4.925784e-01	2.099170e+00
999	4.762349e-01	4.925784e-01	2.099170e+00
999	4.762349e-01	4.925784e-01	2.099170e+00
999	4.762349e-01	4.925784e-01	2.099170e+00
999	4.762349e-01	4.925784e-01	2.099170e+00
999	4.762349e-01	4.925784e-01	2.099170e+00
999	4.762349e-01	4.925784e-01	2.099170e+00
999	4.762349e-01	4.925784e-01	2.099170e+00
999	4.762349e-01	4.925784e-01	2.099170e+00
999	4.762349e-01	4.925784e-01	2.099170e+00
999	4.762349e-01	4.925784e-01	2.099170e+00
999	4.762349e-01	4.925784e-01	2.099170e+00
999	4.762349e-01	4.925784e-01	2.099170e+00
999	4.762349e-01	4.925784e-01	2.099170e+00
999	4.762349e-01	4.925784e-01	2.099170e+00
999	4.762349e-01	4.925784e-01	2.099170e+00
999	4.762349e-01	4.925784e-01	2.099170e+00
999	4.762349e-01	4.925784e-01	2.099170e+00
999	4.762349e-01	4.925784e-01	2.099170e+00
999	4.762349e-01	4.925784e-01	2.099170e+00
999	4.762349e-01	4.925784e-01	2.099170e+00
999	4.762349e-01	4.925784e-01	2.099170e+00
999	4.762349e-01	4.925784e-01	2.099170e+00
999	4.762349e-01	4.925784e-01	2.099170e+00
999	4.762349e-01	4.925784e-01	2.099170e+00
999	4.762349e-01	4.925784e-01	2.099170e+00
999	4.762349e-01	4.925784e-01	2.099170e+00
999	4.762349e-01	4.925784e-01	2.099170e+00
999	4.762349e-01	4.925784e-01	2.099170e+00
999	4.762349e-01	4.925784e-01	2.099170e+00
999	4.762349e-01	4.925784e-01	2.099170e+00
999	4.762349e-01	4.925784e-01	2.099170e+00
999	4.762349e-01	4.925784e-01	2.099170e+00
999	4.762349e-01	4.925784e-01	2.099170e+00
999	4.762349e-01	4.925784e-01	2.099170e+00
999	4.762349e-01	4.925784e-01	2.099170e+00
999	4.762349e-01	4.925784e-01	2.099170e+00
999	4.762349e-01	4.925784e-01	2.099170e+00
999	4.762349e-01	4.925784e-01	2.099170e+00
999	4.762349e-01	4.925784e-01	2.099170e+00
999	4.762349e-01	4.925784e-01	2.099170e+00
999	4.762349e-01	4.925784e-01	2.099170e+00
999	4.762349e-01	4.925784e-01	2.099170e+00
999	4.762349e-01	4.925784e-01	2.099170e+00
999	4.762349e-01	4.925784e-01	2.099170e+00
999	4.762349e-01	4.925784e-01	2.099170e+00
999	4.762349e-01	4.925784e-01	2.099170e+00
999	4.762349e-01	4.925784e-01	2.099170e+00
999	4.762349e-01	4.925784e-01	2.099170e+00
999	4.762349e-01	4.925784e-01	2.099170e+00
999	4.762349e-01	4.925784e-01	2.099170e+00
999	4.762349e-01	4.925784e-01	2.099170e+00
