1000
0	2.874577e-01	5.080716e-01	1.398632e+00
2	1.099266e-01	5.211269e-01	1.108451e+00
3	5.028332e-01	4.561079e-01	2.925745e+00
4	5.246977e-01	4.693111e-01	2.732291e+00
5	6.161563e-01	5.588585e-01	1.257938e+00
6	5.283776e-01	6.332074e-01	2.424524e+00
7	5.027753e-01	4.797536e-01	1.383000e+00
8	5.837098e-01	5.945639e-01	2.705911e+00
9	7.837126e-01	8.603724e-01	2.526136e+00
10	5.269276e-01	5.136986e-01	2.442110e+00
11	4.766690e-01	5.181767e-01	2.233024e+00
12	5.360204e-01	4.654163e-01	2.376649e+00
14	4.977789e-01	4.977951e-01	1.556913e+00
15	6.156691e-01	1.933434e-01	2.950171e+00
16	5.222863e-01	5.211899e-01	1.066439e+00
17	5.055015e-01	5.257384e-01	1.626282e+00
18	3.481703e-01	5.154380e-01	1.306790e+00
19	4.765758e-01	5.383740e-01	2.902296e+00
21	3.713054e-01	4.599296e-01	1.195408e+00
22	4.907411e-01	5.060237e-01	1.785540e+00
23	5.294328e-01	5.789854e-01	1.248168e+00
24	4.010289e-01	6.041122e-01	1.863703e+00
25	5.671894e-01	5.034637e-01	2.671715e+00
26	4.527330e-01	4.596814e-01	2.487054e+00
27	7.381366e-01	3.318423e-01	1.946751e+00
28	8.223297e-02	7.940673e-01	1.303859e+00
29	7.243103e-01	4.194297e-01	2.152907e+00
30	4.434398e-01	6.616280e-01	1.388862e+00
32	4.616482e-01	6.243117e-01	1.591109e+00
33	4.076521e-01	3.519979e-01	2.205667e+00
34	4.457528e-01	5.133611e-01	2.181241e+00
35	4.753170e-01	5.665923e-01	1.475818e+00
36	4.624996e-01	5.775235e-01	2.309233e+00
37	5.101619e-01	4.932890e-01	2.073766e+00
39	5.501007e-01	6.103563e-01	2.331705e+00
40	4.946881e-01	4.994687e-01	1.126038e+00
41	2.800864e-01	5.554108e-01	2.235955e+00
42	5.354990e-01	3.006188e-01	2.805569e+00
43	6.027381e-01	4.050259e-01	2.819248e+00
44	6.902253e-01	5.906798e-01	2.555447e+00
46	5.151856e-01	5.785939e-01	2.559355e+00
47	4.507724e-01	5.805581e-01	1.895945e+00
48	4.802067e-01	4.213415e-01	1.282364e+00
49	8.943391e-01	7.325476e-01	2.024915e+00
50	3.915895e-01	5.204872e-01	2.750855e+00
51	4.920954e-01	5.075456e-01	2.412799e+00
52	5.198612e-01	4.612285e-01	2.557401e+00
53	5.081353e-01	5.014713e-01	1.648754e+00
54	4.741058e-01	5.678293e-01	1.721055e+00
55	4.999785e-01	6.251212e-01	2.588666e+00
56	4.552064e-01	5.386881e-01	1.525647e+00
57	4.817266e-01	5.330868e-01	2.751832e+00
58	4.191237e-01	3.695831e-01	2.625794e+00
59	4.527746e-01	3.805674e-01	1.663410e+00
60	8.233484e-01	5.698193e-01	1.993649e+00
61	4.756178e-01	5.199543e-01	2.560332e+00
62	4.279511e-01	4.509749e-01	1.696629e+00
63	4.327037e-01	4.469520e-01	1.506106e+00
64	4.903225e-01	5.752993e-01	2.675623e+00
65	4.132571e-01	4.960890e-01	2.497802e+00
66	3.827566e-01	3.468833e-01	1.031265e+00
67	4.484320e-01	4.248021e-01	2.361993e+00
68	5.067399e-01	5.786472e-01	1.866634e+00
69	2.790351e-01	2.000143e-01	2.930630e+00
70	4.520813e-01	2.926770e-01	1.503175e+00
71	3.460812e-01	1.279243e-01	1.135809e+00
72	4.617543e-01	4.768797e-01	2.449927e+00
73	4.109667e-01	4.391234e-01	2.831949e+00
74	4.856161e-01	4.855495e-01	2.317049e+00
75	4.164127e-01	5.793378e-01	2.353200e+00
76	4.822269e-01	5.303835e-01	2.575965e+00
77	3.718283e-01	5.455953e-01	2.922814e+00
78	3.965562e-01	5.592434e-01	2.289692e+00
79	3.863300e-01	5.013049e-01	2.766488e+00
80	2.190636e-01	9.005902e-01	1.522716e+00
81	5.238314e-01	4.420359e-01	2.769419e+00
82	3.905424e-01	6.243480e-01	1.110405e+00
83	8.051379e-01	8.408876e-01	1.554958e+00
84	7.413167e-01	6.208306e-01	1.718124e+00
85	5.276774e-01	4.904853e-01	1.412311e+00
86	2.815947e-01	4.689825e-01	1.951637e+00
87	4.597256e-01	5.304662e-01	1.449438e+00
88	5.431483e-01	4.994167e-01	2.176356e+00
90	4.635492e-01	4.706633e-01	1.212995e+00
91	4.327053e-01	4.554775e-01	1.872496e+00
92	4.048032e-01	5.197801e-01	1.606742e+00
93	3.969342e-01	6.860295e-01	1.183683e+00
94	8.326240e-01	8.535232e-01	1.482658e+00
96	5.945968e-01	4.517601e-01	2.736199e+00
97	5.100648e-01	5.298696e-01	1.617489e+00
98	4.730174e-01	6.002020e-01	2.456766e+00
99	4.746288e-01	5.135684e-01	1.406448e+00
100	5.620522e-01	5.568711e-01	2.453835e+00
102	5.080745e-01	4.918565e-01	2.712750e+00
103	5.709392e-01	2.002944e-01	2.877870e+00
104	4.028610e-01	2.152280e-01	1.533464e+00
105	5.302100e-01	3.980060e-01	2.169516e+00
106	5.601075e-01	4.355983e-02	2.160723e+00
107	7.338934e-01	2.879592e-01	2.483146e+00
108	4.094263e-01	3.803387e-01	1.538349e+00
109	5.257354e-01	4.652682e-01	1.117245e+00
110	6.933124e-01	6.020973e-01	2.709819e+00
111	8.943139e-01	1.659742e-01	2.039570e+00
112	5.389691e-01	4.618757e-01	2.929653e+00
113	4.121792e-01	4.457478e-01	2.125550e+00
114	4.408524e-01	5.480633e-01	2.148999e+00
115	2.005553e-01	8.581236e-01	2.027846e+00
116	4.782108e-01	4.520820e-01	1.206155e+00
117	3.097620e-01	5.205228e-01	2.689301e+00
118	4.697017e-01	4.358009e-01	1.997557e+00
119	3.553264e-01	4.969426e-01	1.753298e+00
120	4.715407e-01	4.139110e-01	1.491451e+00
121	4.714133e-01	4.759088e-01	2.381534e+00
122	4.006405e-01	4.093461e-01	1.837323e+00
123	5.162361e-01	4.882534e-01	2.723498e+00
126	5.962986e-01	8.539638e-01	1.216903e+00
127	3.826888e-01	4.321725e-01	1.385931e+00
129	2.085097e-01	2.523057e-01	1.094773e+00
130	4.820862e-01	4.694175e-01	1.887152e+00
131	6.653126e-01	3.977238e-01	1.869565e+00
132	6.099150e-01	6.275610e-01	2.657059e+00
133	5.504290e-01	5.451415e-01	1.905716e+00
134	5.052037e-01	4.508623e-01	2.319980e+00
135	2.147475e-01	1.973409e-01	1.549096e+00
136	2.333879e-01	6.241452e-01	1.155349e+00
137	4.714012e-01	4.449125e-01	1.261847e+00
138	7.392828e-01	7.955117e-01	1.308745e+00
139	1.289128e-01	2.603621e-01	1.148510e+00
141	5.271158e-01	4.960367e-01	1.865657e+00
142	3.604179e-01	6.184730e-01	2.988276e+00
143	4.707023e-01	5.217602e-01	1.479726e+00
144	9.920104e-02	2.479496e-01	1.016610e+00
145	5.304668e-01	5.385128e-01	2.095261e+00
146	4.176767e-01	4.148690e-01	2.442110e+00
147	4.248588e-01	3.627624e-01	1.070347e+00
148	4.342413e-01	4.981595e-01	1.417196e+00
149	5.040922e-01	5.032181e-01	2.817294e+00
150	4.269296e-01	2.537054e-01	1.164143e+00
151	4.285606e-01	3.796270e-01	2.738153e+00
152	7.534263e-01	6.006335e-01	2.338544e+00
153	3.538237e-01	4.032901e-01	1.282364e+00
154	4.363876e-01	4.652856e-01	2.676600e+00
155	3.541083e-01	4.052198e-01	2.443087e+00
156	8.471097e-01	1.872843e-01	2.375672e+00
157	2.473781e-01	2.153477e-01	1.220811e+00
159	3.143525e-01	5.271720e-01	2.407914e+00
162	4.450862e-01	4.178147e-01	2.277968e+00
164	5.146062e-01	5.270952e-01	2.409868e+00
165	4.686083e-01	6.534693e-01	2.083537e+00
166	5.531751e-01	4.773651e-01	2.286761e+00
167	6.958845e-01	5.588121e-01	1.194431e+00
168	5.041955e-01	5.140688e-01	2.818271e+00
169	5.114222e-01	6.022614e-01	2.827064e+00
170	5.989936e-01	6.243878e-01	1.684905e+00
171	4.764471e-01	5.563491e-01	1.999511e+00
172	4.860218e-01	4.678580e-01	1.956522e+00
174	4.839444e-01	4.344550e-01	2.323889e+00
175	5.571461e-01	6.495494e-01	2.501710e+00
176	5.476836e-01	6.632080e-01	2.395213e+00
177	5.386849e-01	6.064833e-01	2.719590e+00
178	5.186060e-01	5.214962e-01	2.937469e+00
179	4.185812e-01	6.348396e-01	2.803615e+00
180	4.062869e-01	9.605527e-01	1.322423e+00
182	5.718352e-01	6.908981e-01	1.794333e+00
183	5.048035e-01	5.304237e-01	2.611138e+00
184	4.938607e-01	4.980500e-01	1.724963e+00
185	4.605767e-01	5.252598e-01	1.983879e+00
186	4.393580e-01	4.354144e-01	2.181241e+00
188	5.441751e-01	5.636947e-01	1.295066e+00
189	5.458089e-01	8.137547e-01	1.970200e+00
190	4.996979e-01	5.003819e-01	2.387396e+00
191	5.089619e-01	5.926602e-01	2.386419e+00
192	5.643592e-01	6.910488e-01	2.647289e+00
193	4.907476e-01	4.594338e-01	1.686859e+00
195	4.879649e-01	5.505522e-01	1.553981e+00
196	4.018487e-01	3.842123e-01	1.764045e+00
197	3.755305e-01	7.691662e-01	1.632145e+00
199	5.370949e-01	5.345437e-01	1.235467e+00
200	4.910489e-01	5.150461e-01	2.251588e+00
201	5.626471e-01	6.502869e-01	1.751343e+00
202	5.429732e-01	5.853909e-01	1.715193e+00
203	4.934679e-01	5.396850e-01	2.109917e+00
204	4.421747e-01	4.833546e-01	2.137274e+00
205	5.345313e-01	4.077192e-01	2.099170e+00
206	5.871724e-01	4.714750e-01	2.057157e+00
207	2.714122e-01	6.893763e-01	2.246702e+00
208	5.041900e-01	4.417973e-01	1.894968e+00
209	4.898425e-01	6.038691e-01	2.453835e+00
210	4.877166e-01	3.435508e-01	2.834880e+00
211	3.731483e-01	6.687254e-01	2.215437e+00
212	4.803974e-01	4.937619e-01	2.153884e+00
213	4.699357e-01	5.065714e-01	2.475330e+00
214	3.655272e-01	4.331690e-01	1.274548e+00
215	4.607714e-01	4.742975e-01	2.127504e+00
217	3.966161e-01	4.727975e-01	1.790425e+00
218	4.324914e-01	6.262718e-01	1.736688e+00
219	4.737280e-01	4.839934e-01	1.692721e+00
220	4.211802e-01	6.162207e-01	2.042501e+00
221	4.601042e-01	4.152554e-01	1.468979e+00
222	5.421736e-01	4.488184e-01	1.784563e+00
223	5.776011e-01	1.954551e-01	1.068393e+00
225	8.041752e-01	7.240891e-01	2.653151e+00
226	4.273848e-01	5.898332e-01	1.839277e+00
227	4.824945e-01	5.221425e-01	1.175867e+00
228	5.817900e-01	4.807818e-01	2.807523e+00
229	9.746994e-01	5.266585e-01	2.811431e+00
230	4.568013e-01	5.081275e-01	1.192477e+00
232	5.789327e-01	5.567691e-01	1.620420e+00
233	6.682785e-01	6.051596e-01	2.624817e+00
234	4.515202e-01	5.231911e-01	2.806546e+00
235	5.746298e-01	6.543355e-01	1.763068e+00
237	6.752542e-01	7.628536e-01	2.060088e+00
238	3.926258e-01	4.192794e-01	2.458720e+00
239	5.735331e-01	5.228947e-01	2.463605e+00
240	7.907942e-01	7.888763e-01	1.141671e+00
241	4.187126e-01	4.799130e-01	1.146556e+00
242	4.671482e-01	6.204964e-01	1.395701e+00
243	5.060333e-01	5.458013e-01	1.755252e+00
245	5.149748e-01	4.885718e-01	2.901319e+00
246	5.787304e-01	5.677252e-01	2.123596e+00
247	7.800036e-01	8.395871e-01	1.652662e+00
248	5.110401e-01	5.330364e-01	1.199316e+00
250	5.418870e-01	4.611376e-01	2.170493e+00
251	2.192361e-01	5.380656e-01	2.733268e+00
252	5.273179e-01	6.205355e-01	1.545188e+00
253	4.462674e-01	5.274096e-01	1.376160e+00
254	4.708980e-01	5.221338e-01	1.621397e+00
255	4.680182e-01	5.211800e-01	1.883244e+00
256	5.307646e-01	5.281929e-01	1.612604e+00
257	4.918975e-01	5.002086e-01	2.909135e+00
258	4.760206e-01	4.402707e-01	1.354665e+00
259	4.650493e-01	5.316852e-01	2.770396e+00
260	4.368798e-01	4.854436e-01	2.148999e+00
261	4.619682e-01	5.590340e-01	2.624817e+00
264	5.914720e-01	4.628436e-01	2.697118e+00
265	4.356396e-01	5.400988e-01	1.938935e+00
266	2.208771e-01	4.718967e-01	1.854910e+00
268	5.108314e-01	4.723771e-01	2.625794e+00
270	6.538342e-01	4.922627e-01	2.984367e+00
273	4.641185e-01	3.996784e-01	2.693210e+00
274	5.142677e-01	5.381063e-01	2.276014e+00
276	6.046020e-01	4.783164e-01	1.245237e+00
278	4.776252e-01	4.849136e-01	1.489497e+00
279	5.049812e-01	5.280030e-01	2.305325e+00
281	4.677866e-01	5.001566e-01	2.689301e+00
282	4.088005e-01	5.233085e-01	1.346849e+00
283	4.023132e-01	4.390849e-01	2.447973e+00
284	5.122056e-01	4.445827e-01	1.591109e+00
285	6.077506e-01	6.129758e-01	1.931119e+00
287	4.519186e-01	4.360239e-01	2.687347e+00
288	4.681229e-01	5.633281e-01	2.787982e+00
289	5.022953e-01	4.533660e-01	1.510015e+00
291	5.205930e-01	5.097669e-01	2.193942e+00
292	4.997889e-01	4.861785e-01	2.918906e+00
293	5.895239e-01	5.917693e-01	1.734734e+00
294	8.400665e-01	9.008729e-01	1.119199e+00
295	5.520594e-01	6.655076e-01	1.631168e+00
296	4.279076e-01	4.895369e-01	1.258915e+00
297	4.665450e-01	4.496864e-01	2.458720e+00
298	3.971549e-01	6.034312e-01	2.134343e+00
299	4.915601e-01	5.403616e-01	2.662921e+00
300	4.544523e-01	4.533116e-01	2.924768e+00
301	5.346394e-01	5.283749e-01	2.983390e+00
302	4.027769e-01	3.637010e-01	2.305325e+00
303	4.058960e-01	2.812981e-01	2.763556e+00
304	4.143885e-01	3.595328e-01	2.374695e+00
305	4.687703e-01	4.959663e-01	1.703468e+00
306	3.806872e-01	7.113602e-01	1.246214e+00
308	5.529383e-01	7.329595e-01	2.925745e+00
309	4.725681e-01	4.291060e-01	1.857841e+00
310	4.782021e-01	4.678741e-01	2.601368e+00
311	4.949596e-01	4.770948e-01	2.413776e+00
312	5.059871e-01	4.813755e-01	2.569126e+00
314	4.903980e-01	3.888747e-01	1.865657e+00
315	6.205139e-01	4.587101e-01	1.048852e+00
316	4.722746e-01	5.147252e-01	2.574988e+00
317	4.403232e-01	4.830407e-01	1.598925e+00
318	5.222424e-01	4.769133e-01	2.264289e+00
319	6.057158e-01	4.726457e-01	1.176844e+00
320	6.247276e-01	3.877808e-01	1.061553e+00
322	5.584580e-01	4.960158e-01	2.526136e+00
324	4.638332e-01	4.210266e-01	1.928188e+00
325	4.631987e-01	4.371517e-01	2.006351e+00
326	4.078754e-01	5.217675e-01	1.041036e+00
327	5.255170e-01	3.985880e-01	1.793356e+00
329	4.323637e-01	4.228039e-01	1.860772e+00
330	4.481451e-01	5.466448e-01	1.389839e+00
331	4.317912e-01	4.376210e-01	1.052760e+00
332	4.329699e-01	4.225477e-01	1.156326e+00
334	4.766087e-01	4.564492e-01	1.981925e+00
335	2.339965e-01	2.746932e-01	2.256473e+00
336	4.728155e-01	5.221797e-01	2.368832e+00
337	5.568856e-01	4.870546e-01	2.024915e+00
339	1.966369e-01	2.414708e-01	1.266732e+00
340	5.704824e-01	6.493972e-01	1.348803e+00
341	8.209822e-01	9.635658e-01	2.472399e+00
342	4.895445e-01	4.371650e-01	2.288715e+00
344	5.138131e-01	5.496430e-01	2.745970e+00
345	4.911225e-01	4.669614e-01	2.490962e+00
346	2.823614e-01	4.271815e-01	2.515388e+00
347	5.729240e-01	8.990678e-01	1.545188e+00
348	4.726421e-01	4.983371e-01	2.662921e+00
349	5.233341e-01	5.711287e-01	2.264289e+00
350	6.159294e-01	5.733403e-01	2.905227e+00
351	4.782945e-01	4.735263e-01	1.058622e+00
353	4.247335e-01	5.822377e-01	2.152907e+00
354	3.727447e-01	3.526787e-01	2.784074e+00
355	5.138610e-01	5.069688e-01	2.445042e+00
356	6.021740e-02	1.841418e-01	2.852467e+00
357	6.027426e-01	5.830451e-01	2.070835e+00
358	3.924451e-01	7.145944e-01	1.406448e+00
359	3.247475e-01	7.693492e-01	1.751343e+00
360	5.510258e-01	4.565045e-01	2.077675e+00
361	6.342212e-01	6.711059e-01	1.601856e+00
362	1.072594e-01	3.709554e-01	2.012213e+00
364	4.551434e-01	3.909148e-01	2.048363e+00
365	8.977771e-01	8.970744e-01	2.781143e+00
366	4.723035e-01	5.264179e-01	2.779189e+00
367	4.337061e-01	2.973521e-01	2.617978e+00
369	4.261069e-01	5.422302e-01	1.698583e+00
371	1.502836e-01	5.260282e-01	1.948705e+00
372	6.002950e-01	6.188326e-01	1.416219e+00
373	3.028920e-01	4.082524e-01	1.745481e+00
375	5.551290e-01	4.705246e-01	2.291646e+00
376	1.134576e-01	5.290376e-01	1.868588e+00
377	4.395153e-01	3.984118e-01	2.511480e+00
378	4.965151e-01	5.132174e-01	2.596483e+00
379	5.002384e-01	5.720393e-01	2.855398e+00
381	4.967647e-01	5.501443e-01	1.312653e+00
382	4.822244e-01	5.138010e-01	1.787494e+00
383	4.734959e-01	5.452749e-01	2.252565e+00
384	5.808020e-01	6.130678e-01	1.978017e+00
385	5.264618e-01	5.518697e-01	2.965804e+00
386	5.055373e-01	5.524708e-01	2.221299e+00
387	3.182915e-01	5.676325e-01	1.701514e+00
388	4.334024e-01	5.463875e-01	1.135809e+00
389	4.949742e-01	5.181961e-01	2.997069e+00
390	3.962156e-01	3.418449e-01	2.470445e+00
391	5.550566e-01	5.904142e-01	2.362970e+00
392	5.082347e-01	5.050311e-01	2.553493e+00
393	4.888139e-01	4.814069e-01	1.347826e+00
394	2.766893e-01	7.922868e-02	2.896434e+00
395	4.674198e-01	5.526560e-01	1.857841e+00
396	5.522060e-01	5.846220e-01	1.669272e+00
397	5.001731e-01	4.821117e-01	1.726917e+00
398	3.697709e-01	4.737035e-01	2.604299e+00
399	4.839879e-01	4.459297e-01	2.089399e+00
400	4.143993e-01	4.430911e-01	1.552027e+00
401	4.276257e-01	5.174529e-01	1.769907e+00
402	5.267098e-01	5.668835e-01	1.382022e+00
403	4.459568e-01	3.506578e-01	2.510503e+00
404	5.143189e-01	4.751852e-01	1.640938e+00
405	4.567042e-01	4.424588e-01	2.933561e+00
406	5.202374e-01	6.117642e-01	1.033219e+00
407	4.996321e-01	6.125615e-01	1.408403e+00
408	4.319092e-01	5.206180e-01	2.767465e+00
409	4.973305e-01	5.260864e-01	1.526624e+00
410	5.105326e-01	5.871436e-01	1.456277e+00
411	5.109254e-01	4.722531e-01	1.054714e+00
412	5.685106e-01	5.510924e-01	2.601368e+00
413	4.893781e-01	3.915580e-01	2.193942e+00
414	7.459265e-01	3.269464e-01	2.321935e+00
415	4.277287e-01	5.451348e-01	1.564729e+00
416	5.093683e-01	4.271643e-01	1.679043e+00
417	5.149235e-01	1.892893e-01	2.034685e+00
418	4.636634e-01	4.444684e-01	2.564240e+00
419	6.408678e-01	6.846734e-01	2.311187e+00
420	5.891027e-01	5.040051e-01	1.297997e+00
421	4.249031e-01	5.174830e-01	2.873962e+00
422	5.831834e-01	4.919257e-01	2.202736e+00
423	4.827672e-01	4.533695e-01	2.653151e+00
425	7.147579e-01	5.612002e-01	2.461651e+00
426	4.978737e-01	4.452124e-01	1.679043e+00
427	3.115942e-01	4.965743e-01	2.991207e+00
428	4.123340e-01	4.341557e-01	2.857352e+00
429	3.798624e-01	6.406497e-01	1.913532e+00
430	4.206344e-01	5.521650e-01	1.216903e+00
431	5.877562e-01	8.272707e-01	1.214949e+00
433	4.654060e-01	6.841957e-01	1.005862e+00
434	4.891885e-01	4.734718e-01	2.227162e+00
435	5.147657e-01	4.296387e-01	1.723009e+00
436	8.320964e-01	1.237641e-01	1.113337e+00
437	5.956478e-01	3.005099e-01	1.491451e+00
438	3.954634e-01	5.609307e-01	1.692721e+00
439	6.026226e-01	6.084525e-01	1.154372e+00
440	5.539775e-01	5.768567e-01	1.851001e+00
441	4.838070e-01	5.220806e-01	2.418661e+00
442	5.012537e-01	4.139081e-01	1.874450e+00
443	5.147177e-01	5.219949e-01	1.591109e+00
444	6.082646e-01	5.821771e-01	2.199805e+00
445	2.104459e-01	3.832326e-01	2.208598e+00
446	4.861466e-01	4.852108e-01	1.322423e+00
447	4.331005e-01	5.298997e-01	2.361016e+00
450	5.925039e-01	5.170178e-01	1.815828e+00
451	4.733785e-01	4.225382e-01	1.328285e+00
452	8.908363e-01	3.719035e-02	2.272106e+00
454	5.484244e-01	5.173413e-01	1.883244e+00
455	8.689854e-01	7.679833e-01	1.599902e+00
457	4.334294e-01	2.730842e-01	2.343429e+00
459	5.229230e-01	5.747161e-01	1.835369e+00
461	5.850696e-01	4.044007e-01	1.065462e+00
462	3.890963e-02	7.934849e-01	1.698583e+00
463	5.268135e-01	6.059066e-01	2.761602e+00
465	4.714699e-01	6.668186e-01	1.961407e+00
466	5.273582e-01	6.105290e-01	2.449927e+00
467	5.340149e-01	6.024759e-01	2.669761e+00
469	3.666615e-01	5.384521e-01	2.597460e+00
470	4.899758e-01	4.646557e-01	2.960918e+00
471	9.019936e-01	7.588495e-01	1.451392e+00
472	4.782946e-01	4.532861e-01	1.655594e+00
473	4.809393e-01	3.670440e-01	2.572057e+00
475	5.132366e-01	6.357059e-01	1.234489e+00
476	5.241176e-01	5.048562e-01	1.607719e+00
477	4.723261e-01	5.287790e-01	2.643381e+00
479	5.500290e-01	1.595613e-01	1.233512e+00
481	6.652425e-01	5.253646e-01	2.058134e+00
482	6.792007e-01	1.210133e-01	2.221299e+00
483	3.191754e-01	2.649352e-01	1.083048e+00
484	6.393655e-01	5.297686e-01	2.453835e+00
485	5.745502e-01	2.391536e-01	2.829018e+00
486	4.967165e-01	4.033936e-01	2.169516e+00
487	5.871592e-01	2.354928e-01	2.371764e+00
488	2.367659e-01	4.977935e-01	1.634099e+00
489	5.253306e-01	6.697536e-01	1.314607e+00
490	4.477828e-01	2.763943e-01	2.292623e+00
491	6.793491e-01	6.655272e-01	1.759160e+00
493	4.259727e-01	4.026427e-01	2.942355e+00
494	4.532113e-01	2.833887e-01	1.358574e+00
498	3.992757e-01	5.099055e-03	2.251588e+00
499	5.411535e-01	4.628357e-01	1.474841e+00
501	3.862870e-01	5.711447e-01	2.850513e+00
502	3.647964e-01	5.490394e-01	2.543723e+00
505	4.746492e-01	5.637710e-01	1.170005e+00
506	4.401322e-01	6.154441e-01	2.011236e+00
507	4.739604e-01	5.251991e-01	2.982413e+00
508	7.247162e-02	4.897321e-01	1.578407e+00
509	2.981271e-01	5.763458e-01	2.904250e+00
511	4.782840e-01	4.743186e-01	2.948217e+00
512	6.111355e-01	6.727996e-01	1.856864e+00
514	4.986580e-01	4.724049e-01	1.780655e+00
515	5.397508e-01	4.650850e-01	1.223742e+00
516	5.073939e-01	4.729276e-01	2.928676e+00
517	5.887350e-01	5.199491e-01	1.055691e+00
518	5.052410e-01	4.744295e-01	2.823156e+00
519	5.463797e-01	5.032985e-01	2.886663e+00
521	4.905533e-01	5.170165e-01	1.391793e+00
522	3.929950e-01	7.267134e-01	1.467025e+00
523	5.193595e-01	5.050291e-01	1.512946e+00
524	2.876430e-01	3.920452e-01	1.960430e+00
525	2.771603e-01	3.941474e-01	2.254519e+00
526	5.258877e-01	4.933435e-01	2.899365e+00
527	6.778717e-01	1.420835e-01	2.728383e+00
528	3.896620e-01	5.470108e-01	1.247191e+00
529	5.784248e-01	5.018798e-01	1.802149e+00
531	3.929870e-01	5.617155e-01	1.663410e+00
532	6.358747e-01	4.244677e-01	2.556424e+00
533	2.964974e-01	3.982870e-01	2.947240e+00
534	4.015169e-01	5.920938e-01	2.475330e+00
535	8.982362e-01	2.625426e-01	1.237421e+00
536	4.258730e-01	5.997875e-01	2.923791e+00
537	6.867542e-01	5.000187e-01	2.906204e+00
538	6.077269e-01	4.192176e-01	2.668784e+00
539	5.728421e-01	5.022117e-01	2.476307e+00
540	3.908775e-01	4.598451e-01	2.065950e+00
541	5.194486e-01	4.897172e-01	1.983879e+00
543	8.120834e-02	2.524984e-01	2.643381e+00
544	4.744484e-01	6.206837e-01	1.637030e+00
545	6.856131e-01	4.926610e-01	1.338056e+00
546	5.127721e-01	5.818312e-01	2.406937e+00
547	5.177544e-01	3.878680e-01	1.422081e+00
548	4.800556e-01	6.615193e-01	2.956033e+00
549	5.173828e-01	5.175129e-01	2.601368e+00
550	6.645452e-01	5.383816e-01	1.846116e+00
551	4.824111e-01	4.983315e-01	1.264778e+00
552	4.722391e-01	6.812006e-01	1.119199e+00
553	5.990725e-01	4.411308e-01	1.956522e+00
554	5.491057e-01	3.019116e-01	2.971666e+00
555	4.832650e-01	5.165344e-01	2.149976e+00
556	5.291177e-01	5.295782e-01	1.574499e+00
557	4.975082e-01	6.845177e-01	1.775769e+00
558	4.761445e-01	4.924327e-01	1.542257e+00
559	4.874816e-01	6.732028e-01	2.984367e+00
560	4.134915e-01	3.139031e-02	2.563263e+00
562	3.908400e-01	8.552029e-01	1.577430e+00
564	7.204022e-01	2.012927e-01	1.125061e+00
565	4.175070e-01	4.805090e-01	2.955056e+00
566	3.937409e-01	5.142273e-01	2.865169e+00
567	5.538123e-01	4.321181e-01	1.672203e+00
568	4.052239e-01	3.667242e-01	1.198339e+00
569	5.252392e-01	1.596793e-01	2.513434e+00
570	3.998816e-01	7.242150e-01	1.853933e+00
571	4.298269e-01	4.559212e-01	2.858329e+00
572	5.820719e-01	4.492302e-01	1.574499e+00
573	4.112996e-01	5.824108e-01	1.432829e+00
574	4.848636e-01	5.326220e-01	1.500244e+00
576	5.494516e-01	1.794827e-01	1.323400e+00
578	4.568880e-01	5.379245e-01	2.147044e+00
579	4.540142e-01	5.005439e-01	2.698095e+00
580	5.468928e-01	4.028339e-02	2.203713e+00
581	5.121010e-01	4.707097e-01	1.364436e+00
582	5.096131e-01	4.167329e-01	2.076698e+00
583	6.643119e-01	1.673247e-01	2.011236e+00
586	4.431863e-01	2.334418e-01	1.215926e+00
587	4.807627e-01	4.750759e-01	2.299463e+00
588	5.228279e-01	5.657846e-01	1.683928e+00
589	4.995944e-01	5.121440e-01	2.081583e+00
590	5.316848e-01	5.913141e-01	2.350269e+00
592	4.091977e-01	7.844570e-01	2.728383e+00
593	4.682281e-01	5.495518e-01	1.194431e+00
594	2.513844e-01	1.955617e-01	2.515388e+00
597	3.807157e-01	6.575418e-01	1.865657e+00
599	4.809163e-01	3.432596e-01	1.802149e+00
600	5.672973e-01	4.662621e-01	1.367367e+00
601	5.121411e-01	1.220289e-01	1.148510e+00
604	6.458012e-01	6.349074e-02	1.613581e+00
605	4.459779e-01	2.314129e-01	2.427455e+00
606	5.289111e-01	5.077848e-01	2.196873e+00
607	5.182415e-01	9.395016e-01	1.355642e+00
608	5.425313e-01	6.097162e-01	2.386419e+00
609	4.880501e-01	5.451342e-01	1.294089e+00
610	4.222843e-01	4.162879e-01	1.687836e+00
611	5.196226e-01	3.806777e-01	1.146556e+00
613	7.571160e-01	5.513593e-01	1.597948e+00
614	4.534131e-01	4.057250e-01	2.412799e+00
617	5.013906e-01	6.401309e-01	1.227650e+00
618	4.423743e-01	6.009154e-01	2.522228e+00
619	3.646426e-01	4.703387e-01	1.437714e+00
620	3.923624e-01	4.792439e-01	1.523693e+00
621	4.920667e-01	4.008379e-01	1.221788e+00
622	3.096420e-01	4.784542e-01	1.652662e+00
623	4.710640e-01	4.862301e-01	1.269663e+00
624	4.694027e-01	4.542415e-01	2.967758e+00
626	5.317166e-01	5.022367e-01	2.546654e+00
627	7.845149e-01	6.006955e-01	1.818759e+00
628	5.289164e-01	5.297261e-01	1.919394e+00
629	7.618084e-01	5.774754e-01	2.563263e+00
630	3.694449e-01	4.991434e-01	1.451392e+00
631	5.868612e-01	5.250255e-01	1.718124e+00
632	4.546905e-01	4.244265e-01	1.207132e+00
633	4.853670e-01	5.145680e-01	1.236444e+00
634	5.667262e-01	5.758638e-01	2.622863e+00
635	5.008405e-01	5.514138e-01	2.549585e+00
636	4.682505e-01	4.565069e-01	2.966781e+00
639	6.650032e-01	7.022554e-01	2.395213e+00
642	4.164362e-01	5.916962e-01	1.534441e+00
643	6.639375e-01	2.065582e-01	1.550073e+00
644	3.942718e-01	5.455244e-01	1.610650e+00
645	3.974951e-01	3.283888e-01	1.612604e+00
646	4.885415e-01	4.686259e-01	1.086957e+00
648	5.709886e-01	6.689948e-01	2.282853e+00
649	2.806622e-01	4.283333e-01	1.573522e+00
650	4.495479e-01	5.206254e-01	2.497802e+00
652	4.654338e-01	4.936815e-01	1.752320e+00
653	6.608570e-01	7.042792e-01	1.589155e+00
655	5.181623e-01	4.695739e-01	1.209086e+00
656	5.599063e-01	4.545783e-01	2.755740e+00
657	3.586110e-01	4.625312e-01	1.499267e+00
658	4.664879e-01	4.755959e-01	1.014656e+00
659	5.281509e-01	3.796775e-01	2.891549e+00
660	5.188417e-01	4.673168e-01	2.478261e+00
661	7.040483e-01	7.453659e-01	1.898876e+00
662	4.697874e-01	4.663073e-01	1.188569e+00
663	4.583691e-01	4.693068e-01	2.785051e+00
664	4.952592e-01	3.716419e-01	2.945286e+00
665	4.158261e-01	3.991349e-01	2.458720e+00
666	5.072182e-01	6.497688e-01	2.673669e+00
667	3.766131e-01	4.887988e-01	1.399609e+00
668	4.331791e-01	6.074261e-01	2.604299e+00
669	4.711693e-01	4.654272e-01	1.529555e+00
670	4.591574e-01	5.431386e-01	2.823156e+00
671	6.414218e-01	4.378156e-01	2.826087e+00
672	5.191756e-01	5.283259e-01	2.844651e+00
673	4.115220e-01	4.656191e-01	2.290669e+00
674	8.604527e-01	2.531533e-01	2.188080e+00
675	4.620072e-01	4.602745e-01	2.570103e+00
676	4.632263e-01	4.600157e-01	2.396190e+00
677	2.710487e-01	5.357038e-01	1.318515e+00
679	5.132587e-01	4.448234e-01	2.605276e+00
680	2.662353e-01	6.198025e-01	2.683439e+00
681	5.905056e-01	3.901368e-01	1.587201e+00
682	4.048250e-01	6.638211e-01	1.375183e+00
683	5.232234e-01	4.000274e-01	2.298486e+00
684	3.614644e-01	5.223157e-01	1.285296e+00
685	4.790801e-01	5.627991e-01	2.983390e+00
686	4.362158e-01	2.983488e-01	1.195408e+00
688	4.804947e-01	5.184696e-01	2.414753e+00
689	3.398710e-01	3.457149e-01	1.843185e+00
690	5.324458e-01	4.594379e-01	2.396190e+00
691	7.099728e-01	1.743160e-02	1.656571e+00
692	5.578468e-01	5.461596e-01	3.000000e+00
693	4.699762e-01	4.551134e-01	2.728383e+00
694	6.487458e-01	5.835986e-01	1.133854e+00
696	5.226678e-01	5.373907e-01	1.944797e+00
697	6.406082e-01	5.336401e-01	2.883732e+00
698	4.523191e-01	7.681296e-01	2.383488e+00
699	3.867545e-01	4.993851e-01	2.506595e+00
700	4.816415e-01	5.033489e-01	1.786517e+00
701	5.625214e-01	5.980756e-01	2.893503e+00
702	4.378044e-01	4.195015e-01	2.981436e+00
703	6.341963e-01	4.911240e-01	2.663898e+00
704	4.053344e-01	4.669002e-01	2.227162e+00
705	4.965625e-01	5.364463e-01	1.527601e+00
706	4.355234e-01	4.137722e-01	2.610161e+00
707	6.618356e-01	5.762570e-01	1.058622e+00
708	4.586683e-01	4.652027e-01	2.782120e+00
710	4.811059e-01	3.570143e-01	1.518808e+00
712	4.862855e-01	4.606193e-01	2.109917e+00
714	4.716633e-01	4.660169e-01	2.074744e+00
715	4.830904e-01	4.629327e-01	2.319003e+00
716	4.832193e-01	6.445711e-01	1.290181e+00
717	4.907009e-01	4.762751e-01	1.286273e+00
718	5.069053e-01	6.060640e-01	1.881290e+00
719	4.802092e-01	5.454402e-01	1.664387e+00
720	3.784398e-01	4.602460e-01	1.242306e+00
721	7.989056e-01	5.641136e-01	1.927211e+00
722	4.369869e-01	4.243842e-01	2.820225e+00
723	6.191716e-01	6.068046e-01	2.792868e+00
724	3.879143e-01	4.619254e-01	1.201270e+00
725	4.718570e-01	5.042202e-01	1.898876e+00
727	4.616802e-01	4.456482e-01	1.782609e+00
729	4.676029e-01	4.835347e-01	1.561798e+00
730	4.873057e-01	4.914325e-01	2.282853e+00
731	4.710967e-01	4.481461e-01	2.210552e+00
732	4.340013e-01	5.786963e-01	1.020518e+00
733	5.288307e-01	5.528846e-01	1.784563e+00
735	4.922335e-01	5.005908e-01	1.275525e+00
736	4.806253e-01	4.883909e-01	1.212995e+00
737	6.797142e-01	4.704254e-01	2.964827e+00
738	5.042501e-01	5.599008e-01	2.079629e+00
740	7.097719e-01	5.468801e-01	1.187592e+00
741	4.976845e-01	5.221489e-01	1.258915e+00
744	4.699755e-01	4.725341e-01	1.999511e+00
745	4.833351e-01	5.496195e-01	1.264778e+00
746	4.691510e-01	4.554761e-01	1.110405e+00
747	5.736401e-01	3.558719e-01	1.107474e+00
749	3.408357e-01	4.314185e-01	1.070347e+00
751	4.965527e-01	5.437869e-01	2.400098e+00
752	4.853700e-01	6.153275e-01	2.871031e+00
753	4.908734e-01	5.390925e-01	2.739130e+00
755	3.791976e-01	5.207847e-01	2.061065e+00
761	2.648611e-01	5.151599e-01	1.073278e+00
763	4.266316e-01	5.582445e-01	2.799707e+00
766	4.498648e-02	5.677801e-01	2.775281e+00
768	4.579335e-01	5.929599e-01	2.010259e+00
770	4.845636e-01	5.767559e-01	1.700537e+00
771	5.006457e-01	4.687816e-01	1.339033e+00
772	6.623559e-01	5.111078e-01	2.227162e+00
773	7.060632e-01	5.844856e-01	2.482169e+00
774	3.141207e-01	5.263364e-01	2.958964e+00
775	4.543802e-01	4.939160e-01	1.443576e+00
776	4.759276e-01	4.093099e-01	2.381534e+00
777	6.244756e-01	3.660964e-01	1.971177e+00
778	4.817314e-01	5.354882e-01	2.960918e+00
779	2.613775e-01	9.912491e-02	1.812897e+00
781	2.159022e-01	5.349137e-01	1.170982e+00
782	4.854018e-01	6.618057e-01	1.277479e+00
785	4.205724e-01	3.979961e-01	1.176844e+00
786	6.940956e-01	6.077214e-01	1.636053e+00
787	7.494603e-01	9.948435e-01	1.790425e+00
788	4.888124e-01	4.515162e-01	2.336590e+00
789	5.010690e-01	4.319255e-01	1.343918e+00
790	4.544129e-01	5.105198e-01	1.905716e+00
791	4.503707e-01	5.059280e-01	1.784563e+00
792	7.998422e-02	7.849247e-01	2.622863e+00
793	4.510762e-01	6.253352e-01	2.063996e+00
794	4.612566e-01	5.148335e-01	2.497802e+00
795	5.257709e-01	4.661180e-01	2.870054e+00
796	8.269772e-02	4.541838e-01	2.862237e+00
797	1.283826e-01	4.311700e-01	2.981436e+00
799	4.745932e-01	4.823230e-01	1.729849e+00
800	4.729238e-01	4.816652e-01	2.290669e+00
801	5.003760e-01	5.078253e-01	2.841720e+00
802	5.026362e-01	5.238894e-01	2.195896e+00
803	3.775562e-01	4.857431e-01	1.601856e+00
804	5.331830e-01	6.019339e-01	2.449927e+00
805	4.398375e-01	4.999028e-01	1.462140e+00
806	4.991113e-01	5.181583e-01	2.041524e+00
808	4.902417e-01	5.155651e-01	2.061065e+00
809	4.309147e-01	2.997052e-01	2.130435e+00
810	1.119573e-01	7.149877e-01	2.205667e+00
811	4.897848e-01	4.580647e-01	2.184172e+00
812	5.591138e-01	5.109824e-01	2.747924e+00
814	4.037084e-01	5.542675e-01	2.909135e+00
815	4.731557e-01	5.081282e-01	2.777235e+00
816	4.502408e-01	4.529968e-01	1.295066e+00
817	4.469089e-01	4.801766e-01	1.050806e+00
818	4.660551e-01	5.040272e-01	1.191500e+00
819	4.448825e-01	4.883428e-01	1.198339e+00
820	4.272778e-01	4.797116e-01	2.656082e+00
822	4.777001e-01	2.412940e-01	1.692721e+00
823	1.301548e-01	7.028848e-01	2.330728e+00
825	4.421109e-01	4.595774e-01	1.906693e+00
826	4.568675e-01	4.415131e-01	2.192965e+00
827	3.406024e-01	5.814572e-01	1.200293e+00
829	5.932111e-01	5.238286e-01	2.361016e+00
830	4.679254e-01	5.688712e-01	2.080606e+00
831	5.147467e-01	4.815148e-01	1.074255e+00
833	5.264717e-01	4.943874e-01	2.017098e+00
834	3.215833e-01	8.362835e-01	2.191011e+00
835	2.942911e-01	4.013689e-01	1.667318e+00
836	4.682166e-01	5.713956e-01	2.229116e+00
837	8.261979e-01	6.946738e-01	1.188569e+00
838	6.238231e-01	5.377568e-01	2.714704e+00
839	5.119875e-01	4.974065e-01	1.979971e+00
840	3.944698e-01	5.405646e-01	2.954079e+00
842	5.350479e-01	5.304978e-02	1.803127e+00
843	4.763632e-01	4.696447e-01	1.039082e+00
844	7.336609e-01	5.926022e-01	1.893014e+00
845	3.898947e-01	4.108168e-01	1.778701e+00
847	2.073784e-01	5.460027e-01	1.807035e+00
848	4.861323e-01	4.761694e-01	1.102589e+00
849	5.012854e-01	5.667324e-01	1.879336e+00
850	4.551787e-01	5.275734e-01	1.984856e+00
851	4.981991e-01	4.973852e-01	2.238886e+00
852	5.128365e-01	4.965087e-01	2.868100e+00
854	4.797203e-01	5.146393e-01	2.748901e+00
855	5.923805e-01	3.598967e-01	1.578407e+00
857	5.377940e-01	5.680142e-01	1.621397e+00
858	5.063815e-01	5.408762e-01	2.657059e+00
859	4.104071e-01	3.999600e-01	2.404983e+00
860	5.489827e-01	5.025332e-01	2.272106e+00
861	5.363195e-01	5.116141e-01	1.463117e+00
862	4.200222e-01	5.115046e-01	2.316072e+00
863	4.840251e-01	5.492517e-01	2.334636e+00
864	4.455944e-01	5.931910e-01	1.365413e+00
865	4.389749e-01	4.990193e-01	2.105032e+00
866	5.328176e-01	3.351572e-01	1.339033e+00
867	5.089791e-01	5.013628e-01	2.932584e+00
869	5.184912e-01	4.819336e-01	2.378603e+00
870	4.949057e-01	4.864164e-01	1.833415e+00
871	5.738025e-01	5.443112e-01	1.663410e+00
872	4.917452e-01	5.143973e-01	2.251588e+00
873	6.689688e-01	4.363464e-01	1.766976e+00
874	4.827203e-01	7.232942e-01	1.575476e+00
875	3.236468e-01	6.485515e-01	2.771373e+00
876	1.591222e-01	1.145979e-01	1.482658e+00
878	5.223282e-01	5.048689e-01	2.787005e+00
879	4.949398e-01	5.560132e-01	1.959453e+00
880	4.290836e-01	4.502717e-01	2.187103e+00
881	4.550293e-01	4.064533e-01	2.430386e+00
882	3.900010e-01	8.553206e-01	2.679531e+00
883	4.814453e-01	5.429173e-01	2.191988e+00
884	3.901722e-01	8.652834e-01	2.945286e+00
887	3.732499e-01	4.666525e-01	2.793845e+00
889	4.717582e-01	5.981881e-01	2.132389e+00
890	4.668152e-01	6.447583e-01	1.627259e+00
891	4.550659e-01	5.269172e-01	1.623351e+00
892	4.859166e-01	5.395573e-01	2.772350e+00
893	4.590822e-01	5.142283e-01	1.552027e+00
895	2.552019e-01	3.718015e-01	1.180752e+00
896	5.100362e-01	4.611266e-01	1.632145e+00
897	1.410978e-01	4.020694e-01	1.680997e+00
898	1.870198e-01	3.850160e-01	2.828041e+00
899	8.225798e-01	4.202006e-01	1.703468e+00
900	5.361844e-01	5.612739e-01	1.471910e+00
901	5.071919e-01	4.581832e-01	2.368832e+00
903	5.226593e-01	5.344284e-01	1.961407e+00
904	5.047261e-01	5.255888e-01	1.756229e+00
905	5.084267e-01	5.517824e-01	2.987298e+00
906	5.299671e-01	5.307446e-01	2.332682e+00
907	2.732982e-01	7.124689e-01	1.097704e+00
908	4.926578e-01	4.891106e-01	1.954568e+00
909	5.232915e-01	5.388863e-01	1.704446e+00
912	4.958969e-01	5.084364e-01	1.853933e+00
913	3.945142e-01	8.689574e-01	2.829995e+00
915	4.730050e-01	6.265518e-01	2.232047e+00
917	4.628186e-01	5.094017e-01	2.587689e+00
918	3.604371e-01	5.944348e-01	2.698095e+00
919	3.809339e-01	4.145789e-01	1.896922e+00
920	5.457590e-01	5.685820e-01	1.212995e+00
921	3.296883e-01	2.951466e-01	1.502198e+00
922	4.923773e-01	4.989441e-01	2.614069e+00
923	4.894801e-01	7.108863e-01	2.880801e+00
924	4.213323e-01	4.746296e-01	1.956522e+00
925	3.962877e-01	8.701504e-01	2.745970e+00
926	5.171768e-01	4.897673e-01	1.179775e+00
929	5.173314e-01	4.260696e-01	1.935027e+00
930	4.903064e-01	4.920872e-01	1.975085e+00
931	4.636943e-01	4.580682e-01	1.067416e+00
932	5.561808e-01	4.258350e-01	2.024915e+00
933	4.772800e-01	7.266599e-01	2.810454e+00
934	6.571694e-01	3.978806e-01	2.428432e+00
935	5.104980e-01	4.808514e-01	1.957499e+00
936	6.276465e-01	5.694069e-01	2.306302e+00
937	4.923677e-01	5.014049e-01	2.557401e+00
938	5.040668e-01	4.985855e-01	1.243283e+00
939	4.496362e-01	5.711956e-01	2.429409e+00
940	4.040935e-01	5.451168e-01	2.523205e+00
941	5.086200e-01	6.440048e-01	2.842697e+00
942	4.969947e-01	5.293965e-01	2.247680e+00
943	4.860208e-01	5.745713e-01	2.000489e+00
944	4.717871e-01	5.715954e-01	2.446019e+00
945	4.975690e-01	5.389371e-01	2.360039e+00
946	5.178099e-01	4.730683e-01	2.567171e+00
947	4.564383e-01	5.280271e-01	2.415730e+00
948	4.332103e-01	5.329980e-01	1.989741e+00
954	4.977058e-01	4.542124e-01	2.908158e+00
955	2.208948e-01	6.462835e-01	2.731314e+00
956	4.929286e-01	5.042860e-01	2.544700e+00
958	5.025600e-01	5.105068e-01	2.890572e+00
959	5.047602e-01	5.106918e-01	1.654617e+00
960	4.755730e-01	5.085612e-01	1.008793e+00
962	4.628401e-01	3.624419e-01	1.260870e+00
963	5.659866e-01	5.715917e-01	1.347826e+00
964	4.853310e-01	5.344965e-01	1.325354e+00
965	4.857294e-01	5.459546e-01	1.420127e+00
966	8.410394e-01	7.494411e-01	2.845628e+00
967	5.023339e-01	5.156542e-01	1.853933e+00
970	4.913327e-01	5.050850e-01	1.303859e+00
972	4.878993e-01	4.072820e-01	1.294089e+00
973	2.461890e-01	6.873202e-01	1.675134e+00
974	5.003360e-01	4.281551e-01	2.417684e+00
975	4.544078e-01	4.644245e-01	2.053249e+00
976	4.743033e-01	5.508016e-01	1.276502e+00
978	4.754841e-01	7.307456e-01	2.779189e+00
979	4.985444e-01	3.450872e-01	1.984856e+00
980	1.656875e-01	4.725251e-01	2.295554e+00
981	4.563909e-01	4.688581e-01	1.652662e+00
982	4.882997e-01	4.640187e-01	2.464582e+00
983	4.906787e-01	5.092507e-01	1.763068e+00
984	5.313908e-01	9.453858e-01	2.508549e+00
985	4.660125e-01	5.019749e-01	2.026869e+00
987	5.688868e-01	3.517793e-01	1.160234e+00
988	3.689319e-01	6.541031e-01	2.302394e+00
992	4.118112e-01	4.615140e-01	1.384954e+00
993	4.492204e-01	4.982113e-01	2.598437e+00
994	3.809914e-01	3.400344e-01	2.130435e+00
995	4.601671e-01	5.514839e-01	1.690767e+00
997	5.080145e-01	5.438629e-01	1.940889e+00
999	4.475393e-01	5.092107e-01	2.099170e+00
999	4.475393e-01	5.092107e-01	2.099170e+00
999	4.475393e-01	5.092107e-01	2.099170e+00
999	4.475393e-01	5.092107e-01	2.099170e+00
999	4.475393e-01	5.092107e-01	2.099170e+00
999	4.475393e-01	5.092107e-01	2.099170e+00
999	4.475393e-01	5.092107e-01	2.099170e+00
999	4.475393e-01	5.092107e-01	2.099170e+00
999	4.475393e-01	5.092107e-01	2.099170e+00
999	4.475393e-01	5.092107e-01	2.099170e+00
999	4.475393e-01	5.092107e-01	2.099170e+00
999	4.475393e-01	5.092107e-01	2.099170e+00
999	4.475393e-01	5.092107e-01	2.099170e+00
999	4.475393e-01	5.092107e-01	2.099170e+00
999	4.475393e-01	5.092107e-01	2.099170e+00
999	4.475393e-01	5.092107e-01	2.099170e+00
999	4.475393e-01	5.092107e-01	2.099170e+00
999	4.475393e-01	5.092107e-01	2.099170e+00
999	4.475393e-01	5.092107e-01	2.099170e+00
999	4.475393e-01	5.092107e-01	2.099170e+00
999	4.475393e-01	5.092107e-01	2.099170e+00
999	4.475393e-01	5.092107e-01	2.099170e+00
999	4.475393e-01	5.092107e-01	2.099170e+00
999	4.475393e-01	5.092107e-01	2.099170e+00
999	4.475393e-01	5.092107e-01	2.099170e+00
999	4.475393e-01	5.092107e-01	2.099170e+00
999	4.475393e-01	5.092107e-01	2.099170e+00
999	4.475393e-01	5.092107e-01	2.099170e+00
999	4.475393e-01	5.092107e-01	2.099170e+00
999	4.475393e-01	5.092107e-01	2.099170e+00
999	4.475393e-01	5.092107e-01	2.099170e+00
999	4.475393e-01	5.092107e-01	2.099170e+00
999	4.475393e-01	5.092107e-01	2.099170e+00
999	4.475393e-01	5.092107e-01	2.099170e+00
999	4.475393e-01	5.092107e-01	2.099170e+00
999	4.475393e-01	5.092107e-01	2.099170e+00
999	4.475393e-01	5.092107e-01	2.099170e+00
999	4.475393e-01	5.092107e-01	2.099170e+00
999	4.475393e-01	5.092107e-01	2.099170e+00
999	4.475393e-01	5.092107e-01	2.099170e+00
999	4.475393e-01	5.092107e-01	2.099170e+00
999	4.475393e-01	5.092107e-01	2.099170e+00
999	4.475393e-01	5.092107e-01	2.099170e+00
999	4.475393e-01	5.092107e-01	2.099170e+00
999	4.475393e-01	5.092107e-01	2.099170e+00
999	4.475393e-01	5.092107e-01	2.099170e+00
999	4.475393e-01	5.092107e-01	2.099170e+00
999	4.475393e-01	5.092107e-01	2.099170e+00
999	4.475393e-01	5.092107e-01	2.099170e+00
999	4.475393e-01	5.092107e-01	2.099170e+00
999	4.475393e-01	5.092107e-01	2.099170e+00
999	4.475393e-01	5.092107e-01	2.099170e+00
999	4.475393e-01	5.092107e-01	2.099170e+00
999	4.475393e-01	5.092107e-01	2.099170e+00
999	4.475393e-01	5.092107e-01	2.099170e+00
999	4.475393e-01	5.092107e-01	2.099170e+00
999	4.475393e-01	5.092107e-01	2.099170e+00
999	4.475393e-01	5.092107e-01	2.099170e+00
999	4.475393e-01	5.092107e-01	2.099170e+00
999	4.475393e-01	5.092107e-01	2.099170e+00
999	4.475393e-01	5.092107e-01	2.099170e+00
999	4.475393e-01	5.092107e-01	2.099170e+00
999	4.475393e-01	5.092107e-01	2.099170e+00
999	4.475393e-01	5.092107e-01	2.099170e+00
999	4.475393e-01	5.092107e-01	2.099170e+00
999	4.475393e-01	5.092107e-01	2.099170e+00
999	4.475393e-01	5.092107e-01	2.099170e+00
999	4.475393e-01	5.092107e-01	2.099170e+00
999	4.475393e-01	5.092107e-01	2.099170e+00
999	4.475393e-01	5.092107e-01	2.099170e+00
999	4.475393e-01	5.092107e-01	2.099170e+00
999	4.475393e-01	5.092107e-01	2.099170e+00
999	4.475393e-01	5.092107e-01	2.099170e+00
999	4.475393e-01	5.092107e-01	2.099170e+00
999	4.475393e-01	5.092107e-01	2.099170e+00
999	4.475393e-01	5.092107e-01	2.099170e+00
999	4.475393e-01	5.092107e-01	2.099170e+00
999	4.475393e-01	5.092107e-01	2.099170e+00
999	4.475393e-01	5.092107e-01	2.099170e+00
999	4.475393e-01	5.092107e-01	2.099170e+00
999	4.475393e-01	5.092107e-01	2.099170e+00
999	4.475393e-01	5.092107e-01	2.099170e+00
999	4.475393e-01	5.092107e-01	2.099170e+00
999	4.475393e-01	5.092107e-01	2.099170e+00
999	4.475393e-01	5.092107e-01	2.099170e+00
999	4.475393e-01	5.092107e-01	2.099170e+00
999	4.475393e-01	5.092107e-01	2.099170e+00
999	4.475393e-01	5.092107e-01	2.099170e+00
999	4.475393e-01	5.092107e-01	2.099170e+00
999	4.475393e-01	5.092107e-01	2.099170e+00
999	4.475393e-01	5.092107e-01	2.099170e+00
999	4.475393e-01	5.092107e-01	2.099170e+00
999	4.475393e-01	5.092107e-01	2.099170e+00
999	4.475393e-01	5.092107e-01	2.099170e+00
999	4.475393e-01	5.092107e-01	2.099170e+00
999	4.475393e-01	5.092107e-01	2.099170e+00
999	4.475393e-01	5.092107e-01	2.099170e+00
999	4.475393e-01	5.092107e-01	2.099170e+00
999	4.475393e-01	5.092107e-01	2.099170e+00
999	4.475393e-01	5.092107e-01	2.099170e+00
999	4.475393e-01	5.092107e-01	2.099170e+00
999	4.475393e-01	5.092107e-01	2.099170e+00
999	4.475393e-01	5.092107e-01	2.099170e+00
999	4.475393e-01	5.092107e-01	2.099170e+00
999	4.475393e-01	5.092107e-01	2.099170e+00
999	4.475393e-01	5.092107e-01	2.099170e+00
999	4.475393e-01	5.092107e-01	2.099170e+00
999	4.475393e-01	5.092107e-01	2.099170e+00
999	4.475393e-01	5.092107e-01	2.099170e+00
999	4.475393e-01	5.092107e-01	2.099170e+00
999	4.475393e-01	5.092107e-01	2.099170e+00
999	4.475393e-01	5.092107e-01	2.099170e+00
999	4.475393e-01	5.092107e-01	2.099170e+00
999	4.475393e-01	5.092107e-01	2.099170e+00
999	4.475393e-01	5.092107e-01	2.099170e+00
999	4.475393e-01	5.092107e-01	2.099170e+00
999	4.475393e-01	5.092107e-01	2.099170e+00
999	4.475393e-01	5.092107e-01	2.099170e+00
999	4.475393e-01	5.092107e-01	2.099170e+00
999	4.475393e-01	5.092107e-01	2.099170e+00
999	4.475393e-01	5.092107e-01	2.099170e+00
999	4.475393e-01	5.092107e-01	2.099170e+00
999	4.475393e-01	5.092107e-01	2.099170e+00
999	4.475393e-01	5.092107e-01	2.099170e+00
999	4.475393e-01	5.092107e-01	2.099170e+00
999	4.475393e-01	5.092107e-01	2.099170e+00
999	4.475393e-01	5.092107e-01	2.099170e+00
999	4.475393e-01	5.092107e-01	2.099170e+00
999	4.475393e-01	5.092107e-01	2.099170e+00
999	4.475393e-01	5.092107e-01	2.099170e+00
999	4.475393e-01	5.092107e-01	2.099170e+00
999	4.475393e-01	5.092107e-01	2.099170e+00
999	4.475393e-01	5.092107e-01	2.099170e+00
999	4.475393e-01	5.092107e-01	2.099170e+00
999	4.475393e-01	5.092107e-01	2.099170e+00
999	4.475393e-01	5.092107e-01	2.099170e+00
999	4.475393e-01	5.092107e-01	2.099170e+00
999	4.475393e-01	5.092107e-01	2.099170e+00
999	4.475393e-01	5.092107e-01	2.099170e+00
999	4.475393e-01	5.092107e-01	2.099170e+00
999	4.475393e-01	5.092107e-01	2.099170e+00
999	4.475393e-01	5.092107e-01	2.099170e+00
999	4.475393e-01	5.092107e-01	2.099170e+00
999	4.475393e-01	5.092107e-01	2.099170e+00
999	4.475393e-01	5.092107e-01	2.099170e+00
999	4.475393e-01	5.092107e-01	2.099170e+00
999	4.475393e-01	5.092107e-01	2.099170e+00
999	4.475393e-01	5.092107e-01	2.099170e+00
999	4.475393e-01	5.092107e-01	2.099170e+00
999	4.475393e-01	5.092107e-01	2.099170e+00
999	4.475393e-01	5.092107e-01	2.099170e+00
999	4.475393e-01	5.092107e-01	2.099170e+00
999	4.475393e-01	5.092107e-01	2.099170e+00
999	4.475393e-01	5.092107e-01	2.099170e+00
999	4.475393e-01	5.092107e-01	2.099170e+00
999	4.475393e-01	5.092107e-01	2.099170e+00
999	4.475393e-01	5.092107e-01	2.099170e+00
999	4.475393e-01	5.092107e-01	2.099170e+00
999	4.475393e-01	5.092107e-01	2.099170e+00
999	4.475393e-01	5.092107e-01	2.099170e+00
999	4.475393e-01	5.092107e-01	2.099170e+00
999	4.475393e-01	5.092107e-01	2.099170e+00
999	4.475393e-01	5.092107e-01	2.099170e+00
999	4.475393e-01	5.092107e-01	2.099170e+00
999	4.475393e-01	5.092107e-01	2.099170e+00
999	4.475393e-01	5.092107e-01	2.099170e+00
999	4.475393e-01	5.092107e-01	2.099170e+00
999	4.475393e-01	5.092107e-01	2.099170e+00
999	4.475393e-01	5.092107e-01	2.099170e+00
999	4.475393e-01	5.092107e-01	2.099170e+00
999	4.475393e-01	5.092107e-01	2.099170e+00
